<?xml version="1.0" encoding="UTF-8"?>
<testsuite name="Data Rest - API 테스트" tests="5" skipped="0" failures="0" errors="0" timestamp="2023-08-17T21:14:36" hostname="gim-yuseon-ui-MacBookPro-2.local" time="1.764">
  <properties/>
  <testcase name="[api] 게시글 단건 조회" classname="com.toyproject.boardproject.controller.DataRestTest" time="1.116"/>
  <testcase name="[api] 게시글 -&gt; 댓글 리스트 조회" classname="com.toyproject.boardproject.controller.DataRestTest" time="0.141"/>
  <testcase name="[api] 댓글 단건 조회" classname="com.toyproject.boardproject.controller.DataRestTest" time="0.053"/>
  <testcase name="[api] 댓글 리스트 조회" classname="com.toyproject.boardproject.controller.DataRestTest" time="0.304"/>
  <testcase name="[api] 게시글 리스트 조회" classname="com.toyproject.boardproject.controller.DataRestTest" time="0.139"/>
  <system-out><![CDATA[06:14:27.304 [Test worker] INFO org.springframework.test.context.support.AnnotationConfigContextLoaderUtils -- Could not detect default configuration classes for test class [com.toyproject.boardproject.controller.DataRestTest]: DataRestTest does not declare any static, non-private, non-final, nested classes annotated with @Configuration.
06:14:27.505 [Test worker] INFO org.springframework.boot.test.context.SpringBootTestContextBootstrapper -- Found @SpringBootConfiguration com.toyproject.boardproject.BoardProjectApplication for test class com.toyproject.boardproject.controller.DataRestTest

  .   ____          _            __ _ _
 /\\ / ___'_ __ _ _(_)_ __  __ _ \ \ \ \
( ( )\___ | '_ | '_| | '_ \/ _` | \ \ \ \
 \\/  ___)| |_)| | | | | || (_| |  ) ) ) )
  '  |____| .__|_| |_|_| |_\__, | / / / /
 =========|_|==============|___/=/_/_/_/
 :: Spring Boot ::                (v3.1.2)

2023-08-18T06:14:28.248+09:00  INFO 19768 --- [    Test worker] c.t.b.controller.DataRestTest            : Starting DataRestTest using Java 17.0.7 with PID 19768 (started by yuling in /Users/yuling/Desktop/공부/토이프로젝트/board-project)
2023-08-18T06:14:28.251+09:00  INFO 19768 --- [    Test worker] c.t.b.controller.DataRestTest            : No active profile set, falling back to 1 default profile: "default"
2023-08-18T06:14:29.583+09:00  INFO 19768 --- [    Test worker] .s.d.r.c.RepositoryConfigurationDelegate : Bootstrapping Spring Data JPA repositories in DEFAULT mode.
2023-08-18T06:14:29.665+09:00  INFO 19768 --- [    Test worker] .s.d.r.c.RepositoryConfigurationDelegate : Finished Spring Data repository scanning in 69 ms. Found 2 JPA repository interfaces.
2023-08-18T06:14:30.700+09:00  INFO 19768 --- [    Test worker] o.hibernate.jpa.internal.util.LogHelper  : HHH000204: Processing PersistenceUnitInfo [name: default]
2023-08-18T06:14:30.853+09:00  INFO 19768 --- [    Test worker] org.hibernate.Version                    : HHH000412: Hibernate ORM core version 6.2.6.Final
2023-08-18T06:14:30.857+09:00  INFO 19768 --- [    Test worker] org.hibernate.cfg.Environment            : HHH000406: Using bytecode reflection optimizer
2023-08-18T06:14:31.481+09:00  INFO 19768 --- [    Test worker] o.h.b.i.BytecodeProviderInitiator        : HHH000021: Bytecode provider name : bytebuddy
2023-08-18T06:14:31.734+09:00  INFO 19768 --- [    Test worker] o.s.o.j.p.SpringPersistenceUnitInfo      : No LoadTimeWeaver setup: ignoring JPA class transformer
2023-08-18T06:14:31.757+09:00  INFO 19768 --- [    Test worker] com.zaxxer.hikari.HikariDataSource       : HikariPool-1 - Starting...
2023-08-18T06:14:32.242+09:00  INFO 19768 --- [    Test worker] com.zaxxer.hikari.pool.HikariPool        : HikariPool-1 - Added connection com.mysql.cj.jdbc.ConnectionImpl@2cce10bc
2023-08-18T06:14:32.244+09:00  INFO 19768 --- [    Test worker] com.zaxxer.hikari.HikariDataSource       : HikariPool-1 - Start completed.
2023-08-18T06:14:32.326+09:00  WARN 19768 --- [    Test worker] org.hibernate.orm.deprecation            : HHH90000026: MySQL57Dialect has been deprecated; use org.hibernate.dialect.MySQLDialect instead
2023-08-18T06:14:32.730+09:00  INFO 19768 --- [    Test worker] o.h.b.i.BytecodeProviderInitiator        : HHH000021: Bytecode provider name : bytebuddy
2023-08-18T06:14:33.886+09:00  INFO 19768 --- [    Test worker] o.h.e.t.j.p.i.JtaPlatformInitiator       : HHH000490: Using JtaPlatform implementation: [org.hibernate.engine.transaction.jta.platform.internal.NoJtaPlatform]
Hibernate: 
    alter table article_comment 
       drop 
       foreign key FKghmocqkgqs5tkmucf5putw64t
Hibernate: 
    drop table if exists article
Hibernate: 
    drop table if exists article_comment
Hibernate: 
    create table article (
        created_at datetime(6) not null,
        id bigint not null auto_increment,
        modified_at datetime(6) not null,
        created_by varchar(100) not null,
        modified_by varchar(100) not null,
        content varchar(10000) not null,
        hashtag varchar(255),
        title varchar(255) not null,
        primary key (id)
    ) engine=InnoDB
Hibernate: 
    create table article_comment (
        article_id bigint not null,
        created_at datetime(6) not null,
        id bigint not null auto_increment,
        modified_at datetime(6) not null,
        created_by varchar(100) not null,
        modified_by varchar(100) not null,
        content varchar(500) not null,
        primary key (id)
    ) engine=InnoDB
Hibernate: 
    create index IDX571gx7oqo5xpmgocegaidlcu9 
       on article (title)
Hibernate: 
    create index IDXai44fu6vaa28ebpydglnv7t3e 
       on article (hashtag)
Hibernate: 
    create index IDXrmt77yibijtk4sarremr67saa 
       on article (created_at)
Hibernate: 
    create index IDXjl4utii2etiocimt799wvtuvv 
       on article (created_by)
Hibernate: 
    create index IDXpieqqnljv147sefofs56h25qx 
       on article_comment (content)
Hibernate: 
    create index IDXh1jx107qecntcbcpc2vfb07ij 
       on article_comment (created_at)
Hibernate: 
    create index IDXc6pa61djuf2o8xnceyyvtdbaq 
       on article_comment (created_by)
Hibernate: 
    alter table article_comment 
       add constraint FKghmocqkgqs5tkmucf5putw64t 
       foreign key (article_id) 
       references article (id)
2023-08-18T06:14:34.256+09:00  INFO 19768 --- [    Test worker] j.LocalContainerEntityManagerFactoryBean : Initialized JPA EntityManagerFactory for persistence unit 'default'
2023-08-18T06:14:35.319+09:00 DEBUG 19768 --- [    Test worker] s.w.s.m.m.a.RequestMappingHandlerAdapter : ControllerAdvice beans: 0 @ModelAttribute, 0 @InitBinder, 1 RequestBodyAdvice, 1 ResponseBodyAdvice
2023-08-18T06:14:35.441+09:00 DEBUG 19768 --- [    Test worker] s.w.s.m.m.a.RequestMappingHandlerMapping : 2 mappings in 'requestMappingHandlerMapping'
2023-08-18T06:14:35.472+09:00 DEBUG 19768 --- [    Test worker] o.s.w.s.handler.SimpleUrlHandlerMapping  : Patterns [/webjars/**, /**, /api/explorer/**] in 'resourceHandlerMapping'
2023-08-18T06:14:35.483+09:00 DEBUG 19768 --- [    Test worker] .m.m.a.ExceptionHandlerExceptionResolver : ControllerAdvice beans: 1 @ExceptionHandler, 1 ResponseBodyAdvice
2023-08-18T06:14:35.519+09:00 DEBUG 19768 --- [    Test worker] .m.m.a.ExceptionHandlerExceptionResolver : ControllerAdvice beans: 1 @ExceptionHandler, 0 ResponseBodyAdvice
2023-08-18T06:14:36.376+09:00  INFO 19768 --- [    Test worker] o.s.b.t.m.w.SpringBootMockServletContext : Initializing Spring TestDispatcherServlet ''
2023-08-18T06:14:36.377+09:00  INFO 19768 --- [    Test worker] o.s.t.web.servlet.TestDispatcherServlet  : Initializing Servlet ''
2023-08-18T06:14:36.383+09:00  INFO 19768 --- [    Test worker] o.s.b.a.e.web.EndpointLinksResolver      : Exposing 13 endpoint(s) beneath base path '/actuator'
2023-08-18T06:14:36.405+09:00  INFO 19768 --- [    Test worker] o.s.t.web.servlet.TestDispatcherServlet  : Completed initialization in 27 ms
2023-08-18T06:14:36.487+09:00  INFO 19768 --- [    Test worker] c.t.b.controller.DataRestTest            : Started DataRestTest in 8.724 seconds (process running for 10.858)
Hibernate: 
    select
        a1_0.id,
        a1_0.content,
        a1_0.created_at,
        a1_0.created_by,
        a1_0.hashtag,
        a1_0.modified_at,
        a1_0.modified_by,
        a1_0.title 
    from
        article a1_0 
    where
        a1_0.id=?
2023-08-18T06:14:37.512+09:00 DEBUG 19768 --- [    Test worker] o.s.w.s.m.m.a.HttpEntityMethodProcessor  : Using 'application/hal+json', given [*/*] and supported [application/hal+json]
2023-08-18T06:14:37.520+09:00 DEBUG 19768 --- [    Test worker] o.s.w.s.m.m.a.HttpEntityMethodProcessor  : Writing [EntityModel { content: Article(id=1, title=Phasellus id sapien in sapien iaculis congue., content=In (truncated)...]

MockHttpServletRequest:
      HTTP Method = GET
      Request URI = /api/articles/1
       Parameters = {}
          Headers = []
             Body = null
    Session Attrs = {}

Handler:
             Type = org.springframework.data.rest.webmvc.RepositoryEntityController
           Method = org.springframework.data.rest.webmvc.RepositoryEntityController#getItemResource(RootResourceInformation, Serializable, PersistentEntityResourceAssembler, HttpHeaders)

Async:
    Async started = false
     Async result = null

Resolved Exception:
             Type = null

ModelAndView:
        View name = null
             View = null
            Model = null

FlashMap:
       Attributes = null

MockHttpServletResponse:
           Status = 200
    Error message = null
          Headers = [Vary:"Origin", "Access-Control-Request-Method", "Access-Control-Request-Headers", Last-Modified:"Wed, 14 Jun 2023 00:08:15 GMT", Content-Type:"application/hal+json"]
     Content type = application/hal+json
             Body = {
  "createdAt" : "2023-01-13T07:04:23",
  "createdBy" : "Daphene",
  "modifiedAt" : "2023-06-14T09:08:15",
  "modifiedBy" : "Lucy",
  "title" : "Phasellus id sapien in sapien iaculis congue.",
  "content" : "In hac habitasse platea dictumst. Morbi vestibulum, velit id pretium iaculis, diam erat fermentum justo, nec condimentum neque sapien placerat ante. Nulla justo.",
  "hashtag" : "Aquamarine",
  "_links" : {
    "self" : {
      "href" : "http://localhost/api/articles/1"
    },
    "article" : {
      "href" : "http://localhost/api/articles/1"
    },
    "articleComments" : {
      "href" : "http://localhost/api/articles/1/articleComments"
    }
  }
}
    Forwarded URL = null
   Redirected URL = null
          Cookies = []
Hibernate: 
    select
        a1_0.id,
        a1_0.content,
        a1_0.created_at,
        a1_0.created_by,
        a1_0.hashtag,
        a1_0.modified_at,
        a1_0.modified_by,
        a1_0.title 
    from
        article a1_0 
    where
        a1_0.id=?
Hibernate: 
    select
        a1_0.article_id,
        a1_0.id,
        a1_0.content,
        a1_0.created_at,
        a1_0.created_by,
        a1_0.modified_at,
        a1_0.modified_by 
    from
        article_comment a1_0 
    where
        a1_0.article_id=? 
    order by
        a1_0.id
2023-08-18T06:14:37.786+09:00 DEBUG 19768 --- [    Test worker] o.s.w.s.m.m.a.HttpEntityMethodProcessor  : Using 'application/hal+json', given [*/*] and supported [application/hal+json]
2023-08-18T06:14:37.792+09:00 DEBUG 19768 --- [    Test worker] o.s.w.s.m.m.a.HttpEntityMethodProcessor  : Writing [CollectionModel { content: [EntityModel { content: ArticleComment(id=2, article=Article(id=1, title= (truncated)...]

MockHttpServletRequest:
      HTTP Method = GET
      Request URI = /api/articles/1/articleComments
       Parameters = {}
          Headers = []
             Body = null
    Session Attrs = {}

Handler:
             Type = org.springframework.data.rest.webmvc.RepositoryPropertyReferenceController
           Method = org.springframework.data.rest.webmvc.RepositoryPropertyReferenceController#followPropertyReference(RootResourceInformation, Serializable, String, RepresentationModelAssemblers)

Async:
    Async started = false
     Async result = null

Resolved Exception:
             Type = null

ModelAndView:
        View name = null
             View = null
            Model = null

FlashMap:
       Attributes = null

MockHttpServletResponse:
           Status = 200
    Error message = null
          Headers = [Vary:"Origin", "Access-Control-Request-Method", "Access-Control-Request-Headers", Content-Type:"application/hal+json"]
     Content type = application/hal+json
             Body = {
  "_embedded" : {
    "articleComments" : [ {
      "createdAt" : "2023-03-15T02:55:37",
      "createdBy" : "Violante",
      "modifiedAt" : "2023-04-26T01:24:37",
      "modifiedBy" : "Berton",
      "content" : "Proin eu mi. Nulla ac enim. In tempor, turpis nec euismod scelerisque, quam turpis adipiscing lorem, vitae mattis nibh ligula nec sem.",
      "_links" : {
        "self" : {
          "href" : "http://localhost/api/articleComments/2"
        },
        "articleComment" : {
          "href" : "http://localhost/api/articleComments/2"
        },
        "article" : {
          "href" : "http://localhost/api/articleComments/2/article"
        }
      }
    }, {
      "createdAt" : "2022-08-20T14:28:38",
      "createdBy" : "Burgess",
      "modifiedAt" : "2022-11-07T04:52:57",
      "modifiedBy" : "Humfried",
      "content" : "Phasellus sit amet erat. Nulla tempus. Vivamus in felis eu sapien cursus vestibulum.",
      "_links" : {
        "self" : {
          "href" : "http://localhost/api/articleComments/55"
        },
        "articleComment" : {
          "href" : "http://localhost/api/articleComments/55"
        },
        "article" : {
          "href" : "http://localhost/api/articleComments/55/article"
        }
      }
    }, {
      "createdAt" : "2023-04-25T00:40:00",
      "createdBy" : "Oralee",
      "modifiedAt" : "2023-01-22T04:13:06",
      "modifiedBy" : "Saraann",
      "content" : "Integer tincidunt ante vel ipsum. Praesent blandit lacinia erat. Vestibulum sed magna at nunc commodo placerat.",
      "_links" : {
        "self" : {
          "href" : "http://localhost/api/articleComments/82"
        },
        "articleComment" : {
          "href" : "http://localhost/api/articleComments/82"
        },
        "article" : {
          "href" : "http://localhost/api/articleComments/82/article"
        }
      }
    } ]
  },
  "_links" : {
    "self" : {
      "href" : "http://localhost/api/articles/1/articleComments"
    }
  }
}
    Forwarded URL = null
   Redirected URL = null
          Cookies = []
Hibernate: 
    select
        a1_0.id,
        a1_0.article_id,
        a2_0.id,
        a2_0.content,
        a2_0.created_at,
        a2_0.created_by,
        a2_0.hashtag,
        a2_0.modified_at,
        a2_0.modified_by,
        a2_0.title,
        a1_0.content,
        a1_0.created_at,
        a1_0.created_by,
        a1_0.modified_at,
        a1_0.modified_by 
    from
        article_comment a1_0 
    join
        article a2_0 
            on a2_0.id=a1_0.article_id 
    where
        a1_0.id=?
2023-08-18T06:14:37.850+09:00 DEBUG 19768 --- [    Test worker] o.s.w.s.m.m.a.HttpEntityMethodProcessor  : Using 'application/hal+json', given [*/*] and supported [application/hal+json]
2023-08-18T06:14:37.851+09:00 DEBUG 19768 --- [    Test worker] o.s.w.s.m.m.a.HttpEntityMethodProcessor  : Writing [EntityModel { content: ArticleComment(id=1, article=Article(id=11, title=Etiam justo., content=Duis  (truncated)...]

MockHttpServletRequest:
      HTTP Method = GET
      Request URI = /api/articleComments/1
       Parameters = {}
          Headers = []
             Body = null
    Session Attrs = {}

Handler:
             Type = org.springframework.data.rest.webmvc.RepositoryEntityController
           Method = org.springframework.data.rest.webmvc.RepositoryEntityController#getItemResource(RootResourceInformation, Serializable, PersistentEntityResourceAssembler, HttpHeaders)

Async:
    Async started = false
     Async result = null

Resolved Exception:
             Type = null

ModelAndView:
        View name = null
             View = null
            Model = null

FlashMap:
       Attributes = null

MockHttpServletResponse:
           Status = 200
    Error message = null
          Headers = [Vary:"Origin", "Access-Control-Request-Method", "Access-Control-Request-Headers", Last-Modified:"Thu, 08 Jun 2023 05:24:37 GMT", Content-Type:"application/hal+json"]
     Content type = application/hal+json
             Body = {
  "createdAt" : "2023-02-09T03:15:29",
  "createdBy" : "Debor",
  "modifiedAt" : "2023-06-08T14:24:37",
  "modifiedBy" : "Ignaz",
  "content" : "In congue. Etiam justo. Etiam pretium iaculis justo.",
  "_links" : {
    "self" : {
      "href" : "http://localhost/api/articleComments/1"
    },
    "articleComment" : {
      "href" : "http://localhost/api/articleComments/1"
    },
    "article" : {
      "href" : "http://localhost/api/articleComments/1/article"
    }
  }
}
    Forwarded URL = null
   Redirected URL = null
          Cookies = []
Hibernate: 
    select
        a1_0.id,
        a1_0.article_id,
        a1_0.content,
        a1_0.created_at,
        a1_0.created_by,
        a1_0.modified_at,
        a1_0.modified_by 
    from
        article_comment a1_0 limit ?,
        ?
Hibernate: 
    select
        a1_0.id,
        a1_0.content,
        a1_0.created_at,
        a1_0.created_by,
        a1_0.hashtag,
        a1_0.modified_at,
        a1_0.modified_by,
        a1_0.title 
    from
        article a1_0 
    where
        a1_0.id in (?,?,?,?,?,?,?,?,?,?)
Hibernate: 
    select
        a1_0.id,
        a1_0.content,
        a1_0.created_at,
        a1_0.created_by,
        a1_0.hashtag,
        a1_0.modified_at,
        a1_0.modified_by,
        a1_0.title 
    from
        article a1_0 
    where
        a1_0.id in (?,?,?,?,?,?,?,?,?,?)
Hibernate: 
    select
        count(a1_0.id) 
    from
        article_comment a1_0
2023-08-18T06:14:38.134+09:00 DEBUG 19768 --- [    Test worker] m.m.a.RequestResponseBodyMethodProcessor : Using 'application/hal+json', given [*/*] and supported [application/hal+json]
2023-08-18T06:14:38.140+09:00 DEBUG 19768 --- [    Test worker] m.m.a.RequestResponseBodyMethodProcessor : Writing [PagedModel { content: [EntityModel { content: ArticleComment(id=1, article=Article(id=11, title=Etia (truncated)...]

MockHttpServletRequest:
      HTTP Method = GET
      Request URI = /api/articleComments
       Parameters = {}
          Headers = []
             Body = null
    Session Attrs = {}

Handler:
             Type = org.springframework.data.rest.webmvc.RepositoryEntityController
           Method = org.springframework.data.rest.webmvc.RepositoryEntityController#getCollectionResource(RootResourceInformation, DefaultedPageable, Sort, RepresentationModelAssemblers)

Async:
    Async started = false
     Async result = null

Resolved Exception:
             Type = null

ModelAndView:
        View name = null
             View = null
            Model = null

FlashMap:
       Attributes = null

MockHttpServletResponse:
           Status = 200
    Error message = null
          Headers = [Vary:"Origin", "Access-Control-Request-Method", "Access-Control-Request-Headers", Content-Type:"application/hal+json"]
     Content type = application/hal+json
             Body = {
  "_embedded" : {
    "articleComments" : [ {
      "createdAt" : "2023-02-09T03:15:29",
      "createdBy" : "Debor",
      "modifiedAt" : "2023-06-08T14:24:37",
      "modifiedBy" : "Ignaz",
      "content" : "In congue. Etiam justo. Etiam pretium iaculis justo.",
      "_links" : {
        "self" : {
          "href" : "http://localhost/api/articleComments/1"
        },
        "articleComment" : {
          "href" : "http://localhost/api/articleComments/1"
        },
        "article" : {
          "href" : "http://localhost/api/articleComments/1/article"
        }
      }
    }, {
      "createdAt" : "2023-03-15T02:55:37",
      "createdBy" : "Violante",
      "modifiedAt" : "2023-04-26T01:24:37",
      "modifiedBy" : "Berton",
      "content" : "Proin eu mi. Nulla ac enim. In tempor, turpis nec euismod scelerisque, quam turpis adipiscing lorem, vitae mattis nibh ligula nec sem.",
      "_links" : {
        "self" : {
          "href" : "http://localhost/api/articleComments/2"
        },
        "articleComment" : {
          "href" : "http://localhost/api/articleComments/2"
        },
        "article" : {
          "href" : "http://localhost/api/articleComments/2/article"
        }
      }
    }, {
      "createdAt" : "2023-03-16T17:17:11",
      "createdBy" : "Keslie",
      "modifiedAt" : "2022-11-28T19:22:39",
      "modifiedBy" : "Hermy",
      "content" : "Proin leo odio, porttitor id, consequat in, consequat ut, nulla. Sed accumsan felis. Ut at dolor quis odio consequat varius.",
      "_links" : {
        "self" : {
          "href" : "http://localhost/api/articleComments/3"
        },
        "articleComment" : {
          "href" : "http://localhost/api/articleComments/3"
        },
        "article" : {
          "href" : "http://localhost/api/articleComments/3/article"
        }
      }
    }, {
      "createdAt" : "2023-02-28T08:53:32",
      "createdBy" : "Charlie",
      "modifiedAt" : "2023-06-06T14:55:23",
      "modifiedBy" : "Christiana",
      "content" : "Pellentesque at nulla. Suspendisse potenti. Cras in purus eu magna vulputate luctus.",
      "_links" : {
        "self" : {
          "href" : "http://localhost/api/articleComments/4"
        },
        "articleComment" : {
          "href" : "http://localhost/api/articleComments/4"
        },
        "article" : {
          "href" : "http://localhost/api/articleComments/4/article"
        }
      }
    }, {
      "createdAt" : "2022-09-14T18:24:19",
      "createdBy" : "Allyn",
      "modifiedAt" : "2023-02-27T07:28:20",
      "modifiedBy" : "Daphene",
      "content" : "Proin interdum mauris non ligula pellentesque ultrices. Phasellus id sapien in sapien iaculis congue. Vivamus metus arcu, adipiscing molestie, hendrerit at, vulputate vitae, nisl.",
      "_links" : {
        "self" : {
          "href" : "http://localhost/api/articleComments/5"
        },
        "articleComment" : {
          "href" : "http://localhost/api/articleComments/5"
        },
        "article" : {
          "href" : "http://localhost/api/articleComments/5/article"
        }
      }
    }, {
      "createdAt" : "2023-03-26T10:29:22",
      "createdBy" : "Silvana",
      "modifiedAt" : "2023-04-27T06:32:47",
      "modifiedBy" : "Pinchas",
      "content" : "Quisque porta volutpat erat. Quisque erat eros, viverra eget, congue eget, semper rutrum, nulla. Nunc purus.",
      "_links" : {
        "self" : {
          "href" : "http://localhost/api/articleComments/6"
        },
        "articleComment" : {
          "href" : "http://localhost/api/articleComments/6"
        },
        "article" : {
          "href" : "http://localhost/api/articleComments/6/article"
        }
      }
    }, {
      "createdAt" : "2023-04-08T13:28:06",
      "createdBy" : "Brose",
      "modifiedAt" : "2022-11-08T18:06:12",
      "modifiedBy" : "Miltie",
      "content" : "Curabitur in libero ut massa volutpat convallis. Morbi odio odio, elementum eu, interdum eu, tincidunt in, leo. Maecenas pulvinar lobortis est.",
      "_links" : {
        "self" : {
          "href" : "http://localhost/api/articleComments/7"
        },
        "articleComment" : {
          "href" : "http://localhost/api/articleComments/7"
        },
        "article" : {
          "href" : "http://localhost/api/articleComments/7/article"
        }
      }
    }, {
      "createdAt" : "2023-04-05T19:50:25",
      "createdBy" : "Carlin",
      "modifiedAt" : "2023-07-21T14:36:41",
      "modifiedBy" : "Scot",
      "content" : "Praesent blandit. Nam nulla. Integer pede justo, lacinia eget, tincidunt eget, tempus vel, pede.",
      "_links" : {
        "self" : {
          "href" : "http://localhost/api/articleComments/8"
        },
        "articleComment" : {
          "href" : "http://localhost/api/articleComments/8"
        },
        "article" : {
          "href" : "http://localhost/api/articleComments/8/article"
        }
      }
    }, {
      "createdAt" : "2023-08-12T02:44:17",
      "createdBy" : "Brigida",
      "modifiedAt" : "2023-01-25T12:47:40",
      "modifiedBy" : "Kandace",
      "content" : "Cras non velit nec nisi vulputate nonummy. Maecenas tincidunt lacus at velit. Vivamus vel nulla eget eros elementum pellentesque.",
      "_links" : {
        "self" : {
          "href" : "http://localhost/api/articleComments/9"
        },
        "articleComment" : {
          "href" : "http://localhost/api/articleComments/9"
        },
        "article" : {
          "href" : "http://localhost/api/articleComments/9/article"
        }
      }
    }, {
      "createdAt" : "2023-03-13T00:54:22",
      "createdBy" : "Darcy",
      "modifiedAt" : "2023-02-10T15:53:38",
      "modifiedBy" : "Aldis",
      "content" : "Sed ante. Vivamus tortor. Duis mattis egestas metus.",
      "_links" : {
        "self" : {
          "href" : "http://localhost/api/articleComments/10"
        },
        "articleComment" : {
          "href" : "http://localhost/api/articleComments/10"
        },
        "article" : {
          "href" : "http://localhost/api/articleComments/10/article"
        }
      }
    }, {
      "createdAt" : "2023-03-06T01:43:09",
      "createdBy" : "Adlai",
      "modifiedAt" : "2023-03-22T15:48:08",
      "modifiedBy" : "Samara",
      "content" : "Nullam porttitor lacus at turpis. Donec posuere metus vitae ipsum. Aliquam non mauris.",
      "_links" : {
        "self" : {
          "href" : "http://localhost/api/articleComments/11"
        },
        "articleComment" : {
          "href" : "http://localhost/api/articleComments/11"
        },
        "article" : {
          "href" : "http://localhost/api/articleComments/11/article"
        }
      }
    }, {
      "createdAt" : "2023-01-31T19:08:53",
      "createdBy" : "Patricia",
      "modifiedAt" : "2022-11-30T02:27:23",
      "modifiedBy" : "Batsheva",
      "content" : "Maecenas leo odio, condimentum id, luctus nec, molestie sed, justo. Pellentesque viverra pede ac diam. Cras pellentesque volutpat dui.",
      "_links" : {
        "self" : {
          "href" : "http://localhost/api/articleComments/12"
        },
        "articleComment" : {
          "href" : "http://localhost/api/articleComments/12"
        },
        "article" : {
          "href" : "http://localhost/api/articleComments/12/article"
        }
      }
    }, {
      "createdAt" : "2023-01-05T06:02:26",
      "createdBy" : "Reeva",
      "modifiedAt" : "2023-07-05T22:12:50",
      "modifiedBy" : "Haleigh",
      "content" : "Cras non velit nec nisi vulputate nonummy. Maecenas tincidunt lacus at velit. Vivamus vel nulla eget eros elementum pellentesque.",
      "_links" : {
        "self" : {
          "href" : "http://localhost/api/articleComments/13"
        },
        "articleComment" : {
          "href" : "http://localhost/api/articleComments/13"
        },
        "article" : {
          "href" : "http://localhost/api/articleComments/13/article"
        }
      }
    }, {
      "createdAt" : "2022-11-26T10:31:22",
      "createdBy" : "Sybil",
      "modifiedAt" : "2022-09-02T00:11:08",
      "modifiedBy" : "Laney",
      "content" : "Integer ac leo. Pellentesque ultrices mattis odio. Donec vitae nisi.",
      "_links" : {
        "self" : {
          "href" : "http://localhost/api/articleComments/14"
        },
        "articleComment" : {
          "href" : "http://localhost/api/articleComments/14"
        },
        "article" : {
          "href" : "http://localhost/api/articleComments/14/article"
        }
      }
    }, {
      "createdAt" : "2022-08-22T06:56:35",
      "createdBy" : "Federica",
      "modifiedAt" : "2023-07-29T04:04:29",
      "modifiedBy" : "John",
      "content" : "In hac habitasse platea dictumst. Morbi vestibulum, velit id pretium iaculis, diam erat fermentum justo, nec condimentum neque sapien placerat ante. Nulla justo.",
      "_links" : {
        "self" : {
          "href" : "http://localhost/api/articleComments/15"
        },
        "articleComment" : {
          "href" : "http://localhost/api/articleComments/15"
        },
        "article" : {
          "href" : "http://localhost/api/articleComments/15/article"
        }
      }
    }, {
      "createdAt" : "2023-04-23T03:59:34",
      "createdBy" : "Lilyan",
      "modifiedAt" : "2023-04-07T10:42:45",
      "modifiedBy" : "Nicky",
      "content" : "Morbi porttitor lorem id ligula. Suspendisse ornare consequat lectus. In est risus, auctor sed, tristique in, tempus sit amet, sem.",
      "_links" : {
        "self" : {
          "href" : "http://localhost/api/articleComments/16"
        },
        "articleComment" : {
          "href" : "http://localhost/api/articleComments/16"
        },
        "article" : {
          "href" : "http://localhost/api/articleComments/16/article"
        }
      }
    }, {
      "createdAt" : "2022-09-25T18:38:30",
      "createdBy" : "Zared",
      "modifiedAt" : "2023-06-23T18:05:51",
      "modifiedBy" : "Jere",
      "content" : "Cras non velit nec nisi vulputate nonummy. Maecenas tincidunt lacus at velit. Vivamus vel nulla eget eros elementum pellentesque.",
      "_links" : {
        "self" : {
          "href" : "http://localhost/api/articleComments/17"
        },
        "articleComment" : {
          "href" : "http://localhost/api/articleComments/17"
        },
        "article" : {
          "href" : "http://localhost/api/articleComments/17/article"
        }
      }
    }, {
      "createdAt" : "2022-08-31T17:51:52",
      "createdBy" : "Reece",
      "modifiedAt" : "2023-04-20T19:51:59",
      "modifiedBy" : "Stephi",
      "content" : "Nullam porttitor lacus at turpis. Donec posuere metus vitae ipsum. Aliquam non mauris.",
      "_links" : {
        "self" : {
          "href" : "http://localhost/api/articleComments/18"
        },
        "articleComment" : {
          "href" : "http://localhost/api/articleComments/18"
        },
        "article" : {
          "href" : "http://localhost/api/articleComments/18/article"
        }
      }
    }, {
      "createdAt" : "2023-02-07T02:13:06",
      "createdBy" : "Katrina",
      "modifiedAt" : "2023-06-13T20:54:26",
      "modifiedBy" : "Laurianne",
      "content" : "Maecenas ut massa quis augue luctus tincidunt. Nulla mollis molestie lorem. Quisque ut erat.",
      "_links" : {
        "self" : {
          "href" : "http://localhost/api/articleComments/19"
        },
        "articleComment" : {
          "href" : "http://localhost/api/articleComments/19"
        },
        "article" : {
          "href" : "http://localhost/api/articleComments/19/article"
        }
      }
    }, {
      "createdAt" : "2023-06-02T16:34:48",
      "createdBy" : "Carolyn",
      "modifiedAt" : "2023-06-03T04:26:37",
      "modifiedBy" : "Hi",
      "content" : "Etiam vel augue. Vestibulum rutrum rutrum neque. Aenean auctor gravida sem.",
      "_links" : {
        "self" : {
          "href" : "http://localhost/api/articleComments/20"
        },
        "articleComment" : {
          "href" : "http://localhost/api/articleComments/20"
        },
        "article" : {
          "href" : "http://localhost/api/articleComments/20/article"
        }
      }
    } ]
  },
  "_links" : {
    "first" : {
      "href" : "http://localhost/api/articleComments?page=0&size=20"
    },
    "self" : {
      "href" : "http://localhost/api/articleComments?page=0&size=20"
    },
    "next" : {
      "href" : "http://localhost/api/articleComments?page=1&size=20"
    },
    "last" : {
      "href" : "http://localhost/api/articleComments?page=4&size=20"
    },
    "profile" : {
      "href" : "http://localhost/api/profile/articleComments"
    }
  },
  "page" : {
    "size" : 20,
    "totalElements" : 100,
    "totalPages" : 5,
    "number" : 0
  }
}
    Forwarded URL = null
   Redirected URL = null
          Cookies = []
Hibernate: 
    select
        a1_0.id,
        a1_0.content,
        a1_0.created_at,
        a1_0.created_by,
        a1_0.hashtag,
        a1_0.modified_at,
        a1_0.modified_by,
        a1_0.title 
    from
        article a1_0 limit ?,
        ?
Hibernate: 
    select
        count(a1_0.id) 
    from
        article a1_0
2023-08-18T06:14:38.236+09:00 DEBUG 19768 --- [    Test worker] m.m.a.RequestResponseBodyMethodProcessor : Using 'application/hal+json', given [*/*] and supported [application/hal+json]
2023-08-18T06:14:38.238+09:00 DEBUG 19768 --- [    Test worker] m.m.a.RequestResponseBodyMethodProcessor : Writing [PagedModel { content: [EntityModel { content: Article(id=1, title=Phasellus id sapien in sapien iacu (truncated)...]

MockHttpServletRequest:
      HTTP Method = GET
      Request URI = /api/articles
       Parameters = {}
          Headers = []
             Body = null
    Session Attrs = {}

Handler:
             Type = org.springframework.data.rest.webmvc.RepositoryEntityController
           Method = org.springframework.data.rest.webmvc.RepositoryEntityController#getCollectionResource(RootResourceInformation, DefaultedPageable, Sort, RepresentationModelAssemblers)

Async:
    Async started = false
     Async result = null

Resolved Exception:
             Type = null

ModelAndView:
        View name = null
             View = null
            Model = null

FlashMap:
       Attributes = null

MockHttpServletResponse:
           Status = 200
    Error message = null
          Headers = [Vary:"Origin", "Access-Control-Request-Method", "Access-Control-Request-Headers", Content-Type:"application/hal+json"]
     Content type = application/hal+json
             Body = {
  "_embedded" : {
    "articles" : [ {
      "createdAt" : "2023-01-13T07:04:23",
      "createdBy" : "Daphene",
      "modifiedAt" : "2023-06-14T09:08:15",
      "modifiedBy" : "Lucy",
      "title" : "Phasellus id sapien in sapien iaculis congue.",
      "content" : "In hac habitasse platea dictumst. Morbi vestibulum, velit id pretium iaculis, diam erat fermentum justo, nec condimentum neque sapien placerat ante. Nulla justo.",
      "hashtag" : "Aquamarine",
      "_links" : {
        "self" : {
          "href" : "http://localhost/api/articles/1"
        },
        "article" : {
          "href" : "http://localhost/api/articles/1"
        },
        "articleComments" : {
          "href" : "http://localhost/api/articles/1/articleComments"
        }
      }
    }, {
      "createdAt" : "2022-10-22T18:13:04",
      "createdBy" : "Bonni",
      "modifiedAt" : "2022-11-11T18:01:36",
      "modifiedBy" : "Ernestus",
      "title" : "Aliquam augue quam, sollicitudin vitae, consectetuer eget, rutrum at, lorem.",
      "content" : "Fusce consequat. Nulla nisl. Nunc nisl.",
      "hashtag" : "Aquamarine",
      "_links" : {
        "self" : {
          "href" : "http://localhost/api/articles/2"
        },
        "article" : {
          "href" : "http://localhost/api/articles/2"
        },
        "articleComments" : {
          "href" : "http://localhost/api/articles/2/articleComments"
        }
      }
    }, {
      "createdAt" : "2022-09-12T23:36:47",
      "createdBy" : "Terrance",
      "modifiedAt" : "2023-03-06T07:36:14",
      "modifiedBy" : "Henrik",
      "title" : "Phasellus in felis.",
      "content" : "Duis bibendum, felis sed interdum venenatis, turpis enim blandit mi, in porttitor pede justo eu massa. Donec dapibus. Duis at velit eu est congue elementum.",
      "hashtag" : "Green",
      "_links" : {
        "self" : {
          "href" : "http://localhost/api/articles/3"
        },
        "article" : {
          "href" : "http://localhost/api/articles/3"
        },
        "articleComments" : {
          "href" : "http://localhost/api/articles/3/articleComments"
        }
      }
    }, {
      "createdAt" : "2023-03-27T22:57:25",
      "createdBy" : "Pansy",
      "modifiedAt" : "2022-09-05T14:40:12",
      "modifiedBy" : "Goddard",
      "title" : "Proin interdum mauris non ligula pellentesque ultrices.",
      "content" : "Lorem ipsum dolor sit amet, consectetuer adipiscing elit. Proin risus. Praesent lectus.",
      "hashtag" : "Puce",
      "_links" : {
        "self" : {
          "href" : "http://localhost/api/articles/4"
        },
        "article" : {
          "href" : "http://localhost/api/articles/4"
        },
        "articleComments" : {
          "href" : "http://localhost/api/articles/4/articleComments"
        }
      }
    }, {
      "createdAt" : "2022-09-13T13:21:18",
      "createdBy" : "Carleen",
      "modifiedAt" : "2022-09-20T05:22:34",
      "modifiedBy" : "Leonerd",
      "title" : "Vestibulum quam sapien, varius ut, blandit non, interdum in, ante.",
      "content" : "In quis justo. Maecenas rhoncus aliquam lacus. Morbi quis tortor id nulla ultrices aliquet.",
      "hashtag" : "Turquoise",
      "_links" : {
        "self" : {
          "href" : "http://localhost/api/articles/5"
        },
        "article" : {
          "href" : "http://localhost/api/articles/5"
        },
        "articleComments" : {
          "href" : "http://localhost/api/articles/5/articleComments"
        }
      }
    }, {
      "createdAt" : "2023-03-03T23:58:31",
      "createdBy" : "Smitty",
      "modifiedAt" : "2022-08-17T12:53:42",
      "modifiedBy" : "Cathlene",
      "title" : "Integer non velit.",
      "content" : "Donec diam neque, vestibulum eget, vulputate ut, ultrices vel, augue. Vestibulum ante ipsum primis in faucibus orci luctus et ultrices posuere cubilia Curae; Donec pharetra, magna vestibulum aliquet ultrices, erat tortor sollicitudin mi, sit amet lobortis sapien sapien non mi. Integer ac neque.",
      "hashtag" : "Turquoise",
      "_links" : {
        "self" : {
          "href" : "http://localhost/api/articles/6"
        },
        "article" : {
          "href" : "http://localhost/api/articles/6"
        },
        "articleComments" : {
          "href" : "http://localhost/api/articles/6/articleComments"
        }
      }
    }, {
      "createdAt" : "2022-10-08T07:01:27",
      "createdBy" : "Thorstein",
      "modifiedAt" : "2023-03-26T11:39:50",
      "modifiedBy" : "Amos",
      "title" : "Cras pellentesque volutpat dui.",
      "content" : "Morbi non lectus. Aliquam sit amet diam in magna bibendum imperdiet. Nullam orci pede, venenatis non, sodales sed, tincidunt eu, felis.",
      "hashtag" : "Teal",
      "_links" : {
        "self" : {
          "href" : "http://localhost/api/articles/7"
        },
        "article" : {
          "href" : "http://localhost/api/articles/7"
        },
        "articleComments" : {
          "href" : "http://localhost/api/articles/7/articleComments"
        }
      }
    }, {
      "createdAt" : "2023-06-19T06:30:20",
      "createdBy" : "Rheta",
      "modifiedAt" : "2022-09-02T14:31:03",
      "modifiedBy" : "Kelly",
      "title" : "Integer non velit.",
      "content" : "Aenean fermentum. Donec ut mauris eget massa tempor convallis. Nulla neque libero, convallis eget, eleifend luctus, ultricies eu, nibh.",
      "hashtag" : "Violet",
      "_links" : {
        "self" : {
          "href" : "http://localhost/api/articles/8"
        },
        "article" : {
          "href" : "http://localhost/api/articles/8"
        },
        "articleComments" : {
          "href" : "http://localhost/api/articles/8/articleComments"
        }
      }
    }, {
      "createdAt" : "2023-01-07T18:05:58",
      "createdBy" : "Natty",
      "modifiedAt" : "2023-02-08T10:24:09",
      "modifiedBy" : "Cedric",
      "title" : "In est risus, auctor sed, tristique in, tempus sit amet, sem.",
      "content" : "Curabitur gravida nisi at nibh. In hac habitasse platea dictumst. Aliquam augue quam, sollicitudin vitae, consectetuer eget, rutrum at, lorem.",
      "hashtag" : "Mauv",
      "_links" : {
        "self" : {
          "href" : "http://localhost/api/articles/9"
        },
        "article" : {
          "href" : "http://localhost/api/articles/9"
        },
        "articleComments" : {
          "href" : "http://localhost/api/articles/9/articleComments"
        }
      }
    }, {
      "createdAt" : "2023-05-22T08:40:40",
      "createdBy" : "Petunia",
      "modifiedAt" : "2023-01-03T23:59:40",
      "modifiedBy" : "Heddi",
      "title" : "Cum sociis natoque penatibus et magnis dis parturient montes, nascetur ridiculus mus.",
      "content" : "Nullam sit amet turpis elementum ligula vehicula consequat. Morbi a ipsum. Integer a nibh.",
      "hashtag" : "Purple",
      "_links" : {
        "self" : {
          "href" : "http://localhost/api/articles/10"
        },
        "article" : {
          "href" : "http://localhost/api/articles/10"
        },
        "articleComments" : {
          "href" : "http://localhost/api/articles/10/articleComments"
        }
      }
    }, {
      "createdAt" : "2023-08-07T04:15:23",
      "createdBy" : "Carol",
      "modifiedAt" : "2023-04-29T03:27:17",
      "modifiedBy" : "Ernesta",
      "title" : "Etiam justo.",
      "content" : "Duis bibendum. Morbi non quam nec dui luctus rutrum. Nulla tellus.",
      "hashtag" : "Mauv",
      "_links" : {
        "self" : {
          "href" : "http://localhost/api/articles/11"
        },
        "article" : {
          "href" : "http://localhost/api/articles/11"
        },
        "articleComments" : {
          "href" : "http://localhost/api/articles/11/articleComments"
        }
      }
    }, {
      "createdAt" : "2022-10-26T20:39:09",
      "createdBy" : "Doretta",
      "modifiedAt" : "2023-02-22T02:00:40",
      "modifiedBy" : "Timothea",
      "title" : "Nam tristique tortor eu pede.",
      "content" : "Mauris enim leo, rhoncus sed, vestibulum sit amet, cursus id, turpis. Integer aliquet, massa id lobortis convallis, tortor risus dapibus augue, vel accumsan tellus nisi eu orci. Mauris lacinia sapien quis libero.",
      "hashtag" : "Khaki",
      "_links" : {
        "self" : {
          "href" : "http://localhost/api/articles/12"
        },
        "article" : {
          "href" : "http://localhost/api/articles/12"
        },
        "articleComments" : {
          "href" : "http://localhost/api/articles/12/articleComments"
        }
      }
    }, {
      "createdAt" : "2023-03-31T23:06:32",
      "createdBy" : "Kinsley",
      "modifiedAt" : "2023-04-26T18:28:46",
      "modifiedBy" : "Olav",
      "title" : "Sed sagittis.",
      "content" : "Suspendisse potenti. In eleifend quam a odio. In hac habitasse platea dictumst.",
      "hashtag" : "Yellow",
      "_links" : {
        "self" : {
          "href" : "http://localhost/api/articles/13"
        },
        "article" : {
          "href" : "http://localhost/api/articles/13"
        },
        "articleComments" : {
          "href" : "http://localhost/api/articles/13/articleComments"
        }
      }
    }, {
      "createdAt" : "2022-10-31T11:40:03",
      "createdBy" : "Gay",
      "modifiedAt" : "2022-10-29T18:59:00",
      "modifiedBy" : "Maude",
      "title" : "In hac habitasse platea dictumst.",
      "content" : "Integer ac leo. Pellentesque ultrices mattis odio. Donec vitae nisi.",
      "hashtag" : "Green",
      "_links" : {
        "self" : {
          "href" : "http://localhost/api/articles/14"
        },
        "article" : {
          "href" : "http://localhost/api/articles/14"
        },
        "articleComments" : {
          "href" : "http://localhost/api/articles/14/articleComments"
        }
      }
    }, {
      "createdAt" : "2023-07-14T11:54:02",
      "createdBy" : "Annice",
      "modifiedAt" : "2022-12-26T08:56:08",
      "modifiedBy" : "Fernande",
      "title" : "Aenean lectus.",
      "content" : "Quisque porta volutpat erat. Quisque erat eros, viverra eget, congue eget, semper rutrum, nulla. Nunc purus.",
      "hashtag" : "Crimson",
      "_links" : {
        "self" : {
          "href" : "http://localhost/api/articles/15"
        },
        "article" : {
          "href" : "http://localhost/api/articles/15"
        },
        "articleComments" : {
          "href" : "http://localhost/api/articles/15/articleComments"
        }
      }
    }, {
      "createdAt" : "2022-09-28T11:19:18",
      "createdBy" : "Hastings",
      "modifiedAt" : "2023-07-01T13:30:37",
      "modifiedBy" : "Kimmi",
      "title" : "Nulla nisl.",
      "content" : "Quisque porta volutpat erat. Quisque erat eros, viverra eget, congue eget, semper rutrum, nulla. Nunc purus.",
      "hashtag" : "Violet",
      "_links" : {
        "self" : {
          "href" : "http://localhost/api/articles/16"
        },
        "article" : {
          "href" : "http://localhost/api/articles/16"
        },
        "articleComments" : {
          "href" : "http://localhost/api/articles/16/articleComments"
        }
      }
    }, {
      "createdAt" : "2023-07-25T08:19:24",
      "createdBy" : "Travus",
      "modifiedAt" : "2023-04-19T16:16:55",
      "modifiedBy" : "Nomi",
      "title" : "Curabitur at ipsum ac tellus semper interdum.",
      "content" : "Duis aliquam convallis nunc. Proin at turpis a pede posuere nonummy. Integer non velit.",
      "hashtag" : "Goldenrod",
      "_links" : {
        "self" : {
          "href" : "http://localhost/api/articles/17"
        },
        "article" : {
          "href" : "http://localhost/api/articles/17"
        },
        "articleComments" : {
          "href" : "http://localhost/api/articles/17/articleComments"
        }
      }
    }, {
      "createdAt" : "2022-12-02T00:33:53",
      "createdBy" : "Ramona",
      "modifiedAt" : "2023-03-09T03:05:23",
      "modifiedBy" : "Farrand",
      "title" : "Donec odio justo, sollicitudin ut, suscipit a, feugiat et, eros.",
      "content" : "Proin eu mi. Nulla ac enim. In tempor, turpis nec euismod scelerisque, quam turpis adipiscing lorem, vitae mattis nibh ligula nec sem.",
      "hashtag" : "Orange",
      "_links" : {
        "self" : {
          "href" : "http://localhost/api/articles/18"
        },
        "article" : {
          "href" : "http://localhost/api/articles/18"
        },
        "articleComments" : {
          "href" : "http://localhost/api/articles/18/articleComments"
        }
      }
    }, {
      "createdAt" : "2023-02-02T19:33:43",
      "createdBy" : "Isaak",
      "modifiedAt" : "2023-02-18T07:27:36",
      "modifiedBy" : "Calley",
      "title" : "Maecenas pulvinar lobortis est.",
      "content" : "Sed ante. Vivamus tortor. Duis mattis egestas metus.",
      "hashtag" : "Khaki",
      "_links" : {
        "self" : {
          "href" : "http://localhost/api/articles/19"
        },
        "article" : {
          "href" : "http://localhost/api/articles/19"
        },
        "articleComments" : {
          "href" : "http://localhost/api/articles/19/articleComments"
        }
      }
    }, {
      "createdAt" : "2022-11-18T07:47:45",
      "createdBy" : "Joyann",
      "modifiedAt" : "2023-06-12T04:33:47",
      "modifiedBy" : "Collete",
      "title" : "Etiam pretium iaculis justo.",
      "content" : "Cras non velit nec nisi vulputate nonummy. Maecenas tincidunt lacus at velit. Vivamus vel nulla eget eros elementum pellentesque.",
      "hashtag" : "Yellow",
      "_links" : {
        "self" : {
          "href" : "http://localhost/api/articles/20"
        },
        "article" : {
          "href" : "http://localhost/api/articles/20"
        },
        "articleComments" : {
          "href" : "http://localhost/api/articles/20/articleComments"
        }
      }
    } ]
  },
  "_links" : {
    "first" : {
      "href" : "http://localhost/api/articles?page=0&size=20"
    },
    "self" : {
      "href" : "http://localhost/api/articles?page=0&size=20"
    },
    "next" : {
      "href" : "http://localhost/api/articles?page=1&size=20"
    },
    "last" : {
      "href" : "http://localhost/api/articles?page=1&size=20"
    },
    "profile" : {
      "href" : "http://localhost/api/profile/articles"
    }
  },
  "page" : {
    "size" : 20,
    "totalElements" : 30,
    "totalPages" : 2,
    "number" : 0
  }
}
    Forwarded URL = null
   Redirected URL = null
          Cookies = []
]]></system-out>
  <system-err><![CDATA[]]></system-err>
</testsuite>
