<?xml version="1.0" encoding="UTF-8"?>
<testsuite name="Jpa 연결 테스트" tests="1" skipped="0" failures="0" errors="0" timestamp="2023-08-15T10:28:33" hostname="gim-yuseon-ui-MacBookPro-2.local" time="1.119">
  <properties/>
  <testcase name="update 테스트" classname="com.toyproject.boardproject.repository.JpaRepositoryTest" time="1.119"/>
  <system-out><![CDATA[19:28:27.953 [Test worker] INFO org.springframework.test.context.support.AnnotationConfigContextLoaderUtils -- Could not detect default configuration classes for test class [com.toyproject.boardproject.repository.JpaRepositoryTest]: JpaRepositoryTest does not declare any static, non-private, non-final, nested classes annotated with @Configuration.
19:28:28.117 [Test worker] INFO org.springframework.boot.test.context.SpringBootTestContextBootstrapper -- Found @SpringBootConfiguration com.toyproject.boardproject.BoardProjectApplication for test class com.toyproject.boardproject.repository.JpaRepositoryTest

  .   ____          _            __ _ _
 /\\ / ___'_ __ _ _(_)_ __  __ _ \ \ \ \
( ( )\___ | '_ | '_| | '_ \/ _` | \ \ \ \
 \\/  ___)| |_)| | | | | || (_| |  ) ) ) )
  '  |____| .__|_| |_|_| |_\__, | / / / /
 =========|_|==============|___/=/_/_/_/
 :: Spring Boot ::                (v3.1.2)

2023-08-15T19:28:28.733+09:00  INFO 97949 --- [    Test worker] c.t.b.repository.JpaRepositoryTest       : Starting JpaRepositoryTest using Java 17.0.7 with PID 97949 (started by yuling in /Users/yuling/Desktop/공부/토이프로젝트/board-project)
2023-08-15T19:28:28.735+09:00  INFO 97949 --- [    Test worker] c.t.b.repository.JpaRepositoryTest       : No active profile set, falling back to 1 default profile: "default"
2023-08-15T19:28:29.276+09:00  INFO 97949 --- [    Test worker] .s.d.r.c.RepositoryConfigurationDelegate : Bootstrapping Spring Data JPA repositories in DEFAULT mode.
2023-08-15T19:28:29.373+09:00  INFO 97949 --- [    Test worker] .s.d.r.c.RepositoryConfigurationDelegate : Finished Spring Data repository scanning in 83 ms. Found 2 JPA repository interfaces.
2023-08-15T19:28:29.896+09:00  INFO 97949 --- [    Test worker] o.hibernate.jpa.internal.util.LogHelper  : HHH000204: Processing PersistenceUnitInfo [name: default]
2023-08-15T19:28:29.981+09:00  INFO 97949 --- [    Test worker] org.hibernate.Version                    : HHH000412: Hibernate ORM core version 6.2.6.Final
2023-08-15T19:28:29.984+09:00  INFO 97949 --- [    Test worker] org.hibernate.cfg.Environment            : HHH000406: Using bytecode reflection optimizer
2023-08-15T19:28:30.185+09:00  INFO 97949 --- [    Test worker] o.h.b.i.BytecodeProviderInitiator        : HHH000021: Bytecode provider name : bytebuddy
2023-08-15T19:28:30.371+09:00  INFO 97949 --- [    Test worker] o.s.o.j.p.SpringPersistenceUnitInfo      : No LoadTimeWeaver setup: ignoring JPA class transformer
2023-08-15T19:28:30.390+09:00  INFO 97949 --- [    Test worker] com.zaxxer.hikari.HikariDataSource       : HikariPool-1 - Starting...
2023-08-15T19:28:30.814+09:00  INFO 97949 --- [    Test worker] com.zaxxer.hikari.pool.HikariPool        : HikariPool-1 - Added connection com.mysql.cj.jdbc.ConnectionImpl@3d8d970e
2023-08-15T19:28:30.817+09:00  INFO 97949 --- [    Test worker] com.zaxxer.hikari.HikariDataSource       : HikariPool-1 - Start completed.
2023-08-15T19:28:30.875+09:00  WARN 97949 --- [    Test worker] org.hibernate.orm.deprecation            : HHH90000026: MySQL57Dialect has been deprecated; use org.hibernate.dialect.MySQLDialect instead
2023-08-15T19:28:31.225+09:00  INFO 97949 --- [    Test worker] o.h.b.i.BytecodeProviderInitiator        : HHH000021: Bytecode provider name : bytebuddy
2023-08-15T19:28:32.235+09:00  INFO 97949 --- [    Test worker] o.h.e.t.j.p.i.JtaPlatformInitiator       : HHH000490: Using JtaPlatform implementation: [org.hibernate.engine.transaction.jta.platform.internal.NoJtaPlatform]
Hibernate: 
    alter table article_comment 
       drop 
       foreign key FKghmocqkgqs5tkmucf5putw64t
Hibernate: 
    drop table if exists article
Hibernate: 
    drop table if exists article_comment
Hibernate: 
    create table article (
        created_at datetime(6) not null,
        id bigint not null auto_increment,
        modified_at datetime(6) not null,
        created_by varchar(100) not null,
        modified_by varchar(100) not null,
        content varchar(10000) not null,
        hashtag varchar(255),
        title varchar(255) not null,
        primary key (id)
    ) engine=InnoDB
Hibernate: 
    create table article_comment (
        article_id bigint not null,
        created_at datetime(6) not null,
        id bigint not null auto_increment,
        modified_at datetime(6) not null,
        created_by varchar(100) not null,
        modified_by varchar(100) not null,
        content varchar(500) not null,
        primary key (id)
    ) engine=InnoDB
Hibernate: 
    create index IDX571gx7oqo5xpmgocegaidlcu9 
       on article (title)
Hibernate: 
    create index IDXai44fu6vaa28ebpydglnv7t3e 
       on article (hashtag)
Hibernate: 
    create index IDXrmt77yibijtk4sarremr67saa 
       on article (created_at)
Hibernate: 
    create index IDXjl4utii2etiocimt799wvtuvv 
       on article (created_by)
Hibernate: 
    create index IDXpieqqnljv147sefofs56h25qx 
       on article_comment (content)
Hibernate: 
    create index IDXh1jx107qecntcbcpc2vfb07ij 
       on article_comment (created_at)
Hibernate: 
    create index IDXc6pa61djuf2o8xnceyyvtdbaq 
       on article_comment (created_by)
Hibernate: 
    alter table article_comment 
       add constraint FKghmocqkgqs5tkmucf5putw64t 
       foreign key (article_id) 
       references article (id)
2023-08-15T19:28:32.637+09:00  INFO 97949 --- [    Test worker] j.LocalContainerEntityManagerFactoryBean : Initialized JPA EntityManagerFactory for persistence unit 'default'
2023-08-15T19:28:33.476+09:00  INFO 97949 --- [    Test worker] c.t.b.repository.JpaRepositoryTest       : Started JpaRepositoryTest in 5.245 seconds (process running for 6.752)
Hibernate: 
    select
        a1_0.id,
        a1_0.content,
        a1_0.created_at,
        a1_0.created_by,
        a1_0.hashtag,
        a1_0.modified_at,
        a1_0.modified_by,
        a1_0.title 
    from
        article a1_0 
    where
        a1_0.id=?
Hibernate: 
    update
        article 
    set
        content=?,
        created_at=?,
        created_by=?,
        hashtag=?,
        modified_at=?,
        modified_by=?,
        title=? 
    where
        id=?
Hibernate: 
    select
        a1_0.id,
        a1_0.content,
        a1_0.created_at,
        a1_0.created_by,
        a1_0.hashtag,
        a1_0.modified_at,
        a1_0.modified_by,
        a1_0.title 
    from
        article a1_0
Article(id=1, title=Phasellus id sapien in sapien iaculis congue., content=In hac habitasse platea dictumst. Morbi vestibulum, velit id pretium iaculis, diam erat fermentum justo, nec condimentum neque sapien placerat ante. Nulla justo., hashtag=#springBoot, createdAt=2023-01-13T07:04:23, createdBy=Daphene, modifiedAt=2023-08-15T19:28:34.350744, modifiedBy=yuseon)
Article(id=2, title=Aliquam augue quam, sollicitudin vitae, consectetuer eget, rutrum at, lorem., content=Fusce consequat. Nulla nisl. Nunc nisl., hashtag=Aquamarine, createdAt=2022-10-22T18:13:04, createdBy=Bonni, modifiedAt=2022-11-11T18:01:36, modifiedBy=Ernestus)
Article(id=3, title=Phasellus in felis., content=Duis bibendum, felis sed interdum venenatis, turpis enim blandit mi, in porttitor pede justo eu massa. Donec dapibus. Duis at velit eu est congue elementum., hashtag=Green, createdAt=2022-09-12T23:36:47, createdBy=Terrance, modifiedAt=2023-03-06T07:36:14, modifiedBy=Henrik)
Article(id=4, title=Proin interdum mauris non ligula pellentesque ultrices., content=Lorem ipsum dolor sit amet, consectetuer adipiscing elit. Proin risus. Praesent lectus., hashtag=Puce, createdAt=2023-03-27T22:57:25, createdBy=Pansy, modifiedAt=2022-09-05T14:40:12, modifiedBy=Goddard)
Article(id=5, title=Vestibulum quam sapien, varius ut, blandit non, interdum in, ante., content=In quis justo. Maecenas rhoncus aliquam lacus. Morbi quis tortor id nulla ultrices aliquet., hashtag=Turquoise, createdAt=2022-09-13T13:21:18, createdBy=Carleen, modifiedAt=2022-09-20T05:22:34, modifiedBy=Leonerd)
Article(id=6, title=Integer non velit., content=Donec diam neque, vestibulum eget, vulputate ut, ultrices vel, augue. Vestibulum ante ipsum primis in faucibus orci luctus et ultrices posuere cubilia Curae; Donec pharetra, magna vestibulum aliquet ultrices, erat tortor sollicitudin mi, sit amet lobortis sapien sapien non mi. Integer ac neque., hashtag=Turquoise, createdAt=2023-03-03T23:58:31, createdBy=Smitty, modifiedAt=2022-08-17T12:53:42, modifiedBy=Cathlene)
Article(id=7, title=Cras pellentesque volutpat dui., content=Morbi non lectus. Aliquam sit amet diam in magna bibendum imperdiet. Nullam orci pede, venenatis non, sodales sed, tincidunt eu, felis., hashtag=Teal, createdAt=2022-10-08T07:01:27, createdBy=Thorstein, modifiedAt=2023-03-26T11:39:50, modifiedBy=Amos)
Article(id=8, title=Integer non velit., content=Aenean fermentum. Donec ut mauris eget massa tempor convallis. Nulla neque libero, convallis eget, eleifend luctus, ultricies eu, nibh., hashtag=Violet, createdAt=2023-06-19T06:30:20, createdBy=Rheta, modifiedAt=2022-09-02T14:31:03, modifiedBy=Kelly)
Article(id=9, title=In est risus, auctor sed, tristique in, tempus sit amet, sem., content=Curabitur gravida nisi at nibh. In hac habitasse platea dictumst. Aliquam augue quam, sollicitudin vitae, consectetuer eget, rutrum at, lorem., hashtag=Mauv, createdAt=2023-01-07T18:05:58, createdBy=Natty, modifiedAt=2023-02-08T10:24:09, modifiedBy=Cedric)
Article(id=10, title=Cum sociis natoque penatibus et magnis dis parturient montes, nascetur ridiculus mus., content=Nullam sit amet turpis elementum ligula vehicula consequat. Morbi a ipsum. Integer a nibh., hashtag=Purple, createdAt=2023-05-22T08:40:40, createdBy=Petunia, modifiedAt=2023-01-03T23:59:40, modifiedBy=Heddi)
Article(id=11, title=Etiam justo., content=Duis bibendum. Morbi non quam nec dui luctus rutrum. Nulla tellus., hashtag=Mauv, createdAt=2023-08-07T04:15:23, createdBy=Carol, modifiedAt=2023-04-29T03:27:17, modifiedBy=Ernesta)
Article(id=12, title=Nam tristique tortor eu pede., content=Mauris enim leo, rhoncus sed, vestibulum sit amet, cursus id, turpis. Integer aliquet, massa id lobortis convallis, tortor risus dapibus augue, vel accumsan tellus nisi eu orci. Mauris lacinia sapien quis libero., hashtag=Khaki, createdAt=2022-10-26T20:39:09, createdBy=Doretta, modifiedAt=2023-02-22T02:00:40, modifiedBy=Timothea)
Article(id=13, title=Sed sagittis., content=Suspendisse potenti. In eleifend quam a odio. In hac habitasse platea dictumst., hashtag=Yellow, createdAt=2023-03-31T23:06:32, createdBy=Kinsley, modifiedAt=2023-04-26T18:28:46, modifiedBy=Olav)
Article(id=14, title=In hac habitasse platea dictumst., content=Integer ac leo. Pellentesque ultrices mattis odio. Donec vitae nisi., hashtag=Green, createdAt=2022-10-31T11:40:03, createdBy=Gay, modifiedAt=2022-10-29T18:59, modifiedBy=Maude)
Article(id=15, title=Aenean lectus., content=Quisque porta volutpat erat. Quisque erat eros, viverra eget, congue eget, semper rutrum, nulla. Nunc purus., hashtag=Crimson, createdAt=2023-07-14T11:54:02, createdBy=Annice, modifiedAt=2022-12-26T08:56:08, modifiedBy=Fernande)
Article(id=16, title=Nulla nisl., content=Quisque porta volutpat erat. Quisque erat eros, viverra eget, congue eget, semper rutrum, nulla. Nunc purus., hashtag=Violet, createdAt=2022-09-28T11:19:18, createdBy=Hastings, modifiedAt=2023-07-01T13:30:37, modifiedBy=Kimmi)
Article(id=17, title=Curabitur at ipsum ac tellus semper interdum., content=Duis aliquam convallis nunc. Proin at turpis a pede posuere nonummy. Integer non velit., hashtag=Goldenrod, createdAt=2023-07-25T08:19:24, createdBy=Travus, modifiedAt=2023-04-19T16:16:55, modifiedBy=Nomi)
Article(id=18, title=Donec odio justo, sollicitudin ut, suscipit a, feugiat et, eros., content=Proin eu mi. Nulla ac enim. In tempor, turpis nec euismod scelerisque, quam turpis adipiscing lorem, vitae mattis nibh ligula nec sem., hashtag=Orange, createdAt=2022-12-02T00:33:53, createdBy=Ramona, modifiedAt=2023-03-09T03:05:23, modifiedBy=Farrand)
Article(id=19, title=Maecenas pulvinar lobortis est., content=Sed ante. Vivamus tortor. Duis mattis egestas metus., hashtag=Khaki, createdAt=2023-02-02T19:33:43, createdBy=Isaak, modifiedAt=2023-02-18T07:27:36, modifiedBy=Calley)
Article(id=20, title=Etiam pretium iaculis justo., content=Cras non velit nec nisi vulputate nonummy. Maecenas tincidunt lacus at velit. Vivamus vel nulla eget eros elementum pellentesque., hashtag=Yellow, createdAt=2022-11-18T07:47:45, createdBy=Joyann, modifiedAt=2023-06-12T04:33:47, modifiedBy=Collete)
Article(id=21, title=Quisque id justo sit amet sapien dignissim vestibulum., content=Duis aliquam convallis nunc. Proin at turpis a pede posuere nonummy. Integer non velit., hashtag=Teal, createdAt=2022-10-24T23:48:38, createdBy=Sonni, modifiedAt=2022-10-06T07:35:32, modifiedBy=Thatcher)
Article(id=22, title=Nullam molestie nibh in lectus., content=In hac habitasse platea dictumst. Morbi vestibulum, velit id pretium iaculis, diam erat fermentum justo, nec condimentum neque sapien placerat ante. Nulla justo., hashtag=Teal, createdAt=2023-01-06T10:48:28, createdBy=Evonne, modifiedAt=2023-05-01T12:32:58, modifiedBy=Tracie)
Article(id=23, title=Sed ante., content=Praesent blandit. Nam nulla. Integer pede justo, lacinia eget, tincidunt eget, tempus vel, pede., hashtag=Fuscia, createdAt=2022-11-27T04:21:37, createdBy=Isis, modifiedAt=2023-01-20T19:39:39, modifiedBy=Candie)
Article(id=24, title=Cras mi pede, malesuada in, imperdiet et, commodo vulputate, justo., content=Morbi non lectus. Aliquam sit amet diam in magna bibendum imperdiet. Nullam orci pede, venenatis non, sodales sed, tincidunt eu, felis., hashtag=Crimson, createdAt=2023-05-05T09:46, createdBy=Napoleon, modifiedAt=2022-08-17T01:40:25, modifiedBy=Annelise)
Article(id=25, title=Aliquam augue quam, sollicitudin vitae, consectetuer eget, rutrum at, lorem., content=Fusce consequat. Nulla nisl. Nunc nisl., hashtag=Orange, createdAt=2023-01-13T21:11:54, createdBy=Magnum, modifiedAt=2022-11-16T20:57:52, modifiedBy=Myrtie)
Article(id=26, title=Morbi non quam nec dui luctus rutrum., content=Lorem ipsum dolor sit amet, consectetuer adipiscing elit. Proin risus. Praesent lectus., hashtag=Turquoise, createdAt=2022-10-10T06:30:53, createdBy=Reynard, modifiedAt=2023-07-23T21:09:19, modifiedBy=Tab)
Article(id=27, title=Cum sociis natoque penatibus et magnis dis parturient montes, nascetur ridiculus mus., content=Proin eu mi. Nulla ac enim. In tempor, turpis nec euismod scelerisque, quam turpis adipiscing lorem, vitae mattis nibh ligula nec sem., hashtag=Blue, createdAt=2023-04-11T11:24:50, createdBy=Michale, modifiedAt=2023-07-07T23:30:56, modifiedBy=Barde)
Article(id=28, title=Integer pede justo, lacinia eget, tincidunt eget, tempus vel, pede., content=Quisque porta volutpat erat. Quisque erat eros, viverra eget, congue eget, semper rutrum, nulla. Nunc purus., hashtag=Orange, createdAt=2023-04-18T12:02:43, createdBy=Davide, modifiedAt=2023-06-02T14:08:47, modifiedBy=Pauly)
Article(id=29, title=Phasellus id sapien in sapien iaculis congue., content=Phasellus sit amet erat. Nulla tempus. Vivamus in felis eu sapien cursus vestibulum., hashtag=Pink, createdAt=2023-07-07T04:17:18, createdBy=Jeramey, modifiedAt=2023-06-09T23:16:36, modifiedBy=Bond)
Article(id=30, title=Fusce lacus purus, aliquet at, feugiat non, pretium quis, lectus., content=Curabitur at ipsum ac tellus semper interdum. Mauris ullamcorper purus sit amet nulla. Quisque arcu libero, rutrum ac, lobortis vel, dapibus at, diam., hashtag=Goldenrod, createdAt=2023-05-14T09:32:41, createdBy=Leonore, modifiedAt=2023-06-08T11:59:49, modifiedBy=Gipsy)
]]></system-out>
  <system-err><![CDATA[]]></system-err>
</testsuite>
