<?xml version="1.0" encoding="UTF-8"?>
<testsuite name="com.toyproject.boardproject.BoardProjectApplicationTests" tests="1" skipped="0" failures="0" errors="0" timestamp="2023-08-04T16:17:56" hostname="gim-yuseon-ui-MacBookPro-2.local" time="0.994">
  <properties/>
  <testcase name="contextLoads()" classname="com.toyproject.boardproject.BoardProjectApplicationTests" time="0.994"/>
  <system-out><![CDATA[01:17:50.293 [Test worker] INFO org.springframework.test.context.support.AnnotationConfigContextLoaderUtils -- Could not detect default configuration classes for test class [com.toyproject.boardproject.BoardProjectApplicationTests]: BoardProjectApplicationTests does not declare any static, non-private, non-final, nested classes annotated with @Configuration.
01:17:50.490 [Test worker] INFO org.springframework.boot.test.context.SpringBootTestContextBootstrapper -- Found @SpringBootConfiguration com.toyproject.boardproject.BoardProjectApplication for test class com.toyproject.boardproject.BoardProjectApplicationTests

  .   ____          _            __ _ _
 /\\ / ___'_ __ _ _(_)_ __  __ _ \ \ \ \
( ( )\___ | '_ | '_| | '_ \/ _` | \ \ \ \
 \\/  ___)| |_)| | | | | || (_| |  ) ) ) )
  '  |____| .__|_| |_|_| |_\__, | / / / /
 =========|_|==============|___/=/_/_/_/
 :: Spring Boot ::                (v3.1.2)

2023-08-05T01:17:51.610+09:00  INFO 41203 --- [    Test worker] c.t.b.BoardProjectApplicationTests       : Starting BoardProjectApplicationTests using Java 17.0.7 with PID 41203 (started by yuling in /Users/yuling/Desktop/공부/토이프로젝트/board-project)
2023-08-05T01:17:51.613+09:00  INFO 41203 --- [    Test worker] c.t.b.BoardProjectApplicationTests       : No active profile set, falling back to 1 default profile: "default"
2023-08-05T01:17:52.950+09:00  INFO 41203 --- [    Test worker] .s.d.r.c.RepositoryConfigurationDelegate : Bootstrapping Spring Data JPA repositories in DEFAULT mode.
2023-08-05T01:17:52.981+09:00  INFO 41203 --- [    Test worker] .s.d.r.c.RepositoryConfigurationDelegate : Finished Spring Data repository scanning in 18 ms. Found 0 JPA repository interfaces.
2023-08-05T01:17:53.655+09:00  INFO 41203 --- [    Test worker] o.hibernate.jpa.internal.util.LogHelper  : HHH000204: Processing PersistenceUnitInfo [name: default]
2023-08-05T01:17:53.723+09:00  INFO 41203 --- [    Test worker] org.hibernate.Version                    : HHH000412: Hibernate ORM core version 6.2.6.Final
2023-08-05T01:17:53.727+09:00  INFO 41203 --- [    Test worker] org.hibernate.cfg.Environment            : HHH000406: Using bytecode reflection optimizer
2023-08-05T01:17:53.984+09:00  INFO 41203 --- [    Test worker] o.h.b.i.BytecodeProviderInitiator        : HHH000021: Bytecode provider name : bytebuddy
2023-08-05T01:17:54.194+09:00  INFO 41203 --- [    Test worker] o.s.o.j.p.SpringPersistenceUnitInfo      : No LoadTimeWeaver setup: ignoring JPA class transformer
2023-08-05T01:17:54.217+09:00  INFO 41203 --- [    Test worker] com.zaxxer.hikari.HikariDataSource       : HikariPool-1 - Starting...
2023-08-05T01:17:54.826+09:00  INFO 41203 --- [    Test worker] com.zaxxer.hikari.pool.HikariPool        : HikariPool-1 - Added connection com.mysql.cj.jdbc.ConnectionImpl@45fb2354
2023-08-05T01:17:54.829+09:00  INFO 41203 --- [    Test worker] com.zaxxer.hikari.HikariDataSource       : HikariPool-1 - Start completed.
2023-08-05T01:17:54.894+09:00  WARN 41203 --- [    Test worker] org.hibernate.orm.deprecation            : HHH90000026: MySQL57Dialect has been deprecated; use org.hibernate.dialect.MySQLDialect instead
2023-08-05T01:17:55.055+09:00  INFO 41203 --- [    Test worker] o.h.b.i.BytecodeProviderInitiator        : HHH000021: Bytecode provider name : bytebuddy
2023-08-05T01:17:55.444+09:00  INFO 41203 --- [    Test worker] o.h.e.t.j.p.i.JtaPlatformInitiator       : HHH000490: Using JtaPlatform implementation: [org.hibernate.engine.transaction.jta.platform.internal.NoJtaPlatform]
2023-08-05T01:17:55.451+09:00  INFO 41203 --- [    Test worker] j.LocalContainerEntityManagerFactoryBean : Initialized JPA EntityManagerFactory for persistence unit 'default'
2023-08-05T01:17:55.890+09:00 DEBUG 41203 --- [    Test worker] s.w.s.m.m.a.RequestMappingHandlerAdapter : ControllerAdvice beans: 0 @ModelAttribute, 0 @InitBinder, 1 RequestBodyAdvice, 1 ResponseBodyAdvice
2023-08-05T01:17:56.001+09:00 DEBUG 41203 --- [    Test worker] s.w.s.m.m.a.RequestMappingHandlerMapping : 2 mappings in 'requestMappingHandlerMapping'
2023-08-05T01:17:56.033+09:00 DEBUG 41203 --- [    Test worker] o.s.w.s.handler.SimpleUrlHandlerMapping  : Patterns [/webjars/**, /**] in 'resourceHandlerMapping'
2023-08-05T01:17:56.048+09:00 DEBUG 41203 --- [    Test worker] .m.m.a.ExceptionHandlerExceptionResolver : ControllerAdvice beans: 0 @ExceptionHandler, 1 ResponseBodyAdvice
2023-08-05T01:17:56.693+09:00  INFO 41203 --- [    Test worker] o.s.b.a.e.web.EndpointLinksResolver      : Exposing 13 endpoint(s) beneath base path '/actuator'
2023-08-05T01:17:56.835+09:00  INFO 41203 --- [    Test worker] c.t.b.BoardProjectApplicationTests       : Started BoardProjectApplicationTests in 5.834 seconds (process running for 7.977)
]]></system-out>
  <system-err><![CDATA[]]></system-err>
</testsuite>
