<?xml version="1.0" encoding="UTF-8"?>
<testsuite name="View 컨트롤러 - 게시글" tests="4" skipped="3" failures="0" errors="0" timestamp="2023-08-24T03:35:16" hostname="gim-yuseon-ui-MacBookPro-2.local" time="0.631">
  <properties/>
  <testcase name="[view][GET] 게시글 상세 페이지 - 정상호출" classname="com.toyproject.boardproject.controller.ArticleControllerTest" time="0.001">
    <skipped/>
  </testcase>
  <testcase name="[view][GET] 게시글 해시태그 검색 페이지 - 정상 호출" classname="com.toyproject.boardproject.controller.ArticleControllerTest" time="0.001">
    <skipped/>
  </testcase>
  <testcase name="[view][GET] 게시글 검색 전용 페이지 - 정상 호출" classname="com.toyproject.boardproject.controller.ArticleControllerTest" time="0.0">
    <skipped/>
  </testcase>
  <testcase name="[view][GET] 게시글 리스트 (게시판) 페이지 - 정상 호출" classname="com.toyproject.boardproject.controller.ArticleControllerTest" time="0.618"/>
  <system-out><![CDATA[2023-08-24 12:35:15.839  INFO 57967 --- [    Test worker] .b.t.a.w.s.WebMvcTestContextBootstrapper : Neither @ContextConfiguration nor @ContextHierarchy found for test class [com.toyproject.boardproject.controller.ArticleControllerTest], using SpringBootContextLoader
2023-08-24 12:35:15.840  INFO 57967 --- [    Test worker] o.s.t.c.support.AbstractContextLoader    : Could not detect default resource locations for test class [com.toyproject.boardproject.controller.ArticleControllerTest]: no resource found for suffixes {-context.xml, Context.groovy}.
2023-08-24 12:35:15.841  INFO 57967 --- [    Test worker] t.c.s.AnnotationConfigContextLoaderUtils : Could not detect default configuration classes for test class [com.toyproject.boardproject.controller.ArticleControllerTest]: ArticleControllerTest does not declare any static, non-private, non-final, nested classes annotated with @Configuration.
2023-08-24 12:35:15.872  INFO 57967 --- [    Test worker] .b.t.c.SpringBootTestContextBootstrapper : Found @SpringBootConfiguration com.toyproject.boardproject.BoardProjectApplication for test class com.toyproject.boardproject.controller.ArticleControllerTest
2023-08-24 12:35:15.873  INFO 57967 --- [    Test worker] .b.t.a.w.s.WebMvcTestContextBootstrapper : Loaded default TestExecutionListener class names from location [META-INF/spring.factories]: [org.springframework.boot.test.autoconfigure.restdocs.RestDocsTestExecutionListener, org.springframework.boot.test.autoconfigure.web.client.MockRestServiceServerResetTestExecutionListener, org.springframework.boot.test.autoconfigure.web.servlet.MockMvcPrintOnlyOnFailureTestExecutionListener, org.springframework.boot.test.autoconfigure.web.servlet.WebDriverTestExecutionListener, org.springframework.boot.test.autoconfigure.webservices.client.MockWebServiceServerTestExecutionListener, org.springframework.boot.test.mock.mockito.MockitoTestExecutionListener, org.springframework.boot.test.mock.mockito.ResetMocksTestExecutionListener, org.springframework.test.context.web.ServletTestExecutionListener, org.springframework.test.context.support.DirtiesContextBeforeModesTestExecutionListener, org.springframework.test.context.event.ApplicationEventsTestExecutionListener, org.springframework.test.context.support.DependencyInjectionTestExecutionListener, org.springframework.test.context.support.DirtiesContextTestExecutionListener, org.springframework.test.context.transaction.TransactionalTestExecutionListener, org.springframework.test.context.jdbc.SqlScriptsTestExecutionListener, org.springframework.test.context.event.EventPublishingTestExecutionListener]
2023-08-24 12:35:15.874  INFO 57967 --- [    Test worker] .b.t.a.w.s.WebMvcTestContextBootstrapper : Using TestExecutionListeners: [org.springframework.test.context.web.ServletTestExecutionListener@46aa5294, org.springframework.test.context.support.DirtiesContextBeforeModesTestExecutionListener@283645fa, org.springframework.test.context.event.ApplicationEventsTestExecutionListener@70a81b4e, org.springframework.boot.test.mock.mockito.MockitoTestExecutionListener@48c56b42, org.springframework.boot.test.autoconfigure.SpringBootDependencyInjectionTestExecutionListener@5c6fae3c, org.springframework.test.context.support.DirtiesContextTestExecutionListener@466c39de, org.springframework.test.context.transaction.TransactionalTestExecutionListener@762e3836, org.springframework.test.context.jdbc.SqlScriptsTestExecutionListener@15d2c2ca, org.springframework.test.context.event.EventPublishingTestExecutionListener@346d8002, org.springframework.boot.test.autoconfigure.restdocs.RestDocsTestExecutionListener@1368ed98, org.springframework.boot.test.autoconfigure.web.client.MockRestServiceServerResetTestExecutionListener@1400984b, org.springframework.boot.test.autoconfigure.web.servlet.MockMvcPrintOnlyOnFailureTestExecutionListener@17c7cc93, org.springframework.boot.test.autoconfigure.web.servlet.WebDriverTestExecutionListener@4ff233f9, org.springframework.boot.test.autoconfigure.webservices.client.MockWebServiceServerTestExecutionListener@1b2213b2, org.springframework.boot.test.mock.mockito.ResetMocksTestExecutionListener@bf0025d]

  .   ____          _            __ _ _
 /\\ / ___'_ __ _ _(_)_ __  __ _ \ \ \ \
( ( )\___ | '_ | '_| | '_ \/ _` | \ \ \ \
 \\/  ___)| |_)| | | | | || (_| |  ) ) ) )
  '  |____| .__|_| |_|_| |_\__, | / / / /
 =========|_|==============|___/=/_/_/_/
 :: Spring Boot ::                (v2.7.0)

2023-08-24 12:35:15.915  INFO 57967 --- [    Test worker] c.t.b.controller.ArticleControllerTest   : Starting ArticleControllerTest using Java 17.0.7 on gim-yuseon-ui-MacBookPro-2.local with PID 57967 (started by yuling in /Users/yuling/Desktop/공부/토이프로젝트/board-project)
2023-08-24 12:35:15.916  INFO 57967 --- [    Test worker] c.t.b.controller.ArticleControllerTest   : No active profile set, falling back to 1 default profile: "default"
2023-08-24 12:35:16.332 DEBUG 57967 --- [    Test worker] s.w.s.m.m.a.RequestMappingHandlerAdapter : ControllerAdvice beans: 0 @ModelAttribute, 0 @InitBinder, 1 RequestBodyAdvice, 1 ResponseBodyAdvice
2023-08-24 12:35:16.340  INFO 57967 --- [    Test worker] o.s.b.a.w.s.WelcomePageHandlerMapping    : Adding welcome page template: index
2023-08-24 12:35:16.375 DEBUG 57967 --- [    Test worker] s.w.s.m.m.a.RequestMappingHandlerMapping : 3 mappings in 'requestMappingHandlerMapping'
2023-08-24 12:35:16.437 DEBUG 57967 --- [    Test worker] o.s.w.s.handler.SimpleUrlHandlerMapping  : Patterns [/webjars/**, /**] in 'resourceHandlerMapping'
2023-08-24 12:35:16.458 DEBUG 57967 --- [    Test worker] .m.m.a.ExceptionHandlerExceptionResolver : ControllerAdvice beans: 0 @ExceptionHandler, 1 ResponseBodyAdvice
2023-08-24 12:35:16.728  INFO 57967 --- [    Test worker] o.s.b.t.m.w.SpringBootMockServletContext : Initializing Spring TestDispatcherServlet ''
2023-08-24 12:35:16.728  INFO 57967 --- [    Test worker] o.s.t.web.servlet.TestDispatcherServlet  : Initializing Servlet ''
2023-08-24 12:35:16.730  INFO 57967 --- [    Test worker] o.s.t.web.servlet.TestDispatcherServlet  : Completed initialization in 1 ms
2023-08-24 12:35:16.759  INFO 57967 --- [    Test worker] c.t.b.controller.ArticleControllerTest   : Started ArticleControllerTest in 0.878 seconds (JVM running for 15.226)
2023-08-24 12:35:16.817 DEBUG 57967 --- [    Test worker] s.w.s.m.m.a.RequestMappingHandlerMapping : Mapped to com.toyproject.boardproject.controller.ArticleController#articles(ModelMap)
왜안되지
2023-08-24 12:35:16.855 DEBUG 57967 --- [    Test worker] o.s.w.s.v.ContentNegotiatingViewResolver : Selected '*/*' given [*/*]
]]></system-out>
  <system-err><![CDATA[]]></system-err>
</testsuite>
