<?xml version="1.0" encoding="UTF-8"?>
<testsuite name="View 컨트롤러 - 게시글" tests="1" skipped="0" failures="0" errors="0" timestamp="2023-08-22T14:27:51" hostname="gim-yuseon-ui-MacBookPro-2.local" time="1.012">
  <properties/>
  <testcase name="[view][GET] 게시글 리스트 (게시판) 페이지 - 정상 호출" classname="com.toyproject.boardproject.controller.ArticleControllerTest" time="1.012"/>
  <system-out><![CDATA[23:27:47.972 [Test worker] DEBUG org.springframework.test.context.BootstrapUtils - Instantiating CacheAwareContextLoaderDelegate from class [org.springframework.test.context.cache.DefaultCacheAwareContextLoaderDelegate]
23:27:47.996 [Test worker] DEBUG org.springframework.test.context.BootstrapUtils - Instantiating BootstrapContext using constructor [public org.springframework.test.context.support.DefaultBootstrapContext(java.lang.Class,org.springframework.test.context.CacheAwareContextLoaderDelegate)]
23:27:48.073 [Test worker] DEBUG org.springframework.test.context.BootstrapUtils - Instantiating TestContextBootstrapper for test class [com.toyproject.boardproject.controller.ArticleControllerTest] from class [org.springframework.boot.test.autoconfigure.web.servlet.WebMvcTestContextBootstrapper]
23:27:48.092 [Test worker] INFO org.springframework.boot.test.autoconfigure.web.servlet.WebMvcTestContextBootstrapper - Neither @ContextConfiguration nor @ContextHierarchy found for test class [com.toyproject.boardproject.controller.ArticleControllerTest], using SpringBootContextLoader
23:27:48.098 [Test worker] DEBUG org.springframework.test.context.support.AbstractContextLoader - Did not detect default resource location for test class [com.toyproject.boardproject.controller.ArticleControllerTest]: class path resource [com/toyproject/boardproject/controller/ArticleControllerTest-context.xml] does not exist
23:27:48.099 [Test worker] DEBUG org.springframework.test.context.support.AbstractContextLoader - Did not detect default resource location for test class [com.toyproject.boardproject.controller.ArticleControllerTest]: class path resource [com/toyproject/boardproject/controller/ArticleControllerTestContext.groovy] does not exist
23:27:48.100 [Test worker] INFO org.springframework.test.context.support.AbstractContextLoader - Could not detect default resource locations for test class [com.toyproject.boardproject.controller.ArticleControllerTest]: no resource found for suffixes {-context.xml, Context.groovy}.
23:27:48.101 [Test worker] INFO org.springframework.test.context.support.AnnotationConfigContextLoaderUtils - Could not detect default configuration classes for test class [com.toyproject.boardproject.controller.ArticleControllerTest]: ArticleControllerTest does not declare any static, non-private, non-final, nested classes annotated with @Configuration.
23:27:48.223 [Test worker] DEBUG org.springframework.test.context.support.ActiveProfilesUtils - Could not find an 'annotation declaring class' for annotation type [org.springframework.test.context.ActiveProfiles] and class [com.toyproject.boardproject.controller.ArticleControllerTest]
23:27:48.323 [Test worker] DEBUG org.springframework.context.annotation.ClassPathScanningCandidateComponentProvider - Identified candidate component class: file [/Users/yuling/Desktop/공부/토이프로젝트/board-project/build/classes/java/main/com/toyproject/boardproject/BoardProjectApplication.class]
23:27:48.325 [Test worker] INFO org.springframework.boot.test.context.SpringBootTestContextBootstrapper - Found @SpringBootConfiguration com.toyproject.boardproject.BoardProjectApplication for test class com.toyproject.boardproject.controller.ArticleControllerTest
23:27:48.330 [Test worker] DEBUG org.springframework.boot.test.autoconfigure.web.servlet.WebMvcTestContextBootstrapper - @TestExecutionListeners is not present for class [com.toyproject.boardproject.controller.ArticleControllerTest]: using defaults.
23:27:48.331 [Test worker] INFO org.springframework.boot.test.autoconfigure.web.servlet.WebMvcTestContextBootstrapper - Loaded default TestExecutionListener class names from location [META-INF/spring.factories]: [org.springframework.boot.test.autoconfigure.restdocs.RestDocsTestExecutionListener, org.springframework.boot.test.autoconfigure.web.client.MockRestServiceServerResetTestExecutionListener, org.springframework.boot.test.autoconfigure.web.servlet.MockMvcPrintOnlyOnFailureTestExecutionListener, org.springframework.boot.test.autoconfigure.web.servlet.WebDriverTestExecutionListener, org.springframework.boot.test.autoconfigure.webservices.client.MockWebServiceServerTestExecutionListener, org.springframework.boot.test.mock.mockito.MockitoTestExecutionListener, org.springframework.boot.test.mock.mockito.ResetMocksTestExecutionListener, org.springframework.test.context.web.ServletTestExecutionListener, org.springframework.test.context.support.DirtiesContextBeforeModesTestExecutionListener, org.springframework.test.context.event.ApplicationEventsTestExecutionListener, org.springframework.test.context.support.DependencyInjectionTestExecutionListener, org.springframework.test.context.support.DirtiesContextTestExecutionListener, org.springframework.test.context.transaction.TransactionalTestExecutionListener, org.springframework.test.context.jdbc.SqlScriptsTestExecutionListener, org.springframework.test.context.event.EventPublishingTestExecutionListener]
23:27:48.356 [Test worker] INFO org.springframework.boot.test.autoconfigure.web.servlet.WebMvcTestContextBootstrapper - Using TestExecutionListeners: [org.springframework.test.context.web.ServletTestExecutionListener@5bc9ba1d, org.springframework.test.context.support.DirtiesContextBeforeModesTestExecutionListener@1021f6c9, org.springframework.test.context.event.ApplicationEventsTestExecutionListener@7516e4e5, org.springframework.boot.test.mock.mockito.MockitoTestExecutionListener@488eb7f2, org.springframework.boot.test.autoconfigure.SpringBootDependencyInjectionTestExecutionListener@5e81e5ac, org.springframework.test.context.support.DirtiesContextTestExecutionListener@4189d70b, org.springframework.test.context.transaction.TransactionalTestExecutionListener@3fa2213, org.springframework.test.context.jdbc.SqlScriptsTestExecutionListener@3e7634b9, org.springframework.test.context.event.EventPublishingTestExecutionListener@6f0b0a5e, org.springframework.boot.test.autoconfigure.restdocs.RestDocsTestExecutionListener@6035b93b, org.springframework.boot.test.autoconfigure.web.client.MockRestServiceServerResetTestExecutionListener@320de594, org.springframework.boot.test.autoconfigure.web.servlet.MockMvcPrintOnlyOnFailureTestExecutionListener@3dd1dc90, org.springframework.boot.test.autoconfigure.web.servlet.WebDriverTestExecutionListener@abf688e, org.springframework.boot.test.autoconfigure.webservices.client.MockWebServiceServerTestExecutionListener@478ee483, org.springframework.boot.test.mock.mockito.ResetMocksTestExecutionListener@1a7288a3]
23:27:48.362 [Test worker] DEBUG org.springframework.test.context.support.AbstractDirtiesContextTestExecutionListener - Before test class: context [DefaultTestContext@21baa903 testClass = ArticleControllerTest, testInstance = [null], testMethod = [null], testException = [null], mergedContextConfiguration = [WebMergedContextConfiguration@607fbe09 testClass = ArticleControllerTest, locations = '{}', classes = '{class com.toyproject.boardproject.BoardProjectApplication}', contextInitializerClasses = '[]', activeProfiles = '{}', propertySourceLocations = '{}', propertySourceProperties = '{org.springframework.boot.test.autoconfigure.web.servlet.WebMvcTestContextBootstrapper=true}', contextCustomizers = set[org.springframework.boot.test.autoconfigure.OverrideAutoConfigurationContextCustomizerFactory$DisableAutoConfigurationContextCustomizer@740d2e78, org.springframework.boot.test.autoconfigure.actuate.metrics.MetricsExportContextCustomizerFactory$DisableMetricExportContextCustomizer@5a1de7fb, org.springframework.boot.test.autoconfigure.filter.TypeExcludeFiltersContextCustomizer@73972772, org.springframework.boot.test.autoconfigure.properties.PropertyMappingContextCustomizer@d76ef13c, org.springframework.boot.test.autoconfigure.web.servlet.WebDriverContextCustomizerFactory$Customizer@3a12c404, [ImportsContextCustomizer@60a2630a key = [org.springframework.boot.autoconfigure.cache.CacheAutoConfiguration, org.springframework.boot.autoconfigure.context.MessageSourceAutoConfiguration, org.springframework.boot.autoconfigure.data.web.SpringDataWebAutoConfiguration, org.springframework.boot.autoconfigure.freemarker.FreeMarkerAutoConfiguration, org.springframework.boot.autoconfigure.groovy.template.GroovyTemplateAutoConfiguration, org.springframework.boot.autoconfigure.gson.GsonAutoConfiguration, org.springframework.boot.autoconfigure.hateoas.HypermediaAutoConfiguration, org.springframework.boot.autoconfigure.http.HttpMessageConvertersAutoConfiguration, org.springframework.boot.autoconfigure.jackson.JacksonAutoConfiguration, org.springframework.boot.autoconfigure.jsonb.JsonbAutoConfiguration, org.springframework.boot.autoconfigure.mustache.MustacheAutoConfiguration, org.springframework.boot.autoconfigure.task.TaskExecutionAutoConfiguration, org.springframework.boot.autoconfigure.thymeleaf.ThymeleafAutoConfiguration, org.springframework.boot.autoconfigure.validation.ValidationAutoConfiguration, org.springframework.boot.autoconfigure.web.servlet.error.ErrorMvcAutoConfiguration, org.springframework.boot.autoconfigure.web.servlet.HttpEncodingAutoConfiguration, org.springframework.boot.autoconfigure.web.servlet.WebMvcAutoConfiguration, org.springframework.boot.test.autoconfigure.web.servlet.MockMvcAutoConfiguration, org.springframework.boot.test.autoconfigure.web.servlet.MockMvcWebClientAutoConfiguration, org.springframework.boot.test.autoconfigure.web.servlet.MockMvcWebDriverAutoConfiguration, org.springframework.boot.autoconfigure.security.oauth2.client.servlet.OAuth2ClientAutoConfiguration, org.springframework.boot.autoconfigure.security.oauth2.resource.servlet.OAuth2ResourceServerAutoConfiguration, org.springframework.boot.autoconfigure.security.servlet.SecurityAutoConfiguration, org.springframework.boot.autoconfigure.security.servlet.SecurityFilterAutoConfiguration, org.springframework.boot.autoconfigure.security.servlet.UserDetailsServiceAutoConfiguration, org.springframework.boot.test.autoconfigure.web.servlet.MockMvcSecurityConfiguration, org.springframework.boot.test.autoconfigure.web.reactive.WebTestClientAutoConfiguration]], org.springframework.boot.test.context.filter.ExcludeFilterContextCustomizer@7a1a3478, org.springframework.boot.test.json.DuplicateJsonObjectContextCustomizerFactory$DuplicateJsonObjectContextCustomizer@222eb8aa, org.springframework.boot.test.mock.mockito.MockitoContextCustomizer@0, org.springframework.boot.test.context.SpringBootTestArgs@1, org.springframework.boot.test.context.SpringBootTestWebEnvironment@0], resourceBasePath = 'src/main/webapp', contextLoader = 'org.springframework.boot.test.context.SpringBootContextLoader', parent = [null]], attributes = map[[empty]]], class annotated with @DirtiesContext [false] with mode [null].

  .   ____          _            __ _ _
 /\\ / ___'_ __ _ _(_)_ __  __ _ \ \ \ \
( ( )\___ | '_ | '_| | '_ \/ _` | \ \ \ \
 \\/  ___)| |_)| | | | | || (_| |  ) ) ) )
  '  |____| .__|_| |_|_| |_\__, | / / / /
 =========|_|==============|___/=/_/_/_/
 :: Spring Boot ::                (v2.7.0)

2023-08-22 23:27:49.269  INFO 46063 --- [    Test worker] c.t.b.controller.ArticleControllerTest   : Starting ArticleControllerTest using Java 17.0.7 on gim-yuseon-ui-MacBookPro-2.local with PID 46063 (started by yuling in /Users/yuling/Desktop/공부/토이프로젝트/board-project)
2023-08-22 23:27:49.273  INFO 46063 --- [    Test worker] c.t.b.controller.ArticleControllerTest   : No active profile set, falling back to 1 default profile: "default"
2023-08-22 23:27:51.263 DEBUG 46063 --- [    Test worker] s.w.s.m.m.a.RequestMappingHandlerAdapter : ControllerAdvice beans: 0 @ModelAttribute, 0 @InitBinder, 1 RequestBodyAdvice, 1 ResponseBodyAdvice
2023-08-22 23:27:51.332  INFO 46063 --- [    Test worker] o.s.b.a.w.s.WelcomePageHandlerMapping    : Adding welcome page template: index
2023-08-22 23:27:51.415 DEBUG 46063 --- [    Test worker] s.w.s.m.m.a.RequestMappingHandlerMapping : 3 mappings in 'requestMappingHandlerMapping'
2023-08-22 23:27:51.466 DEBUG 46063 --- [    Test worker] o.s.w.s.handler.SimpleUrlHandlerMapping  : Patterns [/webjars/**, /**] in 'resourceHandlerMapping'
2023-08-22 23:27:51.480 DEBUG 46063 --- [    Test worker] .m.m.a.ExceptionHandlerExceptionResolver : ControllerAdvice beans: 0 @ExceptionHandler, 1 ResponseBodyAdvice
2023-08-22 23:27:51.702  INFO 46063 --- [    Test worker] o.s.b.t.m.w.SpringBootMockServletContext : Initializing Spring TestDispatcherServlet ''
2023-08-22 23:27:51.703  INFO 46063 --- [    Test worker] o.s.t.web.servlet.TestDispatcherServlet  : Initializing Servlet ''
2023-08-22 23:27:51.705  INFO 46063 --- [    Test worker] o.s.t.web.servlet.TestDispatcherServlet  : Completed initialization in 2 ms
2023-08-22 23:27:51.750  INFO 46063 --- [    Test worker] c.t.b.controller.ArticleControllerTest   : Started ArticleControllerTest in 3.308 seconds (JVM running for 5.655)
2023-08-22 23:27:52.422 DEBUG 46063 --- [    Test worker] s.w.s.m.m.a.RequestMappingHandlerMapping : Mapped to com.toyproject.boardproject.controller.ArticleController#articles(ModelMap)
왜안되지
2023-08-22 23:27:52.456 DEBUG 46063 --- [    Test worker] o.s.w.s.v.ContentNegotiatingViewResolver : Selected '*/*' given [*/*]
]]></system-out>
  <system-err><![CDATA[]]></system-err>
</testsuite>
