<?xml version="1.0" encoding="UTF-8"?>
<testsuite name="view 컨트롤러 - 인증" tests="1" skipped="0" failures="0" errors="0" timestamp="2023-08-24T14:09:41" hostname="gim-yuseon-ui-MacBookPro-2.local" time="0.734">
  <properties/>
  <testcase name="[view][GET] 로그인 페이지 - 정상 호출" classname="com.toyproject.boardproject.controller.AuthControllerTest" time="0.734"/>
  <system-out><![CDATA[23:09:37.384 [Test worker] DEBUG org.springframework.test.context.BootstrapUtils - Instantiating CacheAwareContextLoaderDelegate from class [org.springframework.test.context.cache.DefaultCacheAwareContextLoaderDelegate]
23:09:37.402 [Test worker] DEBUG org.springframework.test.context.BootstrapUtils - Instantiating BootstrapContext using constructor [public org.springframework.test.context.support.DefaultBootstrapContext(java.lang.Class,org.springframework.test.context.CacheAwareContextLoaderDelegate)]
23:09:37.481 [Test worker] DEBUG org.springframework.test.context.BootstrapUtils - Instantiating TestContextBootstrapper for test class [com.toyproject.boardproject.controller.AuthControllerTest] from class [org.springframework.boot.test.autoconfigure.web.servlet.WebMvcTestContextBootstrapper]
23:09:37.504 [Test worker] INFO org.springframework.boot.test.autoconfigure.web.servlet.WebMvcTestContextBootstrapper - Neither @ContextConfiguration nor @ContextHierarchy found for test class [com.toyproject.boardproject.controller.AuthControllerTest], using SpringBootContextLoader
23:09:37.513 [Test worker] DEBUG org.springframework.test.context.support.AbstractContextLoader - Did not detect default resource location for test class [com.toyproject.boardproject.controller.AuthControllerTest]: class path resource [com/toyproject/boardproject/controller/AuthControllerTest-context.xml] does not exist
23:09:37.514 [Test worker] DEBUG org.springframework.test.context.support.AbstractContextLoader - Did not detect default resource location for test class [com.toyproject.boardproject.controller.AuthControllerTest]: class path resource [com/toyproject/boardproject/controller/AuthControllerTestContext.groovy] does not exist
23:09:37.515 [Test worker] INFO org.springframework.test.context.support.AbstractContextLoader - Could not detect default resource locations for test class [com.toyproject.boardproject.controller.AuthControllerTest]: no resource found for suffixes {-context.xml, Context.groovy}.
23:09:37.516 [Test worker] INFO org.springframework.test.context.support.AnnotationConfigContextLoaderUtils - Could not detect default configuration classes for test class [com.toyproject.boardproject.controller.AuthControllerTest]: AuthControllerTest does not declare any static, non-private, non-final, nested classes annotated with @Configuration.
23:09:37.663 [Test worker] DEBUG org.springframework.test.context.support.ActiveProfilesUtils - Could not find an 'annotation declaring class' for annotation type [org.springframework.test.context.ActiveProfiles] and class [com.toyproject.boardproject.controller.AuthControllerTest]
23:09:37.830 [Test worker] DEBUG org.springframework.context.annotation.ClassPathScanningCandidateComponentProvider - Identified candidate component class: file [/Users/yuling/Desktop/공부/토이프로젝트/board-project/build/classes/java/main/com/toyproject/boardproject/BoardProjectApplication.class]
23:09:37.836 [Test worker] INFO org.springframework.boot.test.context.SpringBootTestContextBootstrapper - Found @SpringBootConfiguration com.toyproject.boardproject.BoardProjectApplication for test class com.toyproject.boardproject.controller.AuthControllerTest
23:09:37.857 [Test worker] DEBUG org.springframework.boot.test.autoconfigure.web.servlet.WebMvcTestContextBootstrapper - @TestExecutionListeners is not present for class [com.toyproject.boardproject.controller.AuthControllerTest]: using defaults.
23:09:37.858 [Test worker] INFO org.springframework.boot.test.autoconfigure.web.servlet.WebMvcTestContextBootstrapper - Loaded default TestExecutionListener class names from location [META-INF/spring.factories]: [org.springframework.boot.test.autoconfigure.restdocs.RestDocsTestExecutionListener, org.springframework.boot.test.autoconfigure.web.client.MockRestServiceServerResetTestExecutionListener, org.springframework.boot.test.autoconfigure.web.servlet.MockMvcPrintOnlyOnFailureTestExecutionListener, org.springframework.boot.test.autoconfigure.web.servlet.WebDriverTestExecutionListener, org.springframework.boot.test.autoconfigure.webservices.client.MockWebServiceServerTestExecutionListener, org.springframework.boot.test.mock.mockito.MockitoTestExecutionListener, org.springframework.boot.test.mock.mockito.ResetMocksTestExecutionListener, org.springframework.test.context.web.ServletTestExecutionListener, org.springframework.test.context.support.DirtiesContextBeforeModesTestExecutionListener, org.springframework.test.context.event.ApplicationEventsTestExecutionListener, org.springframework.test.context.support.DependencyInjectionTestExecutionListener, org.springframework.test.context.support.DirtiesContextTestExecutionListener, org.springframework.test.context.transaction.TransactionalTestExecutionListener, org.springframework.test.context.jdbc.SqlScriptsTestExecutionListener, org.springframework.test.context.event.EventPublishingTestExecutionListener]
23:09:37.898 [Test worker] INFO org.springframework.boot.test.autoconfigure.web.servlet.WebMvcTestContextBootstrapper - Using TestExecutionListeners: [org.springframework.test.context.web.ServletTestExecutionListener@abf688e, org.springframework.test.context.support.DirtiesContextBeforeModesTestExecutionListener@478ee483, org.springframework.test.context.event.ApplicationEventsTestExecutionListener@1a7288a3, org.springframework.boot.test.mock.mockito.MockitoTestExecutionListener@2974f221, org.springframework.boot.test.autoconfigure.SpringBootDependencyInjectionTestExecutionListener@58fe0499, org.springframework.test.context.support.DirtiesContextTestExecutionListener@686449f9, org.springframework.test.context.transaction.TransactionalTestExecutionListener@665df3c6, org.springframework.test.context.jdbc.SqlScriptsTestExecutionListener@68b6f0d6, org.springframework.test.context.event.EventPublishingTestExecutionListener@4044fb95, org.springframework.boot.test.autoconfigure.restdocs.RestDocsTestExecutionListener@aa549e5, org.springframework.boot.test.autoconfigure.web.client.MockRestServiceServerResetTestExecutionListener@36f48b4, org.springframework.boot.test.autoconfigure.web.servlet.MockMvcPrintOnlyOnFailureTestExecutionListener@5c00384f, org.springframework.boot.test.autoconfigure.web.servlet.WebDriverTestExecutionListener@3b7ff809, org.springframework.boot.test.autoconfigure.webservices.client.MockWebServiceServerTestExecutionListener@1bb564e2, org.springframework.boot.test.mock.mockito.ResetMocksTestExecutionListener@62e6b5c8]
23:09:37.907 [Test worker] DEBUG org.springframework.test.context.support.AbstractDirtiesContextTestExecutionListener - Before test class: context [DefaultTestContext@4d18aa28 testClass = AuthControllerTest, testInstance = [null], testMethod = [null], testException = [null], mergedContextConfiguration = [WebMergedContextConfiguration@75390459 testClass = AuthControllerTest, locations = '{}', classes = '{class com.toyproject.boardproject.BoardProjectApplication}', contextInitializerClasses = '[]', activeProfiles = '{}', propertySourceLocations = '{}', propertySourceProperties = '{org.springframework.boot.test.autoconfigure.web.servlet.WebMvcTestContextBootstrapper=true}', contextCustomizers = set[org.springframework.boot.test.autoconfigure.OverrideAutoConfigurationContextCustomizerFactory$DisableAutoConfigurationContextCustomizer@34158c08, org.springframework.boot.test.autoconfigure.actuate.metrics.MetricsExportContextCustomizerFactory$DisableMetricExportContextCustomizer@6dab9b6d, org.springframework.boot.test.autoconfigure.filter.TypeExcludeFiltersContextCustomizer@b954c283, org.springframework.boot.test.autoconfigure.properties.PropertyMappingContextCustomizer@24919eac, org.springframework.boot.test.autoconfigure.web.servlet.WebDriverContextCustomizerFactory$Customizer@517d4a0d, [ImportsContextCustomizer@7756c3cd key = [org.springframework.boot.autoconfigure.cache.CacheAutoConfiguration, org.springframework.boot.autoconfigure.context.MessageSourceAutoConfiguration, org.springframework.boot.autoconfigure.data.web.SpringDataWebAutoConfiguration, org.springframework.boot.autoconfigure.freemarker.FreeMarkerAutoConfiguration, org.springframework.boot.autoconfigure.groovy.template.GroovyTemplateAutoConfiguration, org.springframework.boot.autoconfigure.gson.GsonAutoConfiguration, org.springframework.boot.autoconfigure.hateoas.HypermediaAutoConfiguration, org.springframework.boot.autoconfigure.http.HttpMessageConvertersAutoConfiguration, org.springframework.boot.autoconfigure.jackson.JacksonAutoConfiguration, org.springframework.boot.autoconfigure.jsonb.JsonbAutoConfiguration, org.springframework.boot.autoconfigure.mustache.MustacheAutoConfiguration, org.springframework.boot.autoconfigure.task.TaskExecutionAutoConfiguration, org.springframework.boot.autoconfigure.thymeleaf.ThymeleafAutoConfiguration, org.springframework.boot.autoconfigure.validation.ValidationAutoConfiguration, org.springframework.boot.autoconfigure.web.servlet.error.ErrorMvcAutoConfiguration, org.springframework.boot.autoconfigure.web.servlet.HttpEncodingAutoConfiguration, org.springframework.boot.autoconfigure.web.servlet.WebMvcAutoConfiguration, org.springframework.boot.test.autoconfigure.web.servlet.MockMvcAutoConfiguration, org.springframework.boot.test.autoconfigure.web.servlet.MockMvcWebClientAutoConfiguration, org.springframework.boot.test.autoconfigure.web.servlet.MockMvcWebDriverAutoConfiguration, org.springframework.boot.autoconfigure.security.oauth2.client.servlet.OAuth2ClientAutoConfiguration, org.springframework.boot.autoconfigure.security.oauth2.resource.servlet.OAuth2ResourceServerAutoConfiguration, org.springframework.boot.autoconfigure.security.servlet.SecurityAutoConfiguration, org.springframework.boot.autoconfigure.security.servlet.SecurityFilterAutoConfiguration, org.springframework.boot.autoconfigure.security.servlet.UserDetailsServiceAutoConfiguration, org.springframework.boot.test.autoconfigure.web.servlet.MockMvcSecurityConfiguration, org.springframework.boot.test.autoconfigure.web.reactive.WebTestClientAutoConfiguration]], org.springframework.boot.test.context.filter.ExcludeFilterContextCustomizer@4dd02341, org.springframework.boot.test.json.DuplicateJsonObjectContextCustomizerFactory$DuplicateJsonObjectContextCustomizer@495b0487, org.springframework.boot.test.mock.mockito.MockitoContextCustomizer@0, org.springframework.boot.test.context.SpringBootTestArgs@1, org.springframework.boot.test.context.SpringBootTestWebEnvironment@0], resourceBasePath = 'src/main/webapp', contextLoader = 'org.springframework.boot.test.context.SpringBootContextLoader', parent = [null]], attributes = map[[empty]]], class annotated with @DirtiesContext [false] with mode [null].

  .   ____          _            __ _ _
 /\\ / ___'_ __ _ _(_)_ __  __ _ \ \ \ \
( ( )\___ | '_ | '_| | '_ \/ _` | \ \ \ \
 \\/  ___)| |_)| | | | | || (_| |  ) ) ) )
  '  |____| .__|_| |_|_| |_\__, | / / / /
 =========|_|==============|___/=/_/_/_/
 :: Spring Boot ::                (v2.7.0)

2023-08-24 23:09:38.723  INFO 66128 --- [    Test worker] c.t.b.controller.AuthControllerTest      : Starting AuthControllerTest using Java 17.0.7 on gim-yuseon-ui-MacBookPro-2.local with PID 66128 (started by yuling in /Users/yuling/Desktop/공부/토이프로젝트/board-project)
2023-08-24 23:09:38.726  INFO 66128 --- [    Test worker] c.t.b.controller.AuthControllerTest      : No active profile set, falling back to 1 default profile: "default"
2023-08-24 23:09:40.594 DEBUG 66128 --- [    Test worker] s.w.s.m.m.a.RequestMappingHandlerAdapter : ControllerAdvice beans: 0 @ModelAttribute, 0 @InitBinder, 1 RequestBodyAdvice, 1 ResponseBodyAdvice
2023-08-24 23:09:40.657  INFO 66128 --- [    Test worker] o.s.b.a.w.s.WelcomePageHandlerMapping    : Adding welcome page template: index
2023-08-24 23:09:40.741 DEBUG 66128 --- [    Test worker] s.w.s.m.m.a.RequestMappingHandlerMapping : 4 mappings in 'requestMappingHandlerMapping'
2023-08-24 23:09:40.795 DEBUG 66128 --- [    Test worker] o.s.w.s.handler.SimpleUrlHandlerMapping  : Patterns [/webjars/**, /**] in 'resourceHandlerMapping'
2023-08-24 23:09:40.813 DEBUG 66128 --- [    Test worker] .m.m.a.ExceptionHandlerExceptionResolver : ControllerAdvice beans: 0 @ExceptionHandler, 1 ResponseBodyAdvice
2023-08-24 23:09:41.081  WARN 66128 --- [    Test worker] .s.s.UserDetailsServiceAutoConfiguration : 

Using generated security password: baf3c370-37e2-4aba-83e7-f3ddce34e630

This generated password is for development use only. Your security configuration must be updated before running your application in production.

2023-08-24 23:09:41.365  INFO 66128 --- [    Test worker] o.s.s.web.DefaultSecurityFilterChain     : Will secure any request with [org.springframework.security.web.session.DisableEncodeUrlFilter@6b42e36d, org.springframework.security.web.context.request.async.WebAsyncManagerIntegrationFilter@13192275, org.springframework.security.web.context.SecurityContextPersistenceFilter@5b8853, org.springframework.security.web.header.HeaderWriterFilter@1785d194, org.springframework.security.web.csrf.CsrfFilter@33e4b9c4, org.springframework.security.web.authentication.logout.LogoutFilter@52f8a6f4, org.springframework.security.web.authentication.UsernamePasswordAuthenticationFilter@226d5af0, org.springframework.security.web.authentication.ui.DefaultLoginPageGeneratingFilter@5bb8e6fc, org.springframework.security.web.authentication.ui.DefaultLogoutPageGeneratingFilter@79195c22, org.springframework.security.web.authentication.www.BasicAuthenticationFilter@241b971f, org.springframework.security.web.savedrequest.RequestCacheAwareFilter@6812c8cc, org.springframework.security.web.servletapi.SecurityContextHolderAwareRequestFilter@3457cc8d, org.springframework.security.web.authentication.AnonymousAuthenticationFilter@c9b5a99, org.springframework.security.web.session.SessionManagementFilter@4f664bee, org.springframework.security.web.access.ExceptionTranslationFilter@3a3f96ab, org.springframework.security.web.access.intercept.FilterSecurityInterceptor@21274afe]
2023-08-24 23:09:41.467  INFO 66128 --- [    Test worker] o.s.b.t.m.w.SpringBootMockServletContext : Initializing Spring TestDispatcherServlet ''
2023-08-24 23:09:41.467  INFO 66128 --- [    Test worker] o.s.t.web.servlet.TestDispatcherServlet  : Initializing Servlet ''
2023-08-24 23:09:41.469  INFO 66128 --- [    Test worker] o.s.t.web.servlet.TestDispatcherServlet  : Completed initialization in 2 ms
2023-08-24 23:09:41.510  INFO 66128 --- [    Test worker] c.t.b.controller.AuthControllerTest      : Started AuthControllerTest in 3.493 seconds (JVM running for 5.386)
]]></system-out>
  <system-err><![CDATA[]]></system-err>
</testsuite>
