<?xml version="1.0" encoding="UTF-8"?>
<testsuite name="Jpa 연결 테스트" tests="4" skipped="0" failures="0" errors="0" timestamp="2023-08-24T03:35:19" hostname="gim-yuseon-ui-MacBookPro-2.local" time="0.613">
  <properties/>
  <testcase name="insert 테스트" classname="com.toyproject.boardproject.repository.JpaRepositoryTest" time="0.452"/>
  <testcase name="delete 테스트" classname="com.toyproject.boardproject.repository.JpaRepositoryTest" time="0.064"/>
  <testcase name="select 테스트" classname="com.toyproject.boardproject.repository.JpaRepositoryTest" time="0.044"/>
  <testcase name="update 테스트" classname="com.toyproject.boardproject.repository.JpaRepositoryTest" time="0.042"/>
  <system-out><![CDATA[2023-08-24 12:35:17.421  INFO 57967 --- [    Test worker] b.t.a.o.j.DataJpaTestContextBootstrapper : Neither @ContextConfiguration nor @ContextHierarchy found for test class [com.toyproject.boardproject.repository.JpaRepositoryTest], using SpringBootContextLoader
2023-08-24 12:35:17.423  INFO 57967 --- [    Test worker] o.s.t.c.support.AbstractContextLoader    : Could not detect default resource locations for test class [com.toyproject.boardproject.repository.JpaRepositoryTest]: no resource found for suffixes {-context.xml, Context.groovy}.
2023-08-24 12:35:17.423  INFO 57967 --- [    Test worker] t.c.s.AnnotationConfigContextLoaderUtils : Could not detect default configuration classes for test class [com.toyproject.boardproject.repository.JpaRepositoryTest]: JpaRepositoryTest does not declare any static, non-private, non-final, nested classes annotated with @Configuration.
2023-08-24 12:35:17.436  INFO 57967 --- [    Test worker] .b.t.c.SpringBootTestContextBootstrapper : Found @SpringBootConfiguration com.toyproject.boardproject.BoardProjectApplication for test class com.toyproject.boardproject.repository.JpaRepositoryTest
2023-08-24 12:35:17.437  INFO 57967 --- [    Test worker] b.t.a.o.j.DataJpaTestContextBootstrapper : Loaded default TestExecutionListener class names from location [META-INF/spring.factories]: [org.springframework.boot.test.autoconfigure.restdocs.RestDocsTestExecutionListener, org.springframework.boot.test.autoconfigure.web.client.MockRestServiceServerResetTestExecutionListener, org.springframework.boot.test.autoconfigure.web.servlet.MockMvcPrintOnlyOnFailureTestExecutionListener, org.springframework.boot.test.autoconfigure.web.servlet.WebDriverTestExecutionListener, org.springframework.boot.test.autoconfigure.webservices.client.MockWebServiceServerTestExecutionListener, org.springframework.boot.test.mock.mockito.MockitoTestExecutionListener, org.springframework.boot.test.mock.mockito.ResetMocksTestExecutionListener, org.springframework.test.context.web.ServletTestExecutionListener, org.springframework.test.context.support.DirtiesContextBeforeModesTestExecutionListener, org.springframework.test.context.event.ApplicationEventsTestExecutionListener, org.springframework.test.context.support.DependencyInjectionTestExecutionListener, org.springframework.test.context.support.DirtiesContextTestExecutionListener, org.springframework.test.context.transaction.TransactionalTestExecutionListener, org.springframework.test.context.jdbc.SqlScriptsTestExecutionListener, org.springframework.test.context.event.EventPublishingTestExecutionListener]
2023-08-24 12:35:17.444  INFO 57967 --- [    Test worker] b.t.a.o.j.DataJpaTestContextBootstrapper : Using TestExecutionListeners: [org.springframework.test.context.web.ServletTestExecutionListener@2822ee4b, org.springframework.test.context.support.DirtiesContextBeforeModesTestExecutionListener@54a332e4, org.springframework.test.context.event.ApplicationEventsTestExecutionListener@1e3f0c5c, org.springframework.boot.test.mock.mockito.MockitoTestExecutionListener@1476e447, org.springframework.boot.test.autoconfigure.SpringBootDependencyInjectionTestExecutionListener@2b991034, org.springframework.test.context.support.DirtiesContextTestExecutionListener@666033b1, org.springframework.test.context.transaction.TransactionalTestExecutionListener@db9ecd, org.springframework.test.context.jdbc.SqlScriptsTestExecutionListener@23ac164d, org.springframework.test.context.event.EventPublishingTestExecutionListener@4057babc, org.springframework.boot.test.autoconfigure.restdocs.RestDocsTestExecutionListener@274de4bc, org.springframework.boot.test.autoconfigure.web.client.MockRestServiceServerResetTestExecutionListener@7bbc3b6e, org.springframework.boot.test.autoconfigure.web.servlet.MockMvcPrintOnlyOnFailureTestExecutionListener@38e1442a, org.springframework.boot.test.autoconfigure.web.servlet.WebDriverTestExecutionListener@451e8bd0, org.springframework.boot.test.autoconfigure.webservices.client.MockWebServiceServerTestExecutionListener@d3effcb, org.springframework.boot.test.mock.mockito.ResetMocksTestExecutionListener@1743c249]

  .   ____          _            __ _ _
 /\\ / ___'_ __ _ _(_)_ __  __ _ \ \ \ \
( ( )\___ | '_ | '_| | '_ \/ _` | \ \ \ \
 \\/  ___)| |_)| | | | | || (_| |  ) ) ) )
  '  |____| .__|_| |_|_| |_\__, | / / / /
 =========|_|==============|___/=/_/_/_/
 :: Spring Boot ::                (v2.7.0)

2023-08-24 12:35:17.529  INFO 57967 --- [    Test worker] c.t.b.repository.JpaRepositoryTest       : Starting JpaRepositoryTest using Java 17.0.7 on gim-yuseon-ui-MacBookPro-2.local with PID 57967 (started by yuling in /Users/yuling/Desktop/공부/토이프로젝트/board-project)
2023-08-24 12:35:17.529  INFO 57967 --- [    Test worker] c.t.b.repository.JpaRepositoryTest       : The following 1 profile is active: "testdb"
2023-08-24 12:35:17.733  INFO 57967 --- [    Test worker] .s.d.r.c.RepositoryConfigurationDelegate : Bootstrapping Spring Data JPA repositories in DEFAULT mode.
2023-08-24 12:35:17.763  INFO 57967 --- [    Test worker] .s.d.r.c.RepositoryConfigurationDelegate : Finished Spring Data repository scanning in 30 ms. Found 2 JPA repository interfaces.
2023-08-24 12:35:17.908  INFO 57967 --- [    Test worker] o.hibernate.jpa.internal.util.LogHelper  : HHH000204: Processing PersistenceUnitInfo [name: default]
2023-08-24 12:35:17.919  INFO 57967 --- [    Test worker] com.zaxxer.hikari.HikariDataSource       : HikariPool-2 - Starting...
2023-08-24 12:35:18.398  INFO 57967 --- [    Test worker] com.zaxxer.hikari.HikariDataSource       : HikariPool-2 - Start completed.
2023-08-24 12:35:18.402  INFO 57967 --- [    Test worker] org.hibernate.dialect.Dialect            : HHH000400: Using dialect: org.hibernate.dialect.MySQL57Dialect
Hibernate: 
    
    alter table article_comment 
       drop 
       foreign key FKghmocqkgqs5tkmucf5putw64t
2023-08-24 12:35:18.511  WARN 57967 --- [    Test worker] o.h.t.s.i.ExceptionHandlerLoggedImpl     : GenerationTarget encountered exception accepting command : Error executing DDL "
    alter table article_comment 
       drop 
       foreign key FKghmocqkgqs5tkmucf5putw64t" via JDBC Statement

org.hibernate.tool.schema.spi.CommandAcceptanceException: Error executing DDL "
    alter table article_comment 
       drop 
       foreign key FKghmocqkgqs5tkmucf5putw64t" via JDBC Statement
	at org.hibernate.tool.schema.internal.exec.GenerationTargetToDatabase.accept(GenerationTargetToDatabase.java:67) ~[hibernate-core-5.6.9.Final.jar:5.6.9.Final]
	at org.hibernate.tool.schema.internal.SchemaDropperImpl.applySqlString(SchemaDropperImpl.java:387) ~[hibernate-core-5.6.9.Final.jar:5.6.9.Final]
	at org.hibernate.tool.schema.internal.SchemaDropperImpl.applySqlStrings(SchemaDropperImpl.java:371) ~[hibernate-core-5.6.9.Final.jar:5.6.9.Final]
	at org.hibernate.tool.schema.internal.SchemaDropperImpl.applyConstraintDropping(SchemaDropperImpl.java:341) ~[hibernate-core-5.6.9.Final.jar:5.6.9.Final]
	at org.hibernate.tool.schema.internal.SchemaDropperImpl.dropFromMetadata(SchemaDropperImpl.java:235) ~[hibernate-core-5.6.9.Final.jar:5.6.9.Final]
	at org.hibernate.tool.schema.internal.SchemaDropperImpl.performDrop(SchemaDropperImpl.java:156) ~[hibernate-core-5.6.9.Final.jar:5.6.9.Final]
	at org.hibernate.tool.schema.internal.SchemaDropperImpl.doDrop(SchemaDropperImpl.java:128) ~[hibernate-core-5.6.9.Final.jar:5.6.9.Final]
	at org.hibernate.tool.schema.internal.SchemaDropperImpl.doDrop(SchemaDropperImpl.java:114) ~[hibernate-core-5.6.9.Final.jar:5.6.9.Final]
	at org.hibernate.tool.schema.spi.SchemaManagementToolCoordinator.performDatabaseAction(SchemaManagementToolCoordinator.java:157) ~[hibernate-core-5.6.9.Final.jar:5.6.9.Final]
	at org.hibernate.tool.schema.spi.SchemaManagementToolCoordinator.process(SchemaManagementToolCoordinator.java:85) ~[hibernate-core-5.6.9.Final.jar:5.6.9.Final]
	at org.hibernate.internal.SessionFactoryImpl.<init>(SessionFactoryImpl.java:335) ~[hibernate-core-5.6.9.Final.jar:5.6.9.Final]
	at org.hibernate.boot.internal.SessionFactoryBuilderImpl.build(SessionFactoryBuilderImpl.java:471) ~[hibernate-core-5.6.9.Final.jar:5.6.9.Final]
	at org.hibernate.jpa.boot.internal.EntityManagerFactoryBuilderImpl.build(EntityManagerFactoryBuilderImpl.java:1498) ~[hibernate-core-5.6.9.Final.jar:5.6.9.Final]
	at org.springframework.orm.jpa.vendor.SpringHibernateJpaPersistenceProvider.createContainerEntityManagerFactory(SpringHibernateJpaPersistenceProvider.java:58) ~[spring-orm-5.3.20.jar:5.3.20]
	at org.springframework.orm.jpa.LocalContainerEntityManagerFactoryBean.createNativeEntityManagerFactory(LocalContainerEntityManagerFactoryBean.java:365) ~[spring-orm-5.3.20.jar:5.3.20]
	at org.springframework.orm.jpa.AbstractEntityManagerFactoryBean.buildNativeEntityManagerFactory(AbstractEntityManagerFactoryBean.java:409) ~[spring-orm-5.3.20.jar:5.3.20]
	at org.springframework.orm.jpa.AbstractEntityManagerFactoryBean.afterPropertiesSet(AbstractEntityManagerFactoryBean.java:396) ~[spring-orm-5.3.20.jar:5.3.20]
	at org.springframework.orm.jpa.LocalContainerEntityManagerFactoryBean.afterPropertiesSet(LocalContainerEntityManagerFactoryBean.java:341) ~[spring-orm-5.3.20.jar:5.3.20]
	at org.springframework.beans.factory.support.AbstractAutowireCapableBeanFactory.invokeInitMethods(AbstractAutowireCapableBeanFactory.java:1863) ~[spring-beans-5.3.20.jar:5.3.20]
	at org.springframework.beans.factory.support.AbstractAutowireCapableBeanFactory.initializeBean(AbstractAutowireCapableBeanFactory.java:1800) ~[spring-beans-5.3.20.jar:5.3.20]
	at org.springframework.beans.factory.support.AbstractAutowireCapableBeanFactory.doCreateBean(AbstractAutowireCapableBeanFactory.java:620) ~[spring-beans-5.3.20.jar:5.3.20]
	at org.springframework.beans.factory.support.AbstractAutowireCapableBeanFactory.createBean(AbstractAutowireCapableBeanFactory.java:542) ~[spring-beans-5.3.20.jar:5.3.20]
	at org.springframework.beans.factory.support.AbstractBeanFactory.lambda$doGetBean$0(AbstractBeanFactory.java:335) ~[spring-beans-5.3.20.jar:5.3.20]
	at org.springframework.beans.factory.support.DefaultSingletonBeanRegistry.getSingleton(DefaultSingletonBeanRegistry.java:234) ~[spring-beans-5.3.20.jar:5.3.20]
	at org.springframework.beans.factory.support.AbstractBeanFactory.doGetBean(AbstractBeanFactory.java:333) ~[spring-beans-5.3.20.jar:5.3.20]
	at org.springframework.beans.factory.support.AbstractBeanFactory.getBean(AbstractBeanFactory.java:208) ~[spring-beans-5.3.20.jar:5.3.20]
	at org.springframework.context.support.AbstractApplicationContext.getBean(AbstractApplicationContext.java:1154) ~[spring-context-5.3.20.jar:5.3.20]
	at org.springframework.context.support.AbstractApplicationContext.finishBeanFactoryInitialization(AbstractApplicationContext.java:908) ~[spring-context-5.3.20.jar:5.3.20]
	at org.springframework.context.support.AbstractApplicationContext.refresh(AbstractApplicationContext.java:583) ~[spring-context-5.3.20.jar:5.3.20]
	at org.springframework.boot.SpringApplication.refresh(SpringApplication.java:734) ~[spring-boot-2.7.0.jar:2.7.0]
	at org.springframework.boot.SpringApplication.refreshContext(SpringApplication.java:408) ~[spring-boot-2.7.0.jar:2.7.0]
	at org.springframework.boot.SpringApplication.run(SpringApplication.java:308) ~[spring-boot-2.7.0.jar:2.7.0]
	at org.springframework.boot.test.context.SpringBootContextLoader.loadContext(SpringBootContextLoader.java:132) ~[spring-boot-test-2.7.0.jar:2.7.0]
	at org.springframework.test.context.cache.DefaultCacheAwareContextLoaderDelegate.loadContextInternal(DefaultCacheAwareContextLoaderDelegate.java:99) ~[spring-test-5.3.20.jar:5.3.20]
	at org.springframework.test.context.cache.DefaultCacheAwareContextLoaderDelegate.loadContext(DefaultCacheAwareContextLoaderDelegate.java:124) ~[spring-test-5.3.20.jar:5.3.20]
	at org.springframework.test.context.support.DefaultTestContext.getApplicationContext(DefaultTestContext.java:124) ~[spring-test-5.3.20.jar:5.3.20]
	at org.springframework.test.context.junit.jupiter.SpringExtension.getApplicationContext(SpringExtension.java:283) ~[spring-test-5.3.20.jar:5.3.20]
	at org.springframework.test.context.junit.jupiter.SpringExtension.resolveParameter(SpringExtension.java:269) ~[spring-test-5.3.20.jar:5.3.20]
	at org.junit.jupiter.engine.execution.ExecutableInvoker.resolveParameter(ExecutableInvoker.java:216) ~[junit-jupiter-engine-5.8.2.jar:5.8.2]
	at org.junit.jupiter.engine.execution.ExecutableInvoker.resolveParameters(ExecutableInvoker.java:183) ~[junit-jupiter-engine-5.8.2.jar:5.8.2]
	at org.junit.jupiter.engine.execution.ExecutableInvoker.invoke(ExecutableInvoker.java:74) ~[junit-jupiter-engine-5.8.2.jar:5.8.2]
	at org.junit.jupiter.engine.descriptor.ClassBasedTestDescriptor.invokeTestClassConstructor(ClassBasedTestDescriptor.java:355) ~[junit-jupiter-engine-5.8.2.jar:5.8.2]
	at org.junit.jupiter.engine.descriptor.ClassBasedTestDescriptor.instantiateTestClass(ClassBasedTestDescriptor.java:302) ~[junit-jupiter-engine-5.8.2.jar:5.8.2]
	at org.junit.jupiter.engine.descriptor.ClassTestDescriptor.instantiateTestClass(ClassTestDescriptor.java:79) ~[junit-jupiter-engine-5.8.2.jar:5.8.2]
	at org.junit.jupiter.engine.descriptor.ClassBasedTestDescriptor.instantiateAndPostProcessTestInstance(ClassBasedTestDescriptor.java:280) ~[junit-jupiter-engine-5.8.2.jar:5.8.2]
	at org.junit.jupiter.engine.descriptor.ClassBasedTestDescriptor.lambda$testInstancesProvider$4(ClassBasedTestDescriptor.java:272) ~[junit-jupiter-engine-5.8.2.jar:5.8.2]
	at java.base/java.util.Optional.orElseGet(Optional.java:364) ~[na:na]
	at org.junit.jupiter.engine.descriptor.ClassBasedTestDescriptor.lambda$testInstancesProvider$5(ClassBasedTestDescriptor.java:271) ~[junit-jupiter-engine-5.8.2.jar:5.8.2]
	at org.junit.jupiter.engine.execution.TestInstancesProvider.getTestInstances(TestInstancesProvider.java:31) ~[junit-jupiter-engine-5.8.2.jar:5.8.2]
	at org.junit.jupiter.engine.descriptor.TestMethodTestDescriptor.lambda$prepare$0(TestMethodTestDescriptor.java:102) ~[junit-jupiter-engine-5.8.2.jar:5.8.2]
	at org.junit.platform.engine.support.hierarchical.ThrowableCollector.execute(ThrowableCollector.java:73) ~[junit-platform-engine-1.8.2.jar:1.8.2]
	at org.junit.jupiter.engine.descriptor.TestMethodTestDescriptor.prepare(TestMethodTestDescriptor.java:101) ~[junit-jupiter-engine-5.8.2.jar:5.8.2]
	at org.junit.jupiter.engine.descriptor.TestMethodTestDescriptor.prepare(TestMethodTestDescriptor.java:66) ~[junit-jupiter-engine-5.8.2.jar:5.8.2]
	at org.junit.platform.engine.support.hierarchical.NodeTestTask.lambda$prepare$2(NodeTestTask.java:123) ~[junit-platform-engine-1.8.2.jar:1.8.2]
	at org.junit.platform.engine.support.hierarchical.ThrowableCollector.execute(ThrowableCollector.java:73) ~[junit-platform-engine-1.8.2.jar:1.8.2]
	at org.junit.platform.engine.support.hierarchical.NodeTestTask.prepare(NodeTestTask.java:123) ~[junit-platform-engine-1.8.2.jar:1.8.2]
	at org.junit.platform.engine.support.hierarchical.NodeTestTask.execute(NodeTestTask.java:90) ~[junit-platform-engine-1.8.2.jar:1.8.2]
	at java.base/java.util.ArrayList.forEach(ArrayList.java:1511) ~[na:na]
	at org.junit.platform.engine.support.hierarchical.SameThreadHierarchicalTestExecutorService.invokeAll(SameThreadHierarchicalTestExecutorService.java:41) ~[junit-platform-engine-1.8.2.jar:1.8.2]
	at org.junit.platform.engine.support.hierarchical.NodeTestTask.lambda$executeRecursively$6(NodeTestTask.java:155) ~[junit-platform-engine-1.8.2.jar:1.8.2]
	at org.junit.platform.engine.support.hierarchical.ThrowableCollector.execute(ThrowableCollector.java:73) ~[junit-platform-engine-1.8.2.jar:1.8.2]
	at org.junit.platform.engine.support.hierarchical.NodeTestTask.lambda$executeRecursively$8(NodeTestTask.java:141) ~[junit-platform-engine-1.8.2.jar:1.8.2]
	at org.junit.platform.engine.support.hierarchical.Node.around(Node.java:137) ~[junit-platform-engine-1.8.2.jar:1.8.2]
	at org.junit.platform.engine.support.hierarchical.NodeTestTask.lambda$executeRecursively$9(NodeTestTask.java:139) ~[junit-platform-engine-1.8.2.jar:1.8.2]
	at org.junit.platform.engine.support.hierarchical.ThrowableCollector.execute(ThrowableCollector.java:73) ~[junit-platform-engine-1.8.2.jar:1.8.2]
	at org.junit.platform.engine.support.hierarchical.NodeTestTask.executeRecursively(NodeTestTask.java:138) ~[junit-platform-engine-1.8.2.jar:1.8.2]
	at org.junit.platform.engine.support.hierarchical.NodeTestTask.execute(NodeTestTask.java:95) ~[junit-platform-engine-1.8.2.jar:1.8.2]
	at java.base/java.util.ArrayList.forEach(ArrayList.java:1511) ~[na:na]
	at org.junit.platform.engine.support.hierarchical.SameThreadHierarchicalTestExecutorService.invokeAll(SameThreadHierarchicalTestExecutorService.java:41) ~[junit-platform-engine-1.8.2.jar:1.8.2]
	at org.junit.platform.engine.support.hierarchical.NodeTestTask.lambda$executeRecursively$6(NodeTestTask.java:155) ~[junit-platform-engine-1.8.2.jar:1.8.2]
	at org.junit.platform.engine.support.hierarchical.ThrowableCollector.execute(ThrowableCollector.java:73) ~[junit-platform-engine-1.8.2.jar:1.8.2]
	at org.junit.platform.engine.support.hierarchical.NodeTestTask.lambda$executeRecursively$8(NodeTestTask.java:141) ~[junit-platform-engine-1.8.2.jar:1.8.2]
	at org.junit.platform.engine.support.hierarchical.Node.around(Node.java:137) ~[junit-platform-engine-1.8.2.jar:1.8.2]
	at org.junit.platform.engine.support.hierarchical.NodeTestTask.lambda$executeRecursively$9(NodeTestTask.java:139) ~[junit-platform-engine-1.8.2.jar:1.8.2]
	at org.junit.platform.engine.support.hierarchical.ThrowableCollector.execute(ThrowableCollector.java:73) ~[junit-platform-engine-1.8.2.jar:1.8.2]
	at org.junit.platform.engine.support.hierarchical.NodeTestTask.executeRecursively(NodeTestTask.java:138) ~[junit-platform-engine-1.8.2.jar:1.8.2]
	at org.junit.platform.engine.support.hierarchical.NodeTestTask.execute(NodeTestTask.java:95) ~[junit-platform-engine-1.8.2.jar:1.8.2]
	at org.junit.platform.engine.support.hierarchical.SameThreadHierarchicalTestExecutorService.submit(SameThreadHierarchicalTestExecutorService.java:35) ~[junit-platform-engine-1.8.2.jar:1.8.2]
	at org.junit.platform.engine.support.hierarchical.HierarchicalTestExecutor.execute(HierarchicalTestExecutor.java:57) ~[junit-platform-engine-1.8.2.jar:1.8.2]
	at org.junit.platform.engine.support.hierarchical.HierarchicalTestEngine.execute(HierarchicalTestEngine.java:54) ~[junit-platform-engine-1.8.2.jar:1.8.2]
	at org.junit.platform.launcher.core.EngineExecutionOrchestrator.execute(EngineExecutionOrchestrator.java:107) ~[junit-platform-launcher-1.8.2.jar:1.8.2]
	at org.junit.platform.launcher.core.EngineExecutionOrchestrator.execute(EngineExecutionOrchestrator.java:88) ~[junit-platform-launcher-1.8.2.jar:1.8.2]
	at org.junit.platform.launcher.core.EngineExecutionOrchestrator.lambda$execute$0(EngineExecutionOrchestrator.java:54) ~[junit-platform-launcher-1.8.2.jar:1.8.2]
	at org.junit.platform.launcher.core.EngineExecutionOrchestrator.withInterceptedStreams(EngineExecutionOrchestrator.java:67) ~[junit-platform-launcher-1.8.2.jar:1.8.2]
	at org.junit.platform.launcher.core.EngineExecutionOrchestrator.execute(EngineExecutionOrchestrator.java:52) ~[junit-platform-launcher-1.8.2.jar:1.8.2]
	at org.junit.platform.launcher.core.DefaultLauncher.execute(DefaultLauncher.java:114) ~[junit-platform-launcher-1.8.2.jar:1.8.2]
	at org.junit.platform.launcher.core.DefaultLauncher.execute(DefaultLauncher.java:86) ~[junit-platform-launcher-1.8.2.jar:1.8.2]
	at org.junit.platform.launcher.core.DefaultLauncherSession$DelegatingLauncher.execute(DefaultLauncherSession.java:86) ~[junit-platform-launcher-1.8.2.jar:1.8.2]
	at org.gradle.api.internal.tasks.testing.junitplatform.JUnitPlatformTestClassProcessor$CollectAllTestClassesExecutor.processAllTestClasses(JUnitPlatformTestClassProcessor.java:110) ~[na:na]
	at org.gradle.api.internal.tasks.testing.junitplatform.JUnitPlatformTestClassProcessor$CollectAllTestClassesExecutor.access$000(JUnitPlatformTestClassProcessor.java:90) ~[na:na]
	at org.gradle.api.internal.tasks.testing.junitplatform.JUnitPlatformTestClassProcessor.stop(JUnitPlatformTestClassProcessor.java:85) ~[na:na]
	at org.gradle.api.internal.tasks.testing.SuiteTestClassProcessor.stop(SuiteTestClassProcessor.java:62) ~[na:na]
	at java.base/jdk.internal.reflect.NativeMethodAccessorImpl.invoke0(Native Method) ~[na:na]
	at java.base/jdk.internal.reflect.NativeMethodAccessorImpl.invoke(NativeMethodAccessorImpl.java:77) ~[na:na]
	at java.base/jdk.internal.reflect.DelegatingMethodAccessorImpl.invoke(DelegatingMethodAccessorImpl.java:43) ~[na:na]
	at java.base/java.lang.reflect.Method.invoke(Method.java:568) ~[na:na]
	at org.gradle.internal.dispatch.ReflectionDispatch.dispatch(ReflectionDispatch.java:36) ~[na:na]
	at org.gradle.internal.dispatch.ReflectionDispatch.dispatch(ReflectionDispatch.java:24) ~[na:na]
	at org.gradle.internal.dispatch.ContextClassLoaderDispatch.dispatch(ContextClassLoaderDispatch.java:33) ~[na:na]
	at org.gradle.internal.dispatch.ProxyDispatchAdapter$DispatchingInvocationHandler.invoke(ProxyDispatchAdapter.java:94) ~[na:na]
	at jdk.proxy1/jdk.proxy1.$Proxy2.stop(Unknown Source) ~[na:na]
	at org.gradle.api.internal.tasks.testing.worker.TestWorker$3.run(TestWorker.java:193) ~[na:na]
	at org.gradle.api.internal.tasks.testing.worker.TestWorker.executeAndMaintainThreadName(TestWorker.java:129) ~[na:na]
	at org.gradle.api.internal.tasks.testing.worker.TestWorker.execute(TestWorker.java:100) ~[na:na]
	at org.gradle.api.internal.tasks.testing.worker.TestWorker.execute(TestWorker.java:60) ~[na:na]
	at org.gradle.process.internal.worker.child.ActionExecutionWorker.execute(ActionExecutionWorker.java:56) ~[na:na]
	at org.gradle.process.internal.worker.child.SystemApplicationClassLoaderWorker.call(SystemApplicationClassLoaderWorker.java:113) ~[na:na]
	at org.gradle.process.internal.worker.child.SystemApplicationClassLoaderWorker.call(SystemApplicationClassLoaderWorker.java:65) ~[na:na]
	at worker.org.gradle.process.internal.worker.GradleWorkerMain.run(GradleWorkerMain.java:69) ~[gradle-worker.jar:na]
	at worker.org.gradle.process.internal.worker.GradleWorkerMain.main(GradleWorkerMain.java:74) ~[gradle-worker.jar:na]
Caused by: org.h2.jdbc.JdbcSQLSyntaxErrorException: Table "ARTICLE_COMMENT" not found; SQL statement:

    alter table article_comment 
       drop 
       foreign key FKghmocqkgqs5tkmucf5pu [42102-212]
	at org.h2.message.DbException.getJdbcSQLException(DbException.java:502) ~[h2-2.1.212.jar:2.1.212]
	at org.h2.message.DbException.getJdbcSQLException(DbException.java:477) ~[h2-2.1.212.jar:2.1.212]
	at org.h2.message.DbException.get(DbException.java:223) ~[h2-2.1.212.jar:2.1.212]
	at org.h2.message.DbException.get(DbException.java:199) ~[h2-2.1.212.jar:2.1.212]
	at org.h2.command.ddl.AlterTable.update(AlterTable.java:43) ~[h2-2.1.212.jar:2.1.212]
	at org.h2.command.CommandContainer.update(CommandContainer.java:174) ~[h2-2.1.212.jar:2.1.212]
	at org.h2.command.Command.executeUpdate(Command.java:252) ~[h2-2.1.212.jar:2.1.212]
	at org.h2.jdbc.JdbcStatement.executeInternal(JdbcStatement.java:252) ~[h2-2.1.212.jar:2.1.212]
	at org.h2.jdbc.JdbcStatement.execute(JdbcStatement.java:223) ~[h2-2.1.212.jar:2.1.212]
	at com.zaxxer.hikari.pool.ProxyStatement.execute(ProxyStatement.java:94) ~[HikariCP-4.0.3.jar:na]
	at com.zaxxer.hikari.pool.HikariProxyStatement.execute(HikariProxyStatement.java) ~[HikariCP-4.0.3.jar:na]
	at org.hibernate.tool.schema.internal.exec.GenerationTargetToDatabase.accept(GenerationTargetToDatabase.java:54) ~[hibernate-core-5.6.9.Final.jar:5.6.9.Final]
	... 109 common frames omitted

Hibernate: 
    
    drop table if exists article
Hibernate: 
    
    drop table if exists article_comment
Hibernate: 
    
    create table article (
       id bigint not null auto_increment,
        created_at datetime(6) not null,
        created_by varchar(100) not null,
        modified_at datetime(6) not null,
        modified_by varchar(100) not null,
        content varchar(10000) not null,
        hashtag varchar(255),
        title varchar(255) not null,
        primary key (id)
    ) engine=InnoDB
Hibernate: 
    
    create table article_comment (
       id bigint not null auto_increment,
        created_at datetime(6) not null,
        created_by varchar(100) not null,
        modified_at datetime(6) not null,
        modified_by varchar(100) not null,
        content varchar(500) not null,
        article_id bigint not null,
        primary key (id)
    ) engine=InnoDB
Hibernate: create index IDX571gx7oqo5xpmgocegaidlcu9 on article (title)
Hibernate: create index IDXai44fu6vaa28ebpydglnv7t3e on article (hashtag)
Hibernate: create index IDXrmt77yibijtk4sarremr67saa on article (created_at)
Hibernate: create index IDXjl4utii2etiocimt799wvtuvv on article (created_by)
Hibernate: create index IDXpieqqnljv147sefofs56h25qx on article_comment (content)
Hibernate: create index IDXh1jx107qecntcbcpc2vfb07ij on article_comment (created_at)
Hibernate: create index IDXc6pa61djuf2o8xnceyyvtdbaq on article_comment (created_by)
Hibernate: 
    
    alter table article_comment 
       add constraint FKghmocqkgqs5tkmucf5putw64t 
       foreign key (article_id) 
       references article (id)
2023-08-24 12:35:18.558  INFO 57967 --- [    Test worker] o.h.e.t.j.p.i.JtaPlatformInitiator       : HHH000490: Using JtaPlatform implementation: [org.hibernate.engine.transaction.jta.platform.internal.NoJtaPlatform]
2023-08-24 12:35:18.558  INFO 57967 --- [    Test worker] j.LocalContainerEntityManagerFactoryBean : Initialized JPA EntityManagerFactory for persistence unit 'default'
2023-08-24 12:35:19.079  INFO 57967 --- [    Test worker] c.t.b.repository.JpaRepositoryTest       : Started JpaRepositoryTest in 1.63 seconds (JVM running for 17.545)
2023-08-24 12:35:19.099  INFO 57967 --- [    Test worker] o.s.t.c.transaction.TransactionContext   : Began transaction (1) for test context [DefaultTestContext@11ed241c testClass = JpaRepositoryTest, testInstance = com.toyproject.boardproject.repository.JpaRepositoryTest@2f24e1f3, testMethod = givenTestData_whenInserting_thenWorksFine@JpaRepositoryTest, testException = [null], mergedContextConfiguration = [MergedContextConfiguration@74ae2dec testClass = JpaRepositoryTest, locations = '{}', classes = '{class com.toyproject.boardproject.BoardProjectApplication}', contextInitializerClasses = '[]', activeProfiles = '{testdb}', propertySourceLocations = '{}', propertySourceProperties = '{org.springframework.boot.test.autoconfigure.orm.jpa.DataJpaTestContextBootstrapper=true}', contextCustomizers = set[org.springframework.boot.test.autoconfigure.OverrideAutoConfigurationContextCustomizerFactory$DisableAutoConfigurationContextCustomizer@4af8ff3, org.springframework.boot.test.autoconfigure.actuate.metrics.MetricsExportContextCustomizerFactory$DisableMetricExportContextCustomizer@4ce1d6d0, org.springframework.boot.test.autoconfigure.filter.TypeExcludeFiltersContextCustomizer@351584c0, org.springframework.boot.test.autoconfigure.properties.PropertyMappingContextCustomizer@bedca40b, org.springframework.boot.test.autoconfigure.web.servlet.WebDriverContextCustomizerFactory$Customizer@7776ab, [ImportsContextCustomizer@36aacc46 key = [org.springframework.boot.autoconfigure.cache.CacheAutoConfiguration, org.springframework.boot.autoconfigure.data.jpa.JpaRepositoriesAutoConfiguration, org.springframework.boot.autoconfigure.flyway.FlywayAutoConfiguration, org.springframework.boot.autoconfigure.jdbc.DataSourceAutoConfiguration, org.springframework.boot.autoconfigure.jdbc.DataSourceTransactionManagerAutoConfiguration, org.springframework.boot.autoconfigure.jdbc.JdbcTemplateAutoConfiguration, org.springframework.boot.autoconfigure.liquibase.LiquibaseAutoConfiguration, org.springframework.boot.autoconfigure.orm.jpa.HibernateJpaAutoConfiguration, org.springframework.boot.autoconfigure.sql.init.SqlInitializationAutoConfiguration, org.springframework.boot.autoconfigure.transaction.TransactionAutoConfiguration, org.springframework.boot.test.autoconfigure.jdbc.TestDatabaseAutoConfiguration, org.springframework.boot.test.autoconfigure.orm.jpa.TestEntityManagerAutoConfiguration, com.toyproject.boardproject.config.JpaConfig]], org.springframework.boot.test.context.filter.ExcludeFilterContextCustomizer@51acdf2e, org.springframework.boot.test.json.DuplicateJsonObjectContextCustomizerFactory$DuplicateJsonObjectContextCustomizer@3a0baae5, org.springframework.boot.test.mock.mockito.MockitoContextCustomizer@0, org.springframework.boot.test.context.SpringBootTestArgs@1, org.springframework.boot.test.context.SpringBootTestWebEnvironment@0], contextLoader = 'org.springframework.boot.test.context.SpringBootContextLoader', parent = [null]], attributes = map['org.springframework.test.context.event.ApplicationEventsTestExecutionListener.recordApplicationEvents' -> false]]; transaction manager [org.springframework.orm.jpa.JpaTransactionManager@6cf58989]; rollback [true]
Hibernate: 
    select
        count(*) as col_0_0_ 
    from
        article article0_
Hibernate: 
    insert 
    into
        article
        (created_at, created_by, modified_at, modified_by, content, hashtag, title) 
    values
        (?, ?, ?, ?, ?, ?, ?)
2023-08-24 12:35:19.328 TRACE 57967 --- [    Test worker] o.h.type.descriptor.sql.BasicBinder      : binding parameter [1] as [TIMESTAMP] - [2023-08-24T12:35:19.288868]
2023-08-24 12:35:19.329 TRACE 57967 --- [    Test worker] o.h.type.descriptor.sql.BasicBinder      : binding parameter [2] as [VARCHAR] - [yuseon]
2023-08-24 12:35:19.330 TRACE 57967 --- [    Test worker] o.h.type.descriptor.sql.BasicBinder      : binding parameter [3] as [TIMESTAMP] - [2023-08-24T12:35:19.288868]
2023-08-24 12:35:19.330 TRACE 57967 --- [    Test worker] o.h.type.descriptor.sql.BasicBinder      : binding parameter [4] as [VARCHAR] - [yuseon]
2023-08-24 12:35:19.330 TRACE 57967 --- [    Test worker] o.h.type.descriptor.sql.BasicBinder      : binding parameter [5] as [VARCHAR] - [abc]
2023-08-24 12:35:19.330 TRACE 57967 --- [    Test worker] o.h.type.descriptor.sql.BasicBinder      : binding parameter [6] as [VARCHAR] - [#spring]
2023-08-24 12:35:19.330 TRACE 57967 --- [    Test worker] o.h.type.descriptor.sql.BasicBinder      : binding parameter [7] as [VARCHAR] - [new article]
Hibernate: 
    select
        count(*) as col_0_0_ 
    from
        article article0_
Hibernate: 
    select
        article0_.id as id1_0_,
        article0_.created_at as created_2_0_,
        article0_.created_by as created_3_0_,
        article0_.modified_at as modified4_0_,
        article0_.modified_by as modified5_0_,
        article0_.content as content6_0_,
        article0_.hashtag as hashtag7_0_,
        article0_.title as title8_0_ 
    from
        article article0_
Article(id=1, title=Phasellus id sapien in sapien iaculis congue., content=In hac habitasse platea dictumst. Morbi vestibulum, velit id pretium iaculis, diam erat fermentum justo, nec condimentum neque sapien placerat ante. Nulla justo., hashtag=Aquamarine)
Article(id=2, title=Aliquam augue quam, sollicitudin vitae, consectetuer eget, rutrum at, lorem., content=Fusce consequat. Nulla nisl. Nunc nisl., hashtag=Aquamarine)
Article(id=3, title=Phasellus in felis., content=Duis bibendum, felis sed interdum venenatis, turpis enim blandit mi, in porttitor pede justo eu massa. Donec dapibus. Duis at velit eu est congue elementum., hashtag=Green)
Article(id=4, title=Proin interdum mauris non ligula pellentesque ultrices., content=Lorem ipsum dolor sit amet, consectetuer adipiscing elit. Proin risus. Praesent lectus., hashtag=Puce)
Article(id=5, title=Vestibulum quam sapien, varius ut, blandit non, interdum in, ante., content=In quis justo. Maecenas rhoncus aliquam lacus. Morbi quis tortor id nulla ultrices aliquet., hashtag=Turquoise)
Article(id=6, title=Integer non velit., content=Donec diam neque, vestibulum eget, vulputate ut, ultrices vel, augue. Vestibulum ante ipsum primis in faucibus orci luctus et ultrices posuere cubilia Curae; Donec pharetra, magna vestibulum aliquet ultrices, erat tortor sollicitudin mi, sit amet lobortis sapien sapien non mi. Integer ac neque., hashtag=Turquoise)
Article(id=7, title=Cras pellentesque volutpat dui., content=Morbi non lectus. Aliquam sit amet diam in magna bibendum imperdiet. Nullam orci pede, venenatis non, sodales sed, tincidunt eu, felis., hashtag=Teal)
Article(id=8, title=Integer non velit., content=Aenean fermentum. Donec ut mauris eget massa tempor convallis. Nulla neque libero, convallis eget, eleifend luctus, ultricies eu, nibh., hashtag=Violet)
Article(id=9, title=In est risus, auctor sed, tristique in, tempus sit amet, sem., content=Curabitur gravida nisi at nibh. In hac habitasse platea dictumst. Aliquam augue quam, sollicitudin vitae, consectetuer eget, rutrum at, lorem., hashtag=Mauv)
Article(id=10, title=Cum sociis natoque penatibus et magnis dis parturient montes, nascetur ridiculus mus., content=Nullam sit amet turpis elementum ligula vehicula consequat. Morbi a ipsum. Integer a nibh., hashtag=Purple)
Article(id=11, title=Etiam justo., content=Duis bibendum. Morbi non quam nec dui luctus rutrum. Nulla tellus., hashtag=Mauv)
Article(id=12, title=Nam tristique tortor eu pede., content=Mauris enim leo, rhoncus sed, vestibulum sit amet, cursus id, turpis. Integer aliquet, massa id lobortis convallis, tortor risus dapibus augue, vel accumsan tellus nisi eu orci. Mauris lacinia sapien quis libero., hashtag=Khaki)
Article(id=13, title=Sed sagittis., content=Suspendisse potenti. In eleifend quam a odio. In hac habitasse platea dictumst., hashtag=Yellow)
Article(id=14, title=In hac habitasse platea dictumst., content=Integer ac leo. Pellentesque ultrices mattis odio. Donec vitae nisi., hashtag=Green)
Article(id=15, title=Aenean lectus., content=Quisque porta volutpat erat. Quisque erat eros, viverra eget, congue eget, semper rutrum, nulla. Nunc purus., hashtag=Crimson)
Article(id=16, title=Nulla nisl., content=Quisque porta volutpat erat. Quisque erat eros, viverra eget, congue eget, semper rutrum, nulla. Nunc purus., hashtag=Violet)
Article(id=17, title=Curabitur at ipsum ac tellus semper interdum., content=Duis aliquam convallis nunc. Proin at turpis a pede posuere nonummy. Integer non velit., hashtag=Goldenrod)
Article(id=18, title=Donec odio justo, sollicitudin ut, suscipit a, feugiat et, eros., content=Proin eu mi. Nulla ac enim. In tempor, turpis nec euismod scelerisque, quam turpis adipiscing lorem, vitae mattis nibh ligula nec sem., hashtag=Orange)
Article(id=19, title=Maecenas pulvinar lobortis est., content=Sed ante. Vivamus tortor. Duis mattis egestas metus., hashtag=Khaki)
Article(id=20, title=Etiam pretium iaculis justo., content=Cras non velit nec nisi vulputate nonummy. Maecenas tincidunt lacus at velit. Vivamus vel nulla eget eros elementum pellentesque., hashtag=Yellow)
Article(id=21, title=Quisque id justo sit amet sapien dignissim vestibulum., content=Duis aliquam convallis nunc. Proin at turpis a pede posuere nonummy. Integer non velit., hashtag=Teal)
Article(id=22, title=Nullam molestie nibh in lectus., content=In hac habitasse platea dictumst. Morbi vestibulum, velit id pretium iaculis, diam erat fermentum justo, nec condimentum neque sapien placerat ante. Nulla justo., hashtag=Teal)
Article(id=23, title=Sed ante., content=Praesent blandit. Nam nulla. Integer pede justo, lacinia eget, tincidunt eget, tempus vel, pede., hashtag=Fuscia)
Article(id=24, title=Cras mi pede, malesuada in, imperdiet et, commodo vulputate, justo., content=Morbi non lectus. Aliquam sit amet diam in magna bibendum imperdiet. Nullam orci pede, venenatis non, sodales sed, tincidunt eu, felis., hashtag=Crimson)
Article(id=25, title=Aliquam augue quam, sollicitudin vitae, consectetuer eget, rutrum at, lorem., content=Fusce consequat. Nulla nisl. Nunc nisl., hashtag=Orange)
Article(id=26, title=Morbi non quam nec dui luctus rutrum., content=Lorem ipsum dolor sit amet, consectetuer adipiscing elit. Proin risus. Praesent lectus., hashtag=Turquoise)
Article(id=27, title=Cum sociis natoque penatibus et magnis dis parturient montes, nascetur ridiculus mus., content=Proin eu mi. Nulla ac enim. In tempor, turpis nec euismod scelerisque, quam turpis adipiscing lorem, vitae mattis nibh ligula nec sem., hashtag=Blue)
Article(id=28, title=Integer pede justo, lacinia eget, tincidunt eget, tempus vel, pede., content=Quisque porta volutpat erat. Quisque erat eros, viverra eget, congue eget, semper rutrum, nulla. Nunc purus., hashtag=Orange)
Article(id=29, title=Phasellus id sapien in sapien iaculis congue., content=Phasellus sit amet erat. Nulla tempus. Vivamus in felis eu sapien cursus vestibulum., hashtag=Pink)
Article(id=30, title=Fusce lacus purus, aliquet at, feugiat non, pretium quis, lectus., content=Curabitur at ipsum ac tellus semper interdum. Mauris ullamcorper purus sit amet nulla. Quisque arcu libero, rutrum ac, lobortis vel, dapibus at, diam., hashtag=Goldenrod)
Article(id=31, title=new article, content=abc, hashtag=#spring)
2023-08-24 12:35:19.538  INFO 57967 --- [    Test worker] o.s.t.c.transaction.TransactionContext   : Rolled back transaction for test: [DefaultTestContext@11ed241c testClass = JpaRepositoryTest, testInstance = com.toyproject.boardproject.repository.JpaRepositoryTest@2f24e1f3, testMethod = givenTestData_whenInserting_thenWorksFine@JpaRepositoryTest, testException = [null], mergedContextConfiguration = [MergedContextConfiguration@74ae2dec testClass = JpaRepositoryTest, locations = '{}', classes = '{class com.toyproject.boardproject.BoardProjectApplication}', contextInitializerClasses = '[]', activeProfiles = '{testdb}', propertySourceLocations = '{}', propertySourceProperties = '{org.springframework.boot.test.autoconfigure.orm.jpa.DataJpaTestContextBootstrapper=true}', contextCustomizers = set[org.springframework.boot.test.autoconfigure.OverrideAutoConfigurationContextCustomizerFactory$DisableAutoConfigurationContextCustomizer@4af8ff3, org.springframework.boot.test.autoconfigure.actuate.metrics.MetricsExportContextCustomizerFactory$DisableMetricExportContextCustomizer@4ce1d6d0, org.springframework.boot.test.autoconfigure.filter.TypeExcludeFiltersContextCustomizer@351584c0, org.springframework.boot.test.autoconfigure.properties.PropertyMappingContextCustomizer@bedca40b, org.springframework.boot.test.autoconfigure.web.servlet.WebDriverContextCustomizerFactory$Customizer@7776ab, [ImportsContextCustomizer@36aacc46 key = [org.springframework.boot.autoconfigure.cache.CacheAutoConfiguration, org.springframework.boot.autoconfigure.data.jpa.JpaRepositoriesAutoConfiguration, org.springframework.boot.autoconfigure.flyway.FlywayAutoConfiguration, org.springframework.boot.autoconfigure.jdbc.DataSourceAutoConfiguration, org.springframework.boot.autoconfigure.jdbc.DataSourceTransactionManagerAutoConfiguration, org.springframework.boot.autoconfigure.jdbc.JdbcTemplateAutoConfiguration, org.springframework.boot.autoconfigure.liquibase.LiquibaseAutoConfiguration, org.springframework.boot.autoconfigure.orm.jpa.HibernateJpaAutoConfiguration, org.springframework.boot.autoconfigure.sql.init.SqlInitializationAutoConfiguration, org.springframework.boot.autoconfigure.transaction.TransactionAutoConfiguration, org.springframework.boot.test.autoconfigure.jdbc.TestDatabaseAutoConfiguration, org.springframework.boot.test.autoconfigure.orm.jpa.TestEntityManagerAutoConfiguration, com.toyproject.boardproject.config.JpaConfig]], org.springframework.boot.test.context.filter.ExcludeFilterContextCustomizer@51acdf2e, org.springframework.boot.test.json.DuplicateJsonObjectContextCustomizerFactory$DuplicateJsonObjectContextCustomizer@3a0baae5, org.springframework.boot.test.mock.mockito.MockitoContextCustomizer@0, org.springframework.boot.test.context.SpringBootTestArgs@1, org.springframework.boot.test.context.SpringBootTestWebEnvironment@0], contextLoader = 'org.springframework.boot.test.context.SpringBootContextLoader', parent = [null]], attributes = map['org.springframework.test.context.event.ApplicationEventsTestExecutionListener.recordApplicationEvents' -> false]]
2023-08-24 12:35:19.545  INFO 57967 --- [    Test worker] o.s.t.c.transaction.TransactionContext   : Began transaction (1) for test context [DefaultTestContext@11ed241c testClass = JpaRepositoryTest, testInstance = com.toyproject.boardproject.repository.JpaRepositoryTest@1881ef74, testMethod = givenTestData_WhenDeleting_thenWorksFine@JpaRepositoryTest, testException = [null], mergedContextConfiguration = [MergedContextConfiguration@74ae2dec testClass = JpaRepositoryTest, locations = '{}', classes = '{class com.toyproject.boardproject.BoardProjectApplication}', contextInitializerClasses = '[]', activeProfiles = '{testdb}', propertySourceLocations = '{}', propertySourceProperties = '{org.springframework.boot.test.autoconfigure.orm.jpa.DataJpaTestContextBootstrapper=true}', contextCustomizers = set[org.springframework.boot.test.autoconfigure.OverrideAutoConfigurationContextCustomizerFactory$DisableAutoConfigurationContextCustomizer@4af8ff3, org.springframework.boot.test.autoconfigure.actuate.metrics.MetricsExportContextCustomizerFactory$DisableMetricExportContextCustomizer@4ce1d6d0, org.springframework.boot.test.autoconfigure.filter.TypeExcludeFiltersContextCustomizer@351584c0, org.springframework.boot.test.autoconfigure.properties.PropertyMappingContextCustomizer@bedca40b, org.springframework.boot.test.autoconfigure.web.servlet.WebDriverContextCustomizerFactory$Customizer@7776ab, [ImportsContextCustomizer@36aacc46 key = [org.springframework.boot.autoconfigure.cache.CacheAutoConfiguration, org.springframework.boot.autoconfigure.data.jpa.JpaRepositoriesAutoConfiguration, org.springframework.boot.autoconfigure.flyway.FlywayAutoConfiguration, org.springframework.boot.autoconfigure.jdbc.DataSourceAutoConfiguration, org.springframework.boot.autoconfigure.jdbc.DataSourceTransactionManagerAutoConfiguration, org.springframework.boot.autoconfigure.jdbc.JdbcTemplateAutoConfiguration, org.springframework.boot.autoconfigure.liquibase.LiquibaseAutoConfiguration, org.springframework.boot.autoconfigure.orm.jpa.HibernateJpaAutoConfiguration, org.springframework.boot.autoconfigure.sql.init.SqlInitializationAutoConfiguration, org.springframework.boot.autoconfigure.transaction.TransactionAutoConfiguration, org.springframework.boot.test.autoconfigure.jdbc.TestDatabaseAutoConfiguration, org.springframework.boot.test.autoconfigure.orm.jpa.TestEntityManagerAutoConfiguration, com.toyproject.boardproject.config.JpaConfig]], org.springframework.boot.test.context.filter.ExcludeFilterContextCustomizer@51acdf2e, org.springframework.boot.test.json.DuplicateJsonObjectContextCustomizerFactory$DuplicateJsonObjectContextCustomizer@3a0baae5, org.springframework.boot.test.mock.mockito.MockitoContextCustomizer@0, org.springframework.boot.test.context.SpringBootTestArgs@1, org.springframework.boot.test.context.SpringBootTestWebEnvironment@0], contextLoader = 'org.springframework.boot.test.context.SpringBootContextLoader', parent = [null]], attributes = map['org.springframework.test.context.event.ApplicationEventsTestExecutionListener.recordApplicationEvents' -> false]]; transaction manager [org.springframework.orm.jpa.JpaTransactionManager@6cf58989]; rollback [true]
Hibernate: 
    select
        count(*) as col_0_0_ 
    from
        article article0_
Hibernate: 
    select
        article0_.id as id1_0_0_,
        article0_.created_at as created_2_0_0_,
        article0_.created_by as created_3_0_0_,
        article0_.modified_at as modified4_0_0_,
        article0_.modified_by as modified5_0_0_,
        article0_.content as content6_0_0_,
        article0_.hashtag as hashtag7_0_0_,
        article0_.title as title8_0_0_ 
    from
        article article0_ 
    where
        article0_.id=?
2023-08-24 12:35:19.558 TRACE 57967 --- [    Test worker] o.h.type.descriptor.sql.BasicBinder      : binding parameter [1] as [BIGINT] - [1]
Hibernate: 
    select
        articlecom0_.article_id as article_7_1_1_,
        articlecom0_.id as id1_1_1_,
        articlecom0_.id as id1_1_0_,
        articlecom0_.created_at as created_2_1_0_,
        articlecom0_.created_by as created_3_1_0_,
        articlecom0_.modified_at as modified4_1_0_,
        articlecom0_.modified_by as modified5_1_0_,
        articlecom0_.article_id as article_7_1_0_,
        articlecom0_.content as content6_1_0_ 
    from
        article_comment articlecom0_ 
    where
        articlecom0_.article_id=? 
    order by
        articlecom0_.id
2023-08-24 12:35:19.567 TRACE 57967 --- [    Test worker] o.h.type.descriptor.sql.BasicBinder      : binding parameter [1] as [BIGINT] - [1]
Hibernate: 
    delete 
    from
        article_comment 
    where
        id=?
2023-08-24 12:35:19.592 TRACE 57967 --- [    Test worker] o.h.type.descriptor.sql.BasicBinder      : binding parameter [1] as [BIGINT] - [2]
Hibernate: 
    delete 
    from
        article_comment 
    where
        id=?
2023-08-24 12:35:19.596 TRACE 57967 --- [    Test worker] o.h.type.descriptor.sql.BasicBinder      : binding parameter [1] as [BIGINT] - [55]
Hibernate: 
    delete 
    from
        article_comment 
    where
        id=?
2023-08-24 12:35:19.597 TRACE 57967 --- [    Test worker] o.h.type.descriptor.sql.BasicBinder      : binding parameter [1] as [BIGINT] - [82]
Hibernate: 
    delete 
    from
        article 
    where
        id=?
2023-08-24 12:35:19.599 TRACE 57967 --- [    Test worker] o.h.type.descriptor.sql.BasicBinder      : binding parameter [1] as [BIGINT] - [1]
Hibernate: 
    select
        count(*) as col_0_0_ 
    from
        article article0_
2023-08-24 12:35:19.606  INFO 57967 --- [    Test worker] o.s.t.c.transaction.TransactionContext   : Rolled back transaction for test: [DefaultTestContext@11ed241c testClass = JpaRepositoryTest, testInstance = com.toyproject.boardproject.repository.JpaRepositoryTest@1881ef74, testMethod = givenTestData_WhenDeleting_thenWorksFine@JpaRepositoryTest, testException = [null], mergedContextConfiguration = [MergedContextConfiguration@74ae2dec testClass = JpaRepositoryTest, locations = '{}', classes = '{class com.toyproject.boardproject.BoardProjectApplication}', contextInitializerClasses = '[]', activeProfiles = '{testdb}', propertySourceLocations = '{}', propertySourceProperties = '{org.springframework.boot.test.autoconfigure.orm.jpa.DataJpaTestContextBootstrapper=true}', contextCustomizers = set[org.springframework.boot.test.autoconfigure.OverrideAutoConfigurationContextCustomizerFactory$DisableAutoConfigurationContextCustomizer@4af8ff3, org.springframework.boot.test.autoconfigure.actuate.metrics.MetricsExportContextCustomizerFactory$DisableMetricExportContextCustomizer@4ce1d6d0, org.springframework.boot.test.autoconfigure.filter.TypeExcludeFiltersContextCustomizer@351584c0, org.springframework.boot.test.autoconfigure.properties.PropertyMappingContextCustomizer@bedca40b, org.springframework.boot.test.autoconfigure.web.servlet.WebDriverContextCustomizerFactory$Customizer@7776ab, [ImportsContextCustomizer@36aacc46 key = [org.springframework.boot.autoconfigure.cache.CacheAutoConfiguration, org.springframework.boot.autoconfigure.data.jpa.JpaRepositoriesAutoConfiguration, org.springframework.boot.autoconfigure.flyway.FlywayAutoConfiguration, org.springframework.boot.autoconfigure.jdbc.DataSourceAutoConfiguration, org.springframework.boot.autoconfigure.jdbc.DataSourceTransactionManagerAutoConfiguration, org.springframework.boot.autoconfigure.jdbc.JdbcTemplateAutoConfiguration, org.springframework.boot.autoconfigure.liquibase.LiquibaseAutoConfiguration, org.springframework.boot.autoconfigure.orm.jpa.HibernateJpaAutoConfiguration, org.springframework.boot.autoconfigure.sql.init.SqlInitializationAutoConfiguration, org.springframework.boot.autoconfigure.transaction.TransactionAutoConfiguration, org.springframework.boot.test.autoconfigure.jdbc.TestDatabaseAutoConfiguration, org.springframework.boot.test.autoconfigure.orm.jpa.TestEntityManagerAutoConfiguration, com.toyproject.boardproject.config.JpaConfig]], org.springframework.boot.test.context.filter.ExcludeFilterContextCustomizer@51acdf2e, org.springframework.boot.test.json.DuplicateJsonObjectContextCustomizerFactory$DuplicateJsonObjectContextCustomizer@3a0baae5, org.springframework.boot.test.mock.mockito.MockitoContextCustomizer@0, org.springframework.boot.test.context.SpringBootTestArgs@1, org.springframework.boot.test.context.SpringBootTestWebEnvironment@0], contextLoader = 'org.springframework.boot.test.context.SpringBootContextLoader', parent = [null]], attributes = map['org.springframework.test.context.event.ApplicationEventsTestExecutionListener.recordApplicationEvents' -> false]]
2023-08-24 12:35:19.612  INFO 57967 --- [    Test worker] o.s.t.c.transaction.TransactionContext   : Began transaction (1) for test context [DefaultTestContext@11ed241c testClass = JpaRepositoryTest, testInstance = com.toyproject.boardproject.repository.JpaRepositoryTest@402cdec9, testMethod = givenTestData_whenSelecting_thenWorksFine@JpaRepositoryTest, testException = [null], mergedContextConfiguration = [MergedContextConfiguration@74ae2dec testClass = JpaRepositoryTest, locations = '{}', classes = '{class com.toyproject.boardproject.BoardProjectApplication}', contextInitializerClasses = '[]', activeProfiles = '{testdb}', propertySourceLocations = '{}', propertySourceProperties = '{org.springframework.boot.test.autoconfigure.orm.jpa.DataJpaTestContextBootstrapper=true}', contextCustomizers = set[org.springframework.boot.test.autoconfigure.OverrideAutoConfigurationContextCustomizerFactory$DisableAutoConfigurationContextCustomizer@4af8ff3, org.springframework.boot.test.autoconfigure.actuate.metrics.MetricsExportContextCustomizerFactory$DisableMetricExportContextCustomizer@4ce1d6d0, org.springframework.boot.test.autoconfigure.filter.TypeExcludeFiltersContextCustomizer@351584c0, org.springframework.boot.test.autoconfigure.properties.PropertyMappingContextCustomizer@bedca40b, org.springframework.boot.test.autoconfigure.web.servlet.WebDriverContextCustomizerFactory$Customizer@7776ab, [ImportsContextCustomizer@36aacc46 key = [org.springframework.boot.autoconfigure.cache.CacheAutoConfiguration, org.springframework.boot.autoconfigure.data.jpa.JpaRepositoriesAutoConfiguration, org.springframework.boot.autoconfigure.flyway.FlywayAutoConfiguration, org.springframework.boot.autoconfigure.jdbc.DataSourceAutoConfiguration, org.springframework.boot.autoconfigure.jdbc.DataSourceTransactionManagerAutoConfiguration, org.springframework.boot.autoconfigure.jdbc.JdbcTemplateAutoConfiguration, org.springframework.boot.autoconfigure.liquibase.LiquibaseAutoConfiguration, org.springframework.boot.autoconfigure.orm.jpa.HibernateJpaAutoConfiguration, org.springframework.boot.autoconfigure.sql.init.SqlInitializationAutoConfiguration, org.springframework.boot.autoconfigure.transaction.TransactionAutoConfiguration, org.springframework.boot.test.autoconfigure.jdbc.TestDatabaseAutoConfiguration, org.springframework.boot.test.autoconfigure.orm.jpa.TestEntityManagerAutoConfiguration, com.toyproject.boardproject.config.JpaConfig]], org.springframework.boot.test.context.filter.ExcludeFilterContextCustomizer@51acdf2e, org.springframework.boot.test.json.DuplicateJsonObjectContextCustomizerFactory$DuplicateJsonObjectContextCustomizer@3a0baae5, org.springframework.boot.test.mock.mockito.MockitoContextCustomizer@0, org.springframework.boot.test.context.SpringBootTestArgs@1, org.springframework.boot.test.context.SpringBootTestWebEnvironment@0], contextLoader = 'org.springframework.boot.test.context.SpringBootContextLoader', parent = [null]], attributes = map['org.springframework.test.context.event.ApplicationEventsTestExecutionListener.recordApplicationEvents' -> false]]; transaction manager [org.springframework.orm.jpa.JpaTransactionManager@6cf58989]; rollback [true]
Hibernate: 
    select
        article0_.id as id1_0_,
        article0_.created_at as created_2_0_,
        article0_.created_by as created_3_0_,
        article0_.modified_at as modified4_0_,
        article0_.modified_by as modified5_0_,
        article0_.content as content6_0_,
        article0_.hashtag as hashtag7_0_,
        article0_.title as title8_0_ 
    from
        article article0_
Hibernate: 
    select
        article0_.id as id1_0_,
        article0_.created_at as created_2_0_,
        article0_.created_by as created_3_0_,
        article0_.modified_at as modified4_0_,
        article0_.modified_by as modified5_0_,
        article0_.content as content6_0_,
        article0_.hashtag as hashtag7_0_,
        article0_.title as title8_0_ 
    from
        article article0_
Article(id=1, title=Phasellus id sapien in sapien iaculis congue., content=In hac habitasse platea dictumst. Morbi vestibulum, velit id pretium iaculis, diam erat fermentum justo, nec condimentum neque sapien placerat ante. Nulla justo., hashtag=Aquamarine)
Article(id=2, title=Aliquam augue quam, sollicitudin vitae, consectetuer eget, rutrum at, lorem., content=Fusce consequat. Nulla nisl. Nunc nisl., hashtag=Aquamarine)
Article(id=3, title=Phasellus in felis., content=Duis bibendum, felis sed interdum venenatis, turpis enim blandit mi, in porttitor pede justo eu massa. Donec dapibus. Duis at velit eu est congue elementum., hashtag=Green)
Article(id=4, title=Proin interdum mauris non ligula pellentesque ultrices., content=Lorem ipsum dolor sit amet, consectetuer adipiscing elit. Proin risus. Praesent lectus., hashtag=Puce)
Article(id=5, title=Vestibulum quam sapien, varius ut, blandit non, interdum in, ante., content=In quis justo. Maecenas rhoncus aliquam lacus. Morbi quis tortor id nulla ultrices aliquet., hashtag=Turquoise)
Article(id=6, title=Integer non velit., content=Donec diam neque, vestibulum eget, vulputate ut, ultrices vel, augue. Vestibulum ante ipsum primis in faucibus orci luctus et ultrices posuere cubilia Curae; Donec pharetra, magna vestibulum aliquet ultrices, erat tortor sollicitudin mi, sit amet lobortis sapien sapien non mi. Integer ac neque., hashtag=Turquoise)
Article(id=7, title=Cras pellentesque volutpat dui., content=Morbi non lectus. Aliquam sit amet diam in magna bibendum imperdiet. Nullam orci pede, venenatis non, sodales sed, tincidunt eu, felis., hashtag=Teal)
Article(id=8, title=Integer non velit., content=Aenean fermentum. Donec ut mauris eget massa tempor convallis. Nulla neque libero, convallis eget, eleifend luctus, ultricies eu, nibh., hashtag=Violet)
Article(id=9, title=In est risus, auctor sed, tristique in, tempus sit amet, sem., content=Curabitur gravida nisi at nibh. In hac habitasse platea dictumst. Aliquam augue quam, sollicitudin vitae, consectetuer eget, rutrum at, lorem., hashtag=Mauv)
Article(id=10, title=Cum sociis natoque penatibus et magnis dis parturient montes, nascetur ridiculus mus., content=Nullam sit amet turpis elementum ligula vehicula consequat. Morbi a ipsum. Integer a nibh., hashtag=Purple)
Article(id=11, title=Etiam justo., content=Duis bibendum. Morbi non quam nec dui luctus rutrum. Nulla tellus., hashtag=Mauv)
Article(id=12, title=Nam tristique tortor eu pede., content=Mauris enim leo, rhoncus sed, vestibulum sit amet, cursus id, turpis. Integer aliquet, massa id lobortis convallis, tortor risus dapibus augue, vel accumsan tellus nisi eu orci. Mauris lacinia sapien quis libero., hashtag=Khaki)
Article(id=13, title=Sed sagittis., content=Suspendisse potenti. In eleifend quam a odio. In hac habitasse platea dictumst., hashtag=Yellow)
Article(id=14, title=In hac habitasse platea dictumst., content=Integer ac leo. Pellentesque ultrices mattis odio. Donec vitae nisi., hashtag=Green)
Article(id=15, title=Aenean lectus., content=Quisque porta volutpat erat. Quisque erat eros, viverra eget, congue eget, semper rutrum, nulla. Nunc purus., hashtag=Crimson)
Article(id=16, title=Nulla nisl., content=Quisque porta volutpat erat. Quisque erat eros, viverra eget, congue eget, semper rutrum, nulla. Nunc purus., hashtag=Violet)
Article(id=17, title=Curabitur at ipsum ac tellus semper interdum., content=Duis aliquam convallis nunc. Proin at turpis a pede posuere nonummy. Integer non velit., hashtag=Goldenrod)
Article(id=18, title=Donec odio justo, sollicitudin ut, suscipit a, feugiat et, eros., content=Proin eu mi. Nulla ac enim. In tempor, turpis nec euismod scelerisque, quam turpis adipiscing lorem, vitae mattis nibh ligula nec sem., hashtag=Orange)
Article(id=19, title=Maecenas pulvinar lobortis est., content=Sed ante. Vivamus tortor. Duis mattis egestas metus., hashtag=Khaki)
Article(id=20, title=Etiam pretium iaculis justo., content=Cras non velit nec nisi vulputate nonummy. Maecenas tincidunt lacus at velit. Vivamus vel nulla eget eros elementum pellentesque., hashtag=Yellow)
Article(id=21, title=Quisque id justo sit amet sapien dignissim vestibulum., content=Duis aliquam convallis nunc. Proin at turpis a pede posuere nonummy. Integer non velit., hashtag=Teal)
Article(id=22, title=Nullam molestie nibh in lectus., content=In hac habitasse platea dictumst. Morbi vestibulum, velit id pretium iaculis, diam erat fermentum justo, nec condimentum neque sapien placerat ante. Nulla justo., hashtag=Teal)
Article(id=23, title=Sed ante., content=Praesent blandit. Nam nulla. Integer pede justo, lacinia eget, tincidunt eget, tempus vel, pede., hashtag=Fuscia)
Article(id=24, title=Cras mi pede, malesuada in, imperdiet et, commodo vulputate, justo., content=Morbi non lectus. Aliquam sit amet diam in magna bibendum imperdiet. Nullam orci pede, venenatis non, sodales sed, tincidunt eu, felis., hashtag=Crimson)
Article(id=25, title=Aliquam augue quam, sollicitudin vitae, consectetuer eget, rutrum at, lorem., content=Fusce consequat. Nulla nisl. Nunc nisl., hashtag=Orange)
Article(id=26, title=Morbi non quam nec dui luctus rutrum., content=Lorem ipsum dolor sit amet, consectetuer adipiscing elit. Proin risus. Praesent lectus., hashtag=Turquoise)
Article(id=27, title=Cum sociis natoque penatibus et magnis dis parturient montes, nascetur ridiculus mus., content=Proin eu mi. Nulla ac enim. In tempor, turpis nec euismod scelerisque, quam turpis adipiscing lorem, vitae mattis nibh ligula nec sem., hashtag=Blue)
Article(id=28, title=Integer pede justo, lacinia eget, tincidunt eget, tempus vel, pede., content=Quisque porta volutpat erat. Quisque erat eros, viverra eget, congue eget, semper rutrum, nulla. Nunc purus., hashtag=Orange)
Article(id=29, title=Phasellus id sapien in sapien iaculis congue., content=Phasellus sit amet erat. Nulla tempus. Vivamus in felis eu sapien cursus vestibulum., hashtag=Pink)
Article(id=30, title=Fusce lacus purus, aliquet at, feugiat non, pretium quis, lectus., content=Curabitur at ipsum ac tellus semper interdum. Mauris ullamcorper purus sit amet nulla. Quisque arcu libero, rutrum ac, lobortis vel, dapibus at, diam., hashtag=Goldenrod)
2023-08-24 12:35:19.653  INFO 57967 --- [    Test worker] o.s.t.c.transaction.TransactionContext   : Rolled back transaction for test: [DefaultTestContext@11ed241c testClass = JpaRepositoryTest, testInstance = com.toyproject.boardproject.repository.JpaRepositoryTest@402cdec9, testMethod = givenTestData_whenSelecting_thenWorksFine@JpaRepositoryTest, testException = [null], mergedContextConfiguration = [MergedContextConfiguration@74ae2dec testClass = JpaRepositoryTest, locations = '{}', classes = '{class com.toyproject.boardproject.BoardProjectApplication}', contextInitializerClasses = '[]', activeProfiles = '{testdb}', propertySourceLocations = '{}', propertySourceProperties = '{org.springframework.boot.test.autoconfigure.orm.jpa.DataJpaTestContextBootstrapper=true}', contextCustomizers = set[org.springframework.boot.test.autoconfigure.OverrideAutoConfigurationContextCustomizerFactory$DisableAutoConfigurationContextCustomizer@4af8ff3, org.springframework.boot.test.autoconfigure.actuate.metrics.MetricsExportContextCustomizerFactory$DisableMetricExportContextCustomizer@4ce1d6d0, org.springframework.boot.test.autoconfigure.filter.TypeExcludeFiltersContextCustomizer@351584c0, org.springframework.boot.test.autoconfigure.properties.PropertyMappingContextCustomizer@bedca40b, org.springframework.boot.test.autoconfigure.web.servlet.WebDriverContextCustomizerFactory$Customizer@7776ab, [ImportsContextCustomizer@36aacc46 key = [org.springframework.boot.autoconfigure.cache.CacheAutoConfiguration, org.springframework.boot.autoconfigure.data.jpa.JpaRepositoriesAutoConfiguration, org.springframework.boot.autoconfigure.flyway.FlywayAutoConfiguration, org.springframework.boot.autoconfigure.jdbc.DataSourceAutoConfiguration, org.springframework.boot.autoconfigure.jdbc.DataSourceTransactionManagerAutoConfiguration, org.springframework.boot.autoconfigure.jdbc.JdbcTemplateAutoConfiguration, org.springframework.boot.autoconfigure.liquibase.LiquibaseAutoConfiguration, org.springframework.boot.autoconfigure.orm.jpa.HibernateJpaAutoConfiguration, org.springframework.boot.autoconfigure.sql.init.SqlInitializationAutoConfiguration, org.springframework.boot.autoconfigure.transaction.TransactionAutoConfiguration, org.springframework.boot.test.autoconfigure.jdbc.TestDatabaseAutoConfiguration, org.springframework.boot.test.autoconfigure.orm.jpa.TestEntityManagerAutoConfiguration, com.toyproject.boardproject.config.JpaConfig]], org.springframework.boot.test.context.filter.ExcludeFilterContextCustomizer@51acdf2e, org.springframework.boot.test.json.DuplicateJsonObjectContextCustomizerFactory$DuplicateJsonObjectContextCustomizer@3a0baae5, org.springframework.boot.test.mock.mockito.MockitoContextCustomizer@0, org.springframework.boot.test.context.SpringBootTestArgs@1, org.springframework.boot.test.context.SpringBootTestWebEnvironment@0], contextLoader = 'org.springframework.boot.test.context.SpringBootContextLoader', parent = [null]], attributes = map['org.springframework.test.context.event.ApplicationEventsTestExecutionListener.recordApplicationEvents' -> false]]
2023-08-24 12:35:19.659  INFO 57967 --- [    Test worker] o.s.t.c.transaction.TransactionContext   : Began transaction (1) for test context [DefaultTestContext@11ed241c testClass = JpaRepositoryTest, testInstance = com.toyproject.boardproject.repository.JpaRepositoryTest@3c247c8d, testMethod = givenTestData_whenUpdating_thenWorksFine@JpaRepositoryTest, testException = [null], mergedContextConfiguration = [MergedContextConfiguration@74ae2dec testClass = JpaRepositoryTest, locations = '{}', classes = '{class com.toyproject.boardproject.BoardProjectApplication}', contextInitializerClasses = '[]', activeProfiles = '{testdb}', propertySourceLocations = '{}', propertySourceProperties = '{org.springframework.boot.test.autoconfigure.orm.jpa.DataJpaTestContextBootstrapper=true}', contextCustomizers = set[org.springframework.boot.test.autoconfigure.OverrideAutoConfigurationContextCustomizerFactory$DisableAutoConfigurationContextCustomizer@4af8ff3, org.springframework.boot.test.autoconfigure.actuate.metrics.MetricsExportContextCustomizerFactory$DisableMetricExportContextCustomizer@4ce1d6d0, org.springframework.boot.test.autoconfigure.filter.TypeExcludeFiltersContextCustomizer@351584c0, org.springframework.boot.test.autoconfigure.properties.PropertyMappingContextCustomizer@bedca40b, org.springframework.boot.test.autoconfigure.web.servlet.WebDriverContextCustomizerFactory$Customizer@7776ab, [ImportsContextCustomizer@36aacc46 key = [org.springframework.boot.autoconfigure.cache.CacheAutoConfiguration, org.springframework.boot.autoconfigure.data.jpa.JpaRepositoriesAutoConfiguration, org.springframework.boot.autoconfigure.flyway.FlywayAutoConfiguration, org.springframework.boot.autoconfigure.jdbc.DataSourceAutoConfiguration, org.springframework.boot.autoconfigure.jdbc.DataSourceTransactionManagerAutoConfiguration, org.springframework.boot.autoconfigure.jdbc.JdbcTemplateAutoConfiguration, org.springframework.boot.autoconfigure.liquibase.LiquibaseAutoConfiguration, org.springframework.boot.autoconfigure.orm.jpa.HibernateJpaAutoConfiguration, org.springframework.boot.autoconfigure.sql.init.SqlInitializationAutoConfiguration, org.springframework.boot.autoconfigure.transaction.TransactionAutoConfiguration, org.springframework.boot.test.autoconfigure.jdbc.TestDatabaseAutoConfiguration, org.springframework.boot.test.autoconfigure.orm.jpa.TestEntityManagerAutoConfiguration, com.toyproject.boardproject.config.JpaConfig]], org.springframework.boot.test.context.filter.ExcludeFilterContextCustomizer@51acdf2e, org.springframework.boot.test.json.DuplicateJsonObjectContextCustomizerFactory$DuplicateJsonObjectContextCustomizer@3a0baae5, org.springframework.boot.test.mock.mockito.MockitoContextCustomizer@0, org.springframework.boot.test.context.SpringBootTestArgs@1, org.springframework.boot.test.context.SpringBootTestWebEnvironment@0], contextLoader = 'org.springframework.boot.test.context.SpringBootContextLoader', parent = [null]], attributes = map['org.springframework.test.context.event.ApplicationEventsTestExecutionListener.recordApplicationEvents' -> false]]; transaction manager [org.springframework.orm.jpa.JpaTransactionManager@6cf58989]; rollback [true]
Hibernate: 
    select
        article0_.id as id1_0_0_,
        article0_.created_at as created_2_0_0_,
        article0_.created_by as created_3_0_0_,
        article0_.modified_at as modified4_0_0_,
        article0_.modified_by as modified5_0_0_,
        article0_.content as content6_0_0_,
        article0_.hashtag as hashtag7_0_0_,
        article0_.title as title8_0_0_ 
    from
        article article0_ 
    where
        article0_.id=?
2023-08-24 12:35:19.663 TRACE 57967 --- [    Test worker] o.h.type.descriptor.sql.BasicBinder      : binding parameter [1] as [BIGINT] - [1]
Hibernate: 
    update
        article 
    set
        created_by=?,
        modified_at=?,
        modified_by=?,
        content=?,
        hashtag=?,
        title=? 
    where
        id=?
2023-08-24 12:35:19.675 TRACE 57967 --- [    Test worker] o.h.type.descriptor.sql.BasicBinder      : binding parameter [1] as [VARCHAR] - [Daphene]
2023-08-24 12:35:19.675 TRACE 57967 --- [    Test worker] o.h.type.descriptor.sql.BasicBinder      : binding parameter [2] as [TIMESTAMP] - [2023-08-24T12:35:19.669976]
2023-08-24 12:35:19.675 TRACE 57967 --- [    Test worker] o.h.type.descriptor.sql.BasicBinder      : binding parameter [3] as [VARCHAR] - [yuseon]
2023-08-24 12:35:19.676 TRACE 57967 --- [    Test worker] o.h.type.descriptor.sql.BasicBinder      : binding parameter [4] as [VARCHAR] - [In hac habitasse platea dictumst. Morbi vestibulum, velit id pretium iaculis, diam erat fermentum justo, nec condimentum neque sapien placerat ante. Nulla justo.]
2023-08-24 12:35:19.676 TRACE 57967 --- [    Test worker] o.h.type.descriptor.sql.BasicBinder      : binding parameter [5] as [VARCHAR] - [#springBoot]
2023-08-24 12:35:19.676 TRACE 57967 --- [    Test worker] o.h.type.descriptor.sql.BasicBinder      : binding parameter [6] as [VARCHAR] - [Phasellus id sapien in sapien iaculis congue.]
2023-08-24 12:35:19.676 TRACE 57967 --- [    Test worker] o.h.type.descriptor.sql.BasicBinder      : binding parameter [7] as [BIGINT] - [1]
Hibernate: 
    select
        article0_.id as id1_0_,
        article0_.created_at as created_2_0_,
        article0_.created_by as created_3_0_,
        article0_.modified_at as modified4_0_,
        article0_.modified_by as modified5_0_,
        article0_.content as content6_0_,
        article0_.hashtag as hashtag7_0_,
        article0_.title as title8_0_ 
    from
        article article0_
Article(id=1, title=Phasellus id sapien in sapien iaculis congue., content=In hac habitasse platea dictumst. Morbi vestibulum, velit id pretium iaculis, diam erat fermentum justo, nec condimentum neque sapien placerat ante. Nulla justo., hashtag=#springBoot)
Article(id=2, title=Aliquam augue quam, sollicitudin vitae, consectetuer eget, rutrum at, lorem., content=Fusce consequat. Nulla nisl. Nunc nisl., hashtag=Aquamarine)
Article(id=3, title=Phasellus in felis., content=Duis bibendum, felis sed interdum venenatis, turpis enim blandit mi, in porttitor pede justo eu massa. Donec dapibus. Duis at velit eu est congue elementum., hashtag=Green)
Article(id=4, title=Proin interdum mauris non ligula pellentesque ultrices., content=Lorem ipsum dolor sit amet, consectetuer adipiscing elit. Proin risus. Praesent lectus., hashtag=Puce)
Article(id=5, title=Vestibulum quam sapien, varius ut, blandit non, interdum in, ante., content=In quis justo. Maecenas rhoncus aliquam lacus. Morbi quis tortor id nulla ultrices aliquet., hashtag=Turquoise)
Article(id=6, title=Integer non velit., content=Donec diam neque, vestibulum eget, vulputate ut, ultrices vel, augue. Vestibulum ante ipsum primis in faucibus orci luctus et ultrices posuere cubilia Curae; Donec pharetra, magna vestibulum aliquet ultrices, erat tortor sollicitudin mi, sit amet lobortis sapien sapien non mi. Integer ac neque., hashtag=Turquoise)
Article(id=7, title=Cras pellentesque volutpat dui., content=Morbi non lectus. Aliquam sit amet diam in magna bibendum imperdiet. Nullam orci pede, venenatis non, sodales sed, tincidunt eu, felis., hashtag=Teal)
Article(id=8, title=Integer non velit., content=Aenean fermentum. Donec ut mauris eget massa tempor convallis. Nulla neque libero, convallis eget, eleifend luctus, ultricies eu, nibh., hashtag=Violet)
Article(id=9, title=In est risus, auctor sed, tristique in, tempus sit amet, sem., content=Curabitur gravida nisi at nibh. In hac habitasse platea dictumst. Aliquam augue quam, sollicitudin vitae, consectetuer eget, rutrum at, lorem., hashtag=Mauv)
Article(id=10, title=Cum sociis natoque penatibus et magnis dis parturient montes, nascetur ridiculus mus., content=Nullam sit amet turpis elementum ligula vehicula consequat. Morbi a ipsum. Integer a nibh., hashtag=Purple)
Article(id=11, title=Etiam justo., content=Duis bibendum. Morbi non quam nec dui luctus rutrum. Nulla tellus., hashtag=Mauv)
Article(id=12, title=Nam tristique tortor eu pede., content=Mauris enim leo, rhoncus sed, vestibulum sit amet, cursus id, turpis. Integer aliquet, massa id lobortis convallis, tortor risus dapibus augue, vel accumsan tellus nisi eu orci. Mauris lacinia sapien quis libero., hashtag=Khaki)
Article(id=13, title=Sed sagittis., content=Suspendisse potenti. In eleifend quam a odio. In hac habitasse platea dictumst., hashtag=Yellow)
Article(id=14, title=In hac habitasse platea dictumst., content=Integer ac leo. Pellentesque ultrices mattis odio. Donec vitae nisi., hashtag=Green)
Article(id=15, title=Aenean lectus., content=Quisque porta volutpat erat. Quisque erat eros, viverra eget, congue eget, semper rutrum, nulla. Nunc purus., hashtag=Crimson)
Article(id=16, title=Nulla nisl., content=Quisque porta volutpat erat. Quisque erat eros, viverra eget, congue eget, semper rutrum, nulla. Nunc purus., hashtag=Violet)
Article(id=17, title=Curabitur at ipsum ac tellus semper interdum., content=Duis aliquam convallis nunc. Proin at turpis a pede posuere nonummy. Integer non velit., hashtag=Goldenrod)
Article(id=18, title=Donec odio justo, sollicitudin ut, suscipit a, feugiat et, eros., content=Proin eu mi. Nulla ac enim. In tempor, turpis nec euismod scelerisque, quam turpis adipiscing lorem, vitae mattis nibh ligula nec sem., hashtag=Orange)
Article(id=19, title=Maecenas pulvinar lobortis est., content=Sed ante. Vivamus tortor. Duis mattis egestas metus., hashtag=Khaki)
Article(id=20, title=Etiam pretium iaculis justo., content=Cras non velit nec nisi vulputate nonummy. Maecenas tincidunt lacus at velit. Vivamus vel nulla eget eros elementum pellentesque., hashtag=Yellow)
Article(id=21, title=Quisque id justo sit amet sapien dignissim vestibulum., content=Duis aliquam convallis nunc. Proin at turpis a pede posuere nonummy. Integer non velit., hashtag=Teal)
Article(id=22, title=Nullam molestie nibh in lectus., content=In hac habitasse platea dictumst. Morbi vestibulum, velit id pretium iaculis, diam erat fermentum justo, nec condimentum neque sapien placerat ante. Nulla justo., hashtag=Teal)
Article(id=23, title=Sed ante., content=Praesent blandit. Nam nulla. Integer pede justo, lacinia eget, tincidunt eget, tempus vel, pede., hashtag=Fuscia)
Article(id=24, title=Cras mi pede, malesuada in, imperdiet et, commodo vulputate, justo., content=Morbi non lectus. Aliquam sit amet diam in magna bibendum imperdiet. Nullam orci pede, venenatis non, sodales sed, tincidunt eu, felis., hashtag=Crimson)
Article(id=25, title=Aliquam augue quam, sollicitudin vitae, consectetuer eget, rutrum at, lorem., content=Fusce consequat. Nulla nisl. Nunc nisl., hashtag=Orange)
Article(id=26, title=Morbi non quam nec dui luctus rutrum., content=Lorem ipsum dolor sit amet, consectetuer adipiscing elit. Proin risus. Praesent lectus., hashtag=Turquoise)
Article(id=27, title=Cum sociis natoque penatibus et magnis dis parturient montes, nascetur ridiculus mus., content=Proin eu mi. Nulla ac enim. In tempor, turpis nec euismod scelerisque, quam turpis adipiscing lorem, vitae mattis nibh ligula nec sem., hashtag=Blue)
Article(id=28, title=Integer pede justo, lacinia eget, tincidunt eget, tempus vel, pede., content=Quisque porta volutpat erat. Quisque erat eros, viverra eget, congue eget, semper rutrum, nulla. Nunc purus., hashtag=Orange)
Article(id=29, title=Phasellus id sapien in sapien iaculis congue., content=Phasellus sit amet erat. Nulla tempus. Vivamus in felis eu sapien cursus vestibulum., hashtag=Pink)
Article(id=30, title=Fusce lacus purus, aliquet at, feugiat non, pretium quis, lectus., content=Curabitur at ipsum ac tellus semper interdum. Mauris ullamcorper purus sit amet nulla. Quisque arcu libero, rutrum ac, lobortis vel, dapibus at, diam., hashtag=Goldenrod)
2023-08-24 12:35:19.700  INFO 57967 --- [    Test worker] o.s.t.c.transaction.TransactionContext   : Rolled back transaction for test: [DefaultTestContext@11ed241c testClass = JpaRepositoryTest, testInstance = com.toyproject.boardproject.repository.JpaRepositoryTest@3c247c8d, testMethod = givenTestData_whenUpdating_thenWorksFine@JpaRepositoryTest, testException = [null], mergedContextConfiguration = [MergedContextConfiguration@74ae2dec testClass = JpaRepositoryTest, locations = '{}', classes = '{class com.toyproject.boardproject.BoardProjectApplication}', contextInitializerClasses = '[]', activeProfiles = '{testdb}', propertySourceLocations = '{}', propertySourceProperties = '{org.springframework.boot.test.autoconfigure.orm.jpa.DataJpaTestContextBootstrapper=true}', contextCustomizers = set[org.springframework.boot.test.autoconfigure.OverrideAutoConfigurationContextCustomizerFactory$DisableAutoConfigurationContextCustomizer@4af8ff3, org.springframework.boot.test.autoconfigure.actuate.metrics.MetricsExportContextCustomizerFactory$DisableMetricExportContextCustomizer@4ce1d6d0, org.springframework.boot.test.autoconfigure.filter.TypeExcludeFiltersContextCustomizer@351584c0, org.springframework.boot.test.autoconfigure.properties.PropertyMappingContextCustomizer@bedca40b, org.springframework.boot.test.autoconfigure.web.servlet.WebDriverContextCustomizerFactory$Customizer@7776ab, [ImportsContextCustomizer@36aacc46 key = [org.springframework.boot.autoconfigure.cache.CacheAutoConfiguration, org.springframework.boot.autoconfigure.data.jpa.JpaRepositoriesAutoConfiguration, org.springframework.boot.autoconfigure.flyway.FlywayAutoConfiguration, org.springframework.boot.autoconfigure.jdbc.DataSourceAutoConfiguration, org.springframework.boot.autoconfigure.jdbc.DataSourceTransactionManagerAutoConfiguration, org.springframework.boot.autoconfigure.jdbc.JdbcTemplateAutoConfiguration, org.springframework.boot.autoconfigure.liquibase.LiquibaseAutoConfiguration, org.springframework.boot.autoconfigure.orm.jpa.HibernateJpaAutoConfiguration, org.springframework.boot.autoconfigure.sql.init.SqlInitializationAutoConfiguration, org.springframework.boot.autoconfigure.transaction.TransactionAutoConfiguration, org.springframework.boot.test.autoconfigure.jdbc.TestDatabaseAutoConfiguration, org.springframework.boot.test.autoconfigure.orm.jpa.TestEntityManagerAutoConfiguration, com.toyproject.boardproject.config.JpaConfig]], org.springframework.boot.test.context.filter.ExcludeFilterContextCustomizer@51acdf2e, org.springframework.boot.test.json.DuplicateJsonObjectContextCustomizerFactory$DuplicateJsonObjectContextCustomizer@3a0baae5, org.springframework.boot.test.mock.mockito.MockitoContextCustomizer@0, org.springframework.boot.test.context.SpringBootTestArgs@1, org.springframework.boot.test.context.SpringBootTestWebEnvironment@0], contextLoader = 'org.springframework.boot.test.context.SpringBootContextLoader', parent = [null]], attributes = map['org.springframework.test.context.event.ApplicationEventsTestExecutionListener.recordApplicationEvents' -> false]]
]]></system-out>
  <system-err><![CDATA[]]></system-err>
</testsuite>
